2021   244  0  353.8
2021   244  1  352.2
2021   244  2  345.8
2021   244  3  348.3
2021   244  4  9999.0
2021   244  5  377.2
2021   244  6  341.5
2021   244  7  341.4
2021   244  8  341.7
2021   244  9  352.1
2021   244  10  349.2
2021   244  11  357.0
2021   244  12  365.1
2021   244  13  9999.0
2021   244  14  351.7
2021   244  15  362.4
2021   244  16  9999.0
2021   244  17  9999.0
2021   244  18  9999.0
2021   244  19  9999.0
2021   244  20  9999.0
2021   244  21  9999.0
2021   244  22  9999.0
2021   244  23  9999.0
2021   245  0  9999.0
2021   245  1  9999.0
2021   245  2  9999.0
2021   245  3  9999.0
2021   245  4  9999.0
2021   245  5  9999.0
2021   245  6  9999.0
2021   245  7  9999.0
2021   245  8  9999.0
2021   245  9  9999.0
2021   245  10  9999.0
2021   245  11  9999.0
2021   245  12  9999.0
2021   245  13  9999.0
2021   245  14  9999.0
2021   245  15  9999.0
2021   245  16  9999.0
2021   245  17  9999.0
2021   245  18  365.3
2021   245  19  366.4
2021   245  20  372.6
2021   245  21  9999.0
2021   245  22  366.2
2021   245  23  363.4
2021   246  0  368.0
2021   246  1  381.8
2021   246  2  386.0
2021   246  3  388.4
2021   246  4  385.4
2021   246  5  384.9
2021   246  6  393.2
2021   246  7  395.1
2021   246  8  391.4
2021   246  9  393.9
2021   246  10  392.5
2021   246  11  399.1
2021   246  12  400.9
2021   246  13  388.9
2021   246  14  402.2
2021   246  15  404.0
2021   246  16  403.1
2021   246  17  391.9
2021   246  18  402.8
2021   246  19  401.8
2021   246  20  399.9
2021   246  21  399.9
2021   246  22  398.5
2021   246  23  398.5
2021   247  0  398.7
2021   247  1  405.5
2021   247  2  425.3
2021   247  3  425.6
2021   247  4  424.0
2021   247  5  418.9
2021   247  6  417.3
2021   247  7  423.5
2021   247  8  430.1
2021   247  9  425.3
2021   247  10  413.0
2021   247  11  9999.0
2021   247  12  403.4
2021   247  13  395.4
2021   247  14  384.6
2021   247  15  372.9
2021   247  16  370.9
2021   247  17  373.6
2021   247  18  380.1
2021   247  19  382.7
2021   247  20  378.1
2021   247  21  379.8
2021   247  22  380.2
2021   247  23  382.5
2021   248  0  371.3
2021   248  1  367.1
2021   248  2  365.8
2021   248  3  361.0
2021   248  4  357.8
2021   248  5  355.9
2021   248  6  354.0
2021   248  7  355.8
2021   248  8  344.1
2021   248  9  331.7
2021   248  10  326.9
2021   248  11  9999.0
2021   248  12  337.0
2021   248  13  338.0
2021   248  14  336.9
2021   248  15  330.6
2021   248  16  323.9
2021   248  17  323.9
2021   248  18  320.6
2021   248  19  317.0
2021   248  20  304.6
2021   248  21  304.9
2021   248  22  306.4
2021   248  23  305.7
2021   249  0  309.8
2021   249  1  313.2
2021   249  2  315.7
2021   249  3  324.7
2021   249  4  334.5
2021   249  5  336.3
2021   249  6  337.2
2021   249  7  336.8
2021   249  8  334.6
2021   249  9  9999.0
2021   249  10  9999.0
2021   249  11  9999.0
2021   249  12  333.6
2021   249  13  334.7
2021   249  14  335.5
2021   249  15  323.8
2021   249  16  324.1
2021   249  17  317.1
2021   249  18  316.9
2021   249  19  311.5
2021   249  20  306.7
2021   249  21  302.1
2021   249  22  300.6
2021   249  23  302.1
2021   250  0  307.1
2021   250  1  311.7
2021   250  2  310.4
2021   250  3  312.6
2021   250  4  323.9
2021   250  5  316.5
2021   250  6  313.5
2021   250  7  317.1
2021   250  8  301.3
2021   250  9  9999.0
2021   250  10  9999.0
2021   250  11  320.2
2021   250  12  321.5
2021   250  13  358.5
2021   250  14  9999.0
2021   250  15  370.7
2021   250  16  366.9
2021   250  17  362.1
2021   250  18  365.3
2021   250  19  366.9
2021   250  20  377.5
2021   250  21  374.4
2021   250  22  368.7
2021   250  23  363.0
2021   251  0  359.3
2021   251  1  360.4
2021   251  2  359.6
2021   251  3  359.5
2021   251  4  365.9
2021   251  5  374.8
2021   251  6  386.0
2021   251  7  400.3
2021   251  8  408.2
2021   251  9  411.0
2021   251  10  420.7
2021   251  11  417.1
2021   251  12  399.4
2021   251  13  395.3
2021   251  14  397.4
2021   251  15  393.4
2021   251  16  399.7
2021   251  17  9999.0
2021   251  18  395.5
2021   251  19  394.5
2021   251  20  393.4
2021   251  21  395.8
2021   251  22  395.2
2021   251  23  396.0
2021   252  0  391.5
2021   252  1  394.2
2021   252  2  396.1
2021   252  3  399.6
2021   252  4  404.0
2021   252  5  394.0
2021   252  6  397.7
2021   252  7  403.7
2021   252  8  397.2
2021   252  9  399.8
2021   252  10  395.6
2021   252  11  391.4
2021   252  12  376.3
2021   252  13  370.8
2021   252  14  366.2
2021   252  15  369.2
2021   252  16  369.1
2021   252  17  371.5
2021   252  18  383.2
2021   252  19  373.7
2021   252  20  365.5
2021   252  21  361.9
2021   252  22  362.5
2021   252  23  366.1
2021   253  0  363.2
2021   253  1  370.0
2021   253  2  374.7
2021   253  3  371.3
2021   253  4  367.1
2021   253  5  368.8
2021   253  6  374.4
2021   253  7  375.5
2021   253  8  375.6
2021   253  9  372.5
2021   253  10  372.7
2021   253  11  367.6
2021   253  12  366.1
2021   253  13  357.6
2021   253  14  356.3
2021   253  15  362.2
2021   253  16  359.2
2021   253  17  357.1
2021   253  18  356.4
2021   253  19  354.6
2021   253  20  353.3
2021   253  21  349.7
2021   253  22  346.7
2021   253  23  357.0
2021   254  0  358.3
2021   254  1  358.1
2021   254  2  353.1
2021   254  3  349.3
2021   254  4  351.8
2021   254  5  352.2
2021   254  6  353.8
2021   254  7  348.3
2021   254  8  344.2
2021   254  9  337.7
2021   254  10  337.4
2021   254  11  335.4
2021   254  12  332.0
2021   254  13  322.4
2021   254  14  325.1
2021   254  15  323.5
2021   254  16  325.8
2021   254  17  340.5
2021   254  18  333.5
2021   254  19  332.3
2021   254  20  327.3
2021   254  21  330.3
2021   254  22  323.1
2021   254  23  312.3
2021   255  0  304.5
2021   255  1  302.9
2021   255  2  310.4
2021   255  3  317.2
2021   255  4  331.5
2021   255  5  337.0
2021   255  6  339.9
2021   255  7  336.4
2021   255  8  351.2
2021   255  9  364.2
2021   255  10  362.1
2021   255  11  361.0
2021   255  12  362.4
2021   255  13  367.6
2021   255  14  376.5
2021   255  15  375.5
2021   255  16  378.1
2021   255  17  375.6
2021   255  18  380.5
2021   255  19  391.1
2021   255  20  395.6
2021   255  21  405.1
2021   255  22  414.2
2021   255  23  414.6
2021   256  0  421.3
2021   256  1  419.2
2021   256  2  421.0
2021   256  3  430.3
2021   256  4  431.1
2021   256  5  446.3
2021   256  6  450.7
2021   256  7  459.0
2021   256  8  445.5
2021   256  9  460.0
2021   256  10  458.5
2021   256  11  457.0
2021   256  12  444.5
2021   256  13  446.2
2021   256  14  9999.0
2021   256  15  473.5
2021   256  16  486.5
2021   256  17  482.7
2021   256  18  471.2
2021   256  19  479.0
2021   256  20  484.8
2021   256  21  471.2
2021   256  22  9999.0
2021   256  23  9999.0
2021   257  0  9999.0
2021   257  1  458.2
2021   257  2  455.4
2021   257  3  456.0
2021   257  4  445.3
2021   257  5  438.3
2021   257  6  438.0
2021   257  7  440.6
2021   257  8  456.1
2021   257  9  443.8
2021   257  10  440.5
2021   257  11  451.8
2021   257  12  448.9
2021   257  13  456.8
2021   257  14  459.1
2021   257  15  443.8
2021   257  16  439.5
2021   257  17  436.8
2021   257  18  429.3
2021   257  19  431.2
2021   257  20  437.8
2021   257  21  433.0
2021   257  22  9999.0
2021   257  23  9999.0
2021   258  0  9999.0
2021   258  1  9999.0
2021   258  2  9999.0
2021   258  3  9999.0
2021   258  4  9999.0
2021   258  5  9999.0
2021   258  6  9999.0
2021   258  7  418.4
2021   258  8  412.4
2021   258  9  397.0
2021   258  10  397.1
2021   258  11  391.9
2021   258  12  385.6
2021   258  13  376.6
2021   258  14  372.5
2021   258  15  9999.0
2021   258  16  376.0
2021   258  17  372.8
2021   258  18  370.3
2021   258  19  371.9
2021   258  20  373.0
2021   258  21  371.0
2021   258  22  9999.0
2021   258  23  364.4
2021   259  0  360.5
2021   259  1  360.4
2021   259  2  369.0
2021   259  3  359.4
2021   259  4  9999.0
2021   259  5  9999.0
2021   259  6  9999.0
2021   259  7  342.9
2021   259  8  346.4
2021   259  9  345.3
2021   259  10  357.9
2021   259  11  354.4
2021   259  12  360.4
2021   259  13  357.1
2021   259  14  354.4
2021   259  15  355.8
2021   259  16  352.4
2021   259  17  349.5
2021   259  18  344.7
2021   259  19  348.0
2021   259  20  350.8
2021   259  21  9999.0
2021   259  22  9999.0
2021   259  23  9999.0
2021   260  0  9999.0
2021   260  1  9999.0
2021   260  2  9999.0
2021   260  3  369.1
2021   260  4  350.1
2021   260  5  329.4
2021   260  6  324.2
2021   260  7  324.2
2021   260  8  351.2
2021   260  9  367.7
2021   260  10  369.9
2021   260  11  361.1
2021   260  12  350.4
2021   260  13  344.0
2021   260  14  350.8
2021   260  15  369.5
2021   260  16  380.9
2021   260  17  397.9
2021   260  18  403.8
2021   260  19  398.6
2021   260  20  401.5
2021   260  21  407.1
2021   260  22  403.4
2021   260  23  394.8
2021   261  0  374.9
2021   261  1  383.8
2021   261  2  404.3
2021   261  3  416.1
2021   261  4  412.5
2021   261  5  405.3
2021   261  6  402.8
2021   261  7  387.2
2021   261  8  376.2
2021   261  9  381.8
2021   261  10  394.8
2021   261  11  388.8
2021   261  12  402.8
2021   261  13  406.2
2021   261  14  9999.0
2021   261  15  406.2
2021   261  16  404.3
2021   261  17  400.3
2021   261  18  394.6
2021   261  19  398.1
2021   261  20  404.3
2021   261  21  402.0
2021   261  22  398.7
2021   261  23  391.7
2021   262  0  392.9
2021   262  1  391.9
2021   262  2  386.2
2021   262  3  384.3
2021   262  4  367.0
2021   262  5  363.3
2021   262  6  349.6
2021   262  7  359.5
2021   262  8  345.6
2021   262  9  338.4
2021   262  10  337.2
2021   262  11  354.0
2021   262  12  352.0
2021   262  13  345.2
2021   262  14  339.0
2021   262  15  331.6
2021   262  16  326.9
2021   262  17  328.3
2021   262  18  323.7
2021   262  19  323.7
2021   262  20  325.5
2021   262  21  321.7
2021   262  22  318.2
2021   262  23  312.9
2021   263  0  312.3
2021   263  1  308.5
2021   263  2  316.9
2021   263  3  317.9
2021   263  4  315.2
2021   263  5  312.1
2021   263  6  299.7
2021   263  7  307.8
2021   263  8  323.9
2021   263  9  319.5
2021   263  10  312.9
2021   263  11  320.2
2021   263  12  313.4
2021   263  13  313.9
2021   263  14  312.0
2021   263  15  312.8
2021   263  16  309.8
2021   263  17  307.6
2021   263  18  306.5
2021   263  19  9999.0
2021   263  20  305.2
2021   263  21  311.5
2021   263  22  9999.0
2021   263  23  9999.0
2021   264  0  9999.0
2021   264  1  338.0
2021   264  2  336.6
2021   264  3  335.2
2021   264  4  339.6
2021   264  5  339.2
2021   264  6  336.4
2021   264  7  323.2
2021   264  8  322.7
2021   264  9  316.5
2021   264  10  304.6
2021   264  11  312.6
2021   264  12  309.1
2021   264  13  309.6
2021   264  14  335.2
2021   264  15  339.7
2021   264  16  335.8
2021   264  17  336.7
2021   264  18  338.3
2021   264  19  336.0
2021   264  20  340.2
2021   264  21  336.7
2021   264  22  341.9
2021   264  23  359.9
2021   265  0  364.5
2021   265  1  365.6
2021   265  2  376.5
2021   265  3  379.8
2021   265  4  378.6
2021   265  5  377.6
2021   265  6  374.7
2021   265  7  378.4
2021   265  8  377.3
2021   265  9  9999.0
2021   265  10  379.7
2021   265  11  395.4
2021   265  12  387.9
2021   265  13  383.7
2021   265  14  382.9
2021   265  15  378.2
2021   265  16  375.1
2021   265  17  372.6
2021   265  18  371.3
2021   265  19  374.3
2021   265  20  364.7
2021   265  21  361.8
2021   265  22  369.4
2021   265  23  374.1
2021   266  0  371.7
2021   266  1  368.2
2021   266  2  370.5
2021   266  3  386.1
2021   266  4  378.2
2021   266  5  379.3
2021   266  6  377.2
2021   266  7  371.8
2021   266  8  9999.0
2021   266  9  9999.0
2021   266  10  9999.0
2021   266  11  380.2
2021   266  12  386.1
2021   266  13  392.0
2021   266  14  398.0
2021   266  15  391.4
2021   266  16  396.2
2021   266  17  390.2
2021   266  18  394.4
2021   266  19  393.1
2021   266  20  391.8
2021   266  21  390.7
2021   266  22  390.8
2021   266  23  410.9
2021   267  0  418.7
2021   267  1  444.4
2021   267  2  437.4
2021   267  3  444.1
2021   267  4  462.2
2021   267  5  472.3
2021   267  6  460.5
2021   267  7  458.3
2021   267  8  477.6
2021   267  9  478.2
2021   267  10  483.0
2021   267  11  482.0
2021   267  12  470.8
2021   267  13  9999.0
2021   267  14  9999.0
2021   267  15  9999.0
2021   267  16  466.7
2021   267  17  472.7
2021   267  18  471.4
2021   267  19  460.6
2021   267  20  457.6
2021   267  21  475.1
2021   267  22  478.2
2021   267  23  486.2
2021   268  0  481.7
2021   268  1  505.8
2021   268  2  520.8
2021   268  3  547.7
2021   268  4  559.5
2021   268  5  549.3
2021   268  6  554.4
2021   268  7  552.4
2021   268  8  9999.0
2021   268  9  535.4
2021   268  10  527.2
2021   268  11  517.0
2021   268  12  516.9
2021   268  13  505.3
2021   268  14  495.0
2021   268  15  491.5
2021   268  16  493.6
2021   268  17  483.0
2021   268  18  494.4
2021   268  19  485.4
2021   268  20  459.3
2021   268  21  456.5
2021   268  22  458.3
2021   268  23  456.5
2021   269  0  453.1
2021   269  1  449.9
2021   269  2  443.1
2021   269  3  436.4
2021   269  4  435.9
2021   269  5  433.9
2021   269  6  430.8
2021   269  7  427.0
2021   269  8  420.2
2021   269  9  421.0
2021   269  10  421.3
2021   269  11  420.2
2021   269  12  404.0
2021   269  13  409.8
2021   269  14  407.0
2021   269  15  394.6
2021   269  16  387.7
2021   269  17  383.7
2021   269  18  382.7
2021   269  19  382.6
2021   269  20  383.4
2021   269  21  382.4
2021   269  22  380.8
2021   269  23  384.6
2021   270  0  388.7
2021   270  1  387.0
2021   270  2  387.4
2021   270  3  390.8
2021   270  4  394.1
2021   270  5  397.2
2021   270  6  390.5
2021   270  7  383.1
2021   270  8  382.7
2021   270  9  381.4
2021   270  10  377.3
2021   270  11  372.4
2021   270  12  371.8
2021   270  13  373.2
2021   270  14  369.7
2021   270  15  375.1
2021   270  16  385.9
2021   270  17  382.4
2021   270  18  386.8
2021   270  19  384.8
2021   270  20  381.1
2021   270  21  414.1
2021   270  22  427.8
2021   270  23  443.5
2021   271  0  445.3
2021   271  1  454.1
2021   271  2  465.0
2021   271  3  469.0
2021   271  4  469.7
2021   271  5  475.8
2021   271  6  486.8
2021   271  7  506.9
2021   271  8  515.5
2021   271  9  516.1
2021   271  10  510.3
2021   271  11  515.9
2021   271  12  521.9
2021   271  13  494.6
2021   271  14  487.9
2021   271  15  508.7
2021   271  16  511.1
2021   271  17  516.1
2021   271  18  515.2
2021   271  19  504.2
2021   271  20  500.4
2021   271  21  490.6
2021   271  22  482.7
2021   271  23  475.4
2021   272  0  470.6
2021   272  1  471.3
2021   272  2  463.9
2021   272  3  9999.0
2021   272  4  9999.0
2021   272  5  9999.0
2021   272  6  9999.0
2021   272  7  9999.0
2021   272  8  9999.0
2021   272  9  442.0
2021   272  10  437.7
2021   272  11  436.0
2021   272  12  420.0
2021   272  13  418.9
2021   272  14  415.0
2021   272  15  414.4
2021   272  16  412.5
2021   272  17  401.1
2021   272  18  399.0
2021   272  19  397.4
2021   272  20  393.6
2021   272  21  400.0
2021   272  22  388.3
2021   272  23  387.6
2021   273  0  387.5
2021   273  1  390.7
2021   273  2  396.7
2021   273  3  389.7
2021   273  4  386.6
2021   273  5  386.1
2021   273  6  388.1
2021   273  7  386.5
2021   273  8  383.4
2021   273  9  389.6
2021   273  10  391.4
2021   273  11  389.6
2021   273  12  383.1
2021   273  13  382.1
2021   273  14  391.5
2021   273  15  424.2
2021   273  16  430.0
2021   273  17  424.7
2021   273  18  438.6
2021   273  19  450.8
2021   273  20  454.8
2021   273  21  502.0
2021   273  22  503.0
2021   273  23  547.4
2021   274  0  547.7
2021   274  1  547.0
2021   274  2  502.8
2021   274  3  475.4
2021   274  4  503.6
2021   274  5  505.1
2021   274  6  519.9
2021   274  7  532.5
2021   274  8  552.4
2021   274  9  9999.0
2021   274  10  529.3
2021   274  11  524.5
2021   274  12  514.5
2021   274  13  536.8
2021   274  14  525.7
2021   274  15  540.3
2021   274  16  508.5
2021   274  17  519.9
2021   274  18  510.0
2021   274  19  498.0
2021   274  20  493.9
2021   274  21  480.4
2021   274  22  468.3
2021   274  23  460.4
2021   275  0  455.0
2021   275  1  459.8
2021   275  2  450.6
2021   275  3  453.4
2021   275  4  447.3
2021   275  5  444.0
2021   275  6  449.1
2021   275  7  445.7
2021   275  8  448.8
2021   275  9  444.2
2021   275  10  439.3
2021   275  11  428.0
2021   275  12  420.1
2021   275  13  419.8
2021   275  14  400.0
2021   275  15  423.4
2021   275  16  427.9
2021   275  17  417.8
2021   275  18  414.8
2021   275  19  407.8
2021   275  20  406.1
2021   275  21  411.7
2021   275  22  9999.0
2021   275  23  409.1
2021   276  0  412.7
2021   276  1  416.7
2021   276  2  414.6
2021   276  3  413.4
2021   276  4  409.9
2021   276  5  398.3
2021   276  6  400.7
2021   276  7  400.5
2021   276  8  404.6
2021   276  9  397.0
2021   276  10  397.0
2021   276  11  390.1
2021   276  12  386.6
2021   276  13  385.3
2021   276  14  384.4
2021   276  15  382.6
2021   276  16  383.2
2021   276  17  396.5
2021   276  18  392.9
2021   276  19  385.3
2021   276  20  382.6
2021   276  21  9999.0
2021   276  22  9999.0
2021   276  23  9999.0
2021   277  0  9999.0
2021   277  1  9999.0
2021   277  2  9999.0
2021   277  3  9999.0
2021   277  4  9999.0
2021   277  5  363.9
2021   277  6  362.1
2021   277  7  357.8
2021   277  8  352.4
2021   277  9  354.1
2021   277  10  354.4
2021   277  11  355.3
2021   277  12  348.2
2021   277  13  341.0
2021   277  14  335.1
2021   277  15  333.0
2021   277  16  335.6
2021   277  17  337.2
2021   277  18  330.3
2021   277  19  326.5
2021   277  20  324.6
2021   277  21  9999.0
2021   277  22  9999.0
2021   277  23  316.5
2021   278  0  312.4
2021   278  1  314.6
2021   278  2  304.9
2021   278  3  304.8
2021   278  4  302.3
2021   278  5  292.8
2021   278  6  289.7
2021   278  7  286.5
2021   278  8  284.2
2021   278  9  283.4
2021   278  10  283.2
2021   278  11  287.0
2021   278  12  286.0
2021   278  13  301.3
2021   278  14  302.5
2021   278  15  305.1
2021   278  16  300.9
2021   278  17  294.8
2021   278  18  294.5
2021   278  19  291.0
2021   278  20  296.0
2021   278  21  300.2
2021   278  22  302.0
2021   278  23  301.7
2021   279  0  301.9
2021   279  1  302.2
2021   279  2  316.8
2021   279  3  318.5
2021   279  4  318.0
2021   279  5  319.7
2021   279  6  326.7
2021   279  7  324.7
2021   279  8  317.5
2021   279  9  324.8
2021   279  10  326.4
2021   279  11  324.4
2021   279  12  321.3
2021   279  13  321.5
2021   279  14  322.3
2021   279  15  321.3
2021   279  16  9999.0
2021   279  17  9999.0
2021   279  18  9999.0
2021   279  19  9999.0
2021   279  20  9999.0
2021   279  21  9999.0
2021   279  22  9999.0
2021   279  23  9999.0
2021   280  0  297.9
2021   280  1  298.0
2021   280  2  291.0
2021   280  3  298.9
2021   280  4  314.8
2021   280  5  354.6
2021   280  6  352.3
2021   280  7  347.3
2021   280  8  352.7
2021   280  9  345.6
2021   280  10  361.1
2021   280  11  360.6
2021   280  12  347.1
2021   280  13  339.1
2021   280  14  329.1
2021   280  15  321.5
2021   280  16  314.2
2021   280  17  311.2
2021   280  18  317.4
2021   280  19  319.3
2021   280  20  312.1
2021   280  21  309.6
2021   280  22  308.5
2021   280  23  307.6
2021   281  0  304.6
2021   281  1  305.2
2021   281  2  306.6
2021   281  3  302.6
2021   281  4  297.8
2021   281  5  299.5
2021   281  6  291.1
2021   281  7  296.3
2021   281  8  292.7
2021   281  9  288.0
2021   281  10  288.4
2021   281  11  287.3
2021   281  12  292.0
2021   281  13  291.0
2021   281  14  288.1
2021   281  15  285.0
2021   281  16  281.9
2021   281  17  284.1
2021   281  18  285.3
2021   281  19  284.2
2021   281  20  282.2
2021   281  21  286.3
2021   281  22  286.3
2021   281  23  285.6
2021   282  0  289.0
2021   282  1  289.4
2021   282  2  284.1
2021   282  3  284.7
2021   282  4  290.5
2021   282  5  290.9
2021   282  6  290.0
2021   282  7  286.1
2021   282  8  273.6
2021   282  9  271.1
2021   282  10  282.5
2021   282  11  285.6
2021   282  12  290.6
2021   282  13  295.5
2021   282  14  295.9
2021   282  15  295.3
2021   282  16  292.5
2021   282  17  289.7
2021   282  18  289.9
2021   282  19  290.1
2021   282  20  290.6
2021   282  21  290.6
2021   282  22  295.6
2021   282  23  294.1
2021   283  0  294.9
2021   283  1  297.6
2021   283  2  301.1
2021   283  3  304.8
2021   283  4  300.3
2021   283  5  307.0
2021   283  6  303.5
2021   283  7  298.1
2021   283  8  295.0
2021   283  9  296.7
2021   283  10  295.0
2021   283  11  294.8
2021   283  12  295.8
2021   283  13  305.9
2021   283  14  311.9
2021   283  15  9999.0
2021   283  16  304.2
2021   283  17  309.3
2021   283  18  317.8
2021   283  19  336.2
2021   283  20  343.2
2021   283  21  339.1
2021   283  22  335.2
2021   283  23  340.7
2021   284  0  345.0
2021   284  1  358.3
2021   284  2  358.4
2021   284  3  381.7
2021   284  4  395.2
2021   284  5  397.2
2021   284  6  384.3
2021   284  7  391.2
2021   284  8  401.1
2021   284  9  388.0
2021   284  10  392.8
2021   284  11  397.5
2021   284  12  386.9
2021   284  13  390.3
2021   284  14  381.9
2021   284  15  9999.0
2021   284  16  9999.0
2021   284  17  378.0
2021   284  18  374.0
2021   284  19  375.6
2021   284  20  377.5
2021   284  21  374.0
2021   284  22  367.9
2021   284  23  368.6
2021   285  0  369.8
2021   285  1  398.6
2021   285  2  447.0
2021   285  3  442.6
2021   285  4  9999.0
2021   285  5  462.9
2021   285  6  463.9
2021   285  7  466.6
2021   285  8  458.3
2021   285  9  455.2
2021   285  10  450.2
2021   285  11  452.0
2021   285  12  455.1
2021   285  13  9999.0
2021   285  14  467.1
2021   285  15  481.3
2021   285  16  466.5
2021   285  17  444.7
2021   285  18  464.0
2021   285  19  458.2
2021   285  20  448.3
2021   285  21  9999.0
2021   285  22  9999.0
2021   285  23  453.2
2021   286  0  450.7
2021   286  1  447.9
2021   286  2  449.2
2021   286  3  446.4
2021   286  4  443.3
2021   286  5  9999.0
2021   286  6  437.8
2021   286  7  436.5
2021   286  8  428.8
2021   286  9  425.6
2021   286  10  420.6
2021   286  11  418.1
2021   286  12  415.1
2021   286  13  415.7
2021   286  14  408.0
2021   286  15  403.4
2021   286  16  411.1
2021   286  17  409.2
2021   286  18  413.4
2021   286  19  405.4
2021   286  20  399.0
2021   286  21  395.1
2021   286  22  387.0
2021   286  23  399.7
2021   287  0  392.4
2021   287  1  393.0
2021   287  2  395.9
2021   287  3  393.3
2021   287  4  398.7
2021   287  5  397.2
2021   287  6  394.9
2021   287  7  391.8
2021   287  8  387.7
2021   287  9  379.7
2021   287  10  385.4
2021   287  11  383.2
2021   287  12  378.5
2021   287  13  384.7
2021   287  14  381.0
2021   287  15  379.8
2021   287  16  377.6
2021   287  17  378.8
2021   287  18  378.6
2021   287  19  379.5
2021   287  20  380.0
2021   287  21  382.7
2021   287  22  377.0
2021   287  23  370.8
2021   288  0  376.3
2021   288  1  377.2
2021   288  2  382.6
2021   288  3  389.3
2021   288  4  382.5
2021   288  5  377.3
2021   288  6  382.4
2021   288  7  375.9
2021   288  8  379.2
2021   288  9  369.1
2021   288  10  358.5
2021   288  11  353.1
2021   288  12  346.3
2021   288  13  347.4
2021   288  14  350.0
2021   288  15  351.2
2021   288  16  353.0
2021   288  17  357.3
2021   288  18  351.0
2021   288  19  356.4
2021   288  20  358.2
2021   288  21  349.5
2021   288  22  357.2
2021   288  23  335.7
2021   289  0  360.3
2021   289  1  381.9
2021   289  2  362.8
2021   289  3  369.5
2021   289  4  371.5
2021   289  5  388.9
2021   289  6  395.2
2021   289  7  9999.0
2021   289  8  413.7
2021   289  9  405.2
2021   289  10  394.2
2021   289  11  394.9
2021   289  12  395.6
2021   289  13  9999.0
2021   289  14  390.6
2021   289  15  389.9
2021   289  16  384.0
2021   289  17  383.0
2021   289  18  382.0
2021   289  19  382.9
2021   289  20  383.9
2021   289  21  9999.0
2021   289  22  9999.0
2021   289  23  9999.0
2021   290  0  9999.0
2021   290  1  9999.0
2021   290  2  9999.0
2021   290  3  9999.0
2021   290  4  9999.0
2021   290  5  374.0
2021   290  6  373.8
2021   290  7  375.6
2021   290  8  367.5
2021   290  9  364.7
2021   290  10  361.2
2021   290  11  357.8
2021   290  12  353.8
2021   290  13  353.9
2021   290  14  359.4
2021   290  15  352.8
2021   290  16  354.7
2021   290  17  352.1
2021   290  18  354.2
2021   290  19  356.5
2021   290  20  347.4
2021   290  21  358.4
2021   290  22  336.1
2021   290  23  9999.0
2021   291  0  9999.0
2021   291  1  9999.0
2021   291  2  9999.0
2021   291  3  337.6
2021   291  4  335.4
2021   291  5  342.5
2021   291  6  350.8
2021   291  7  353.5
2021   291  8  359.8
2021   291  9  363.9
2021   291  10  368.4
2021   291  11  368.8
2021   291  12  377.0
2021   291  13  378.6
2021   291  14  374.6
2021   291  15  374.1
2021   291  16  367.6
2021   291  17  371.2
2021   291  18  374.0
2021   291  19  9999.0
2021   291  20  9999.0
2021   291  21  369.8
2021   291  22  367.7
2021   291  23  388.8
2021   292  0  9999.0
2021   292  1  9999.0
2021   292  2  9999.0
2021   292  3  375.9
2021   292  4  377.6
2021   292  5  369.8
2021   292  6  369.8
2021   292  7  364.4
2021   292  8  370.7
2021   292  9  357.5
2021   292  10  361.7
2021   292  11  379.9
2021   292  12  395.7
2021   292  13  402.7
2021   292  14  405.1
2021   292  15  402.1
2021   292  16  403.6
2021   292  17  402.8
2021   292  18  396.6
2021   292  19  383.8
2021   292  20  369.9
2021   292  21  394.9
2021   292  22  399.1
2021   292  23  398.8
2021   293  0  9999.0
2021   293  1  9999.0
2021   293  2  9999.0
2021   293  3  408.3
2021   293  4  410.2
2021   293  5  397.7
2021   293  6  403.2
2021   293  7  400.2
2021   293  8  406.8
2021   293  9  399.3
2021   293  10  384.1
2021   293  11  380.6
2021   293  12  379.7
2021   293  13  380.7
2021   293  14  388.7
2021   293  15  381.4
2021   293  16  387.7
2021   293  17  382.3
2021   293  18  392.9
2021   293  19  414.6
2021   293  20  433.2
2021   293  21  442.9
2021   293  22  458.2
2021   293  23  494.2
2021   294  0  9999.0
2021   294  1  9999.0
2021   294  2  536.3
2021   294  3  530.3
2021   294  4  536.8
2021   294  5  529.5
2021   294  6  534.3
2021   294  7  537.7
2021   294  8  9999.0
2021   294  9  9999.0
2021   294  10  9999.0
2021   294  11  505.8
2021   294  12  500.1
2021   294  13  477.1
2021   294  14  477.7
2021   294  15  505.4
2021   294  16  9999.0
2021   294  17  9999.0
2021   294  18  9999.0
2021   294  19  491.7
2021   294  20  485.4
2021   294  21  488.4
2021   294  22  480.5
2021   294  23  479.6
2021   295  0  468.1
2021   295  1  462.2
2021   295  2  458.1
2021   295  3  457.1
2021   295  4  452.0
2021   295  5  457.3
2021   295  6  459.3
2021   295  7  454.0
2021   295  8  441.7
2021   295  9  443.5
2021   295  10  451.7
2021   295  11  458.2
2021   295  12  462.9
2021   295  13  465.5
2021   295  14  470.9
2021   295  15  468.6
2021   295  16  453.5
2021   295  17  451.6
2021   295  18  455.0
2021   295  19  445.7
2021   295  20  442.9
2021   295  21  441.6
2021   295  22  450.2
2021   295  23  448.3
2021   296  0  454.2
2021   296  1  445.7
2021   296  2  442.6
2021   296  3  443.0
2021   296  4  434.2
2021   296  5  443.5
2021   296  6  442.6
2021   296  7  439.9
2021   296  8  431.7
2021   296  9  429.2
2021   296  10  405.4
2021   296  11  388.9
2021   296  12  373.0
2021   296  13  9999.0
2021   296  14  362.4
2021   296  15  359.0
2021   296  16  360.3
2021   296  17  358.9
2021   296  18  351.5
2021   296  19  354.4
2021   296  20  342.4
2021   296  21  341.5
2021   296  22  359.6
2021   296  23  363.6
2021   297  0  355.7
2021   297  1  354.3
2021   297  2  347.7
2021   297  3  343.3
2021   297  4  334.7
2021   297  5  332.7
2021   297  6  338.2
2021   297  7  352.5
2021   297  8  355.7
2021   297  9  361.5
2021   297  10  361.4
2021   297  11  344.9
2021   297  12  354.4
2021   297  13  356.5
2021   297  14  355.1
2021   297  15  352.7
2021   297  16  346.7
2021   297  17  352.0
2021   297  18  346.9
2021   297  19  345.8
2021   297  20  357.5
2021   297  21  354.3
2021   297  22  356.7
2021   297  23  320.6
2021   298  0  314.8
2021   298  1  310.6
2021   298  2  329.1
2021   298  3  326.1
2021   298  4  326.4
2021   298  5  313.5
2021   298  6  351.7
2021   298  7  317.0
2021   298  8  9999.0
2021   298  9  326.7
2021   298  10  337.2
2021   298  11  335.0
2021   298  12  332.0
2021   298  13  325.5
2021   298  14  338.6
2021   298  15  343.0
2021   298  16  344.5
2021   298  17  342.5
2021   298  18  341.4
2021   298  19  338.4
2021   298  20  338.0
2021   298  21  339.0
2021   298  22  340.9
2021   298  23  334.5
2021   299  0  352.4
2021   299  1  350.8
2021   299  2  348.6
2021   299  3  348.0
2021   299  4  333.3
2021   299  5  324.9
2021   299  6  336.9
2021   299  7  336.4
2021   299  8  336.0
2021   299  9  346.6
2021   299  10  339.7
2021   299  11  347.1
2021   299  12  349.1
2021   299  13  348.9
2021   299  14  356.9
2021   299  15  9999.0
2021   299  16  9999.0
2021   299  17  9999.0
2021   299  18  325.4
2021   299  19  332.2
2021   299  20  343.8
2021   299  21  328.8
2021   299  22  348.8
2021   299  23  372.3
2021   300  0  364.2
2021   300  1  371.6
2021   300  2  381.8
2021   300  3  383.9
2021   300  4  377.5
2021   300  5  377.2
2021   300  6  373.6
2021   300  7  368.8
2021   300  8  9999.0
2021   300  9  373.6
2021   300  10  370.2
2021   300  11  364.4
2021   300  12  357.7
2021   300  13  359.2
2021   300  14  356.5
2021   300  15  358.2
2021   300  16  358.3
2021   300  17  361.7
2021   300  18  358.1
2021   300  19  358.3
2021   300  20  356.2
2021   300  21  357.6
2021   300  22  348.2
2021   300  23  343.9
2021   301  0  325.1
2021   301  1  318.9
2021   301  2  315.1
2021   301  3  313.2
2021   301  4  311.4
2021   301  5  308.9
2021   301  6  304.5
2021   301  7  304.4
2021   301  8  299.4
2021   301  9  300.5
2021   301  10  301.1
2021   301  11  302.6
2021   301  12  302.4
2021   301  13  299.0
2021   301  14  295.3
2021   301  15  299.9
2021   301  16  300.1
2021   301  17  299.5
2021   301  18  306.0
2021   301  19  304.7
2021   301  20  300.0
2021   301  21  296.3
2021   301  22  9999.0
2021   301  23  290.3
2021   302  0  287.2
2021   302  1  289.2
2021   302  2  291.9
2021   302  3  295.4
2021   302  4  294.4
2021   302  5  287.9
2021   302  6  288.2
2021   302  7  283.3
2021   302  8  282.2
2021   302  9  279.7
2021   302  10  281.9
2021   302  11  284.4
2021   302  12  285.7
2021   302  13  290.5
2021   302  14  294.4
2021   302  15  295.5
2021   302  16  9999.0
2021   302  17  297.1
2021   302  18  298.6
2021   302  19  313.3
2021   302  20  315.0
2021   302  21  320.7
2021   302  22  325.6
2021   302  23  323.0
2021   303  0  318.2
2021   303  1  9999.0
2021   303  2  311.2
2021   303  3  314.4
2021   303  4  309.3
2021   303  5  306.1
2021   303  6  301.3
2021   303  7  305.0
2021   303  8  311.9
2021   303  9  313.1
2021   303  10  315.9
2021   303  11  320.1
2021   303  12  318.6
2021   303  13  319.7
2021   303  14  321.9
2021   303  15  321.5
2021   303  16  337.6
2021   303  17  349.7
2021   303  18  343.7
2021   303  19  362.9
2021   303  20  374.3
2021   303  21  369.1
2021   303  22  378.1
2021   303  23  365.5
2021   304  0  374.7
2021   304  1  392.9
2021   304  2  392.9
2021   304  3  384.2
2021   304  4  384.1
2021   304  5  380.4
2021   304  6  384.7
2021   304  7  379.0
2021   304  8  368.9
2021   304  9  393.8
2021   304  10  423.2
2021   304  11  437.3
2021   304  12  435.4
2021   304  13  434.5
2021   304  14  427.6
2021   304  15  433.5
2021   304  16  418.7
2021   304  17  433.5
2021   304  18  423.2
2021   304  19  439.2
2021   304  20  9999.0
2021   304  21  437.3
2021   304  22  431.8
2021   304  23  420.2
2021   305  0  418.0
2021   305  1  404.8
2021   305  2  414.6
2021   305  3  393.7
2021   305  4  393.2
2021   305  5  383.9
2021   305  6  375.0
2021   305  7  9999.0
2021   305  8  357.9
2021   305  9  352.6
2021   305  10  347.0
2021   305  11  343.8
2021   305  12  344.5
2021   305  13  353.1
2021   305  14  351.9
2021   305  15  350.0
2021   305  16  344.3
2021   305  17  357.2
2021   305  18  364.1
2021   305  19  370.8
2021   305  20  379.6
2021   305  21  393.9
2021   305  22  423.5
2021   305  23  437.8
2021   306  0  9999.0
2021   306  1  9999.0
2021   306  2  9999.0
2021   306  3  580.3
2021   306  4  563.9
2021   306  5  570.6
2021   306  6  577.9
2021   306  7  596.1
2021   306  8  581.0
2021   306  9  582.4
2021   306  10  605.3
2021   306  11  623.7
2021   306  12  623.8
2021   306  13  621.6
2021   306  14  623.3
2021   306  15  626.7
2021   306  16  620.0
2021   306  17  602.5
2021   306  18  597.5
2021   306  19  594.0
2021   306  20  597.0
2021   306  21  596.2
2021   306  22  591.0
2021   306  23  9999.0
2021   307  0  582.2
2021   307  1  605.2
2021   307  2  593.7
2021   307  3  542.3
2021   307  4  541.0
2021   307  5  551.9
2021   307  6  558.0
2021   307  7  533.1
2021   307  8  535.1
2021   307  9  508.8
2021   307  10  510.9
2021   307  11  509.4
2021   307  12  535.6
2021   307  13  502.6
2021   307  14  490.9
2021   307  15  9999.0
2021   307  16  9999.0
2021   307  17  9999.0
2021   307  18  480.4
2021   307  19  566.1
2021   307  20  725.6
2021   307  21  702.0
2021   307  22  730.1
2021   307  23  735.0
2021   308  0  756.4
2021   308  1  718.1
2021   308  2  717.8
2021   308  3  685.0
2021   308  4  702.1
2021   308  5  740.2
2021   308  6  715.6
2021   308  7  700.3
2021   308  8  705.5
2021   308  9  701.0
2021   308  10  9999.0
2021   308  11  753.1
2021   308  12  676.1
2021   308  13  657.3
2021   308  14  643.8
2021   308  15  9999.0
2021   308  16  9999.0
2021   308  17  611.4
2021   308  18  610.2
2021   308  19  611.9
2021   308  20  609.6
2021   308  21  9999.0
2021   308  22  631.8
2021   308  23  613.4
2021   309  0  612.1
2021   309  1  603.3
2021   309  2  600.9
2021   309  3  581.2
2021   309  4  584.3
2021   309  5  584.8
2021   309  6  574.1
2021   309  7  586.6
2021   309  8  603.3
2021   309  9  593.4
2021   309  10  576.8
2021   309  11  594.9
2021   309  12  607.6
2021   309  13  576.4
2021   309  14  564.5
2021   309  15  558.1
2021   309  16  534.7
2021   309  17  532.5
2021   309  18  539.0
2021   309  19  531.4
2021   309  20  523.9
2021   309  21  518.9
2021   309  22  517.1
2021   309  23  524.3
2021   310  0  564.2
2021   310  1  613.3
2021   310  2  9999.0
2021   310  3  9999.0
2021   310  4  9999.0
2021   310  5  593.6
2021   310  6  588.8
2021   310  7  582.2
2021   310  8  578.9
2021   310  9  564.9
2021   310  10  569.5
2021   310  11  544.9
2021   310  12  544.3
2021   310  13  570.7
2021   310  14  573.9
2021   310  15  514.2
2021   310  16  565.6
2021   310  17  537.0
2021   310  18  559.4
2021   310  19  563.1
2021   310  20  572.4
2021   310  21  570.4
2021   310  22  543.0
2021   310  23  533.8
2021   311  0  512.3
2021   311  1  528.2
2021   311  2  529.6
2021   311  3  512.4
2021   311  4  498.1
2021   311  5  527.2
2021   311  6  501.3
2021   311  7  479.5
2021   311  8  476.1
2021   311  9  462.4
2021   311  10  463.2
2021   311  11  452.8
2021   311  12  452.8
2021   311  13  449.6
2021   311  14  446.4
2021   311  15  439.6
2021   311  16  436.7
2021   311  17  441.7
2021   311  18  458.4
2021   311  19  9999.0
2021   311  20  443.8
2021   311  21  437.0
2021   311  22  432.2
2021   311  23  9999.0
2021   312  0  424.9
2021   312  1  426.2
2021   312  2  423.0
2021   312  3  443.8
2021   312  4  413.7
2021   312  5  423.5
2021   312  6  410.7
2021   312  7  400.8
2021   312  8  390.3
2021   312  9  378.5
2021   312  10  391.7
2021   312  11  398.0
2021   312  12  386.6
2021   312  13  390.7
2021   312  14  376.6
2021   312  15  375.8
2021   312  16  389.1
2021   312  17  401.9
2021   312  18  398.3
2021   312  19  394.6
2021   312  20  395.8
2021   312  21  395.7
2021   312  22  394.9
2021   312  23  374.1
2021   313  0  387.1
2021   313  1  382.5
2021   313  2  369.9
2021   313  3  373.3
2021   313  4  375.7
2021   313  5  370.6
2021   313  6  368.8
2021   313  7  366.8
2021   313  8  363.9
2021   313  9  357.2
2021   313  10  353.3
2021   313  11  356.9
2021   313  12  355.7
2021   313  13  351.6
2021   313  14  349.3
2021   313  15  355.8
2021   313  16  355.8
2021   313  17  362.2
2021   313  18  370.3
2021   313  19  386.7
2021   313  20  371.5
2021   313  21  374.3
2021   313  22  9999.0
2021   313  23  383.3
2021   314  0  395.6
2021   314  1  398.3
2021   314  2  410.4
2021   314  3  413.7
2021   314  4  423.6
2021   314  5  420.2
2021   314  6  418.8
2021   314  7  432.2
2021   314  8  428.2
2021   314  9  436.8
2021   314  10  439.7
2021   314  11  442.4
2021   314  12  434.3
2021   314  13  431.6
2021   314  14  431.2
2021   314  15  430.8
2021   314  16  428.9
2021   314  17  416.2
2021   314  18  413.9
2021   314  19  419.3
2021   314  20  9999.0
2021   314  21  9999.0
2021   314  22  9999.0
2021   314  23  9999.0
2021   315  0  402.6
2021   315  1  412.7
2021   315  2  402.3
2021   315  3  400.8
2021   315  4  397.8
2021   315  5  392.8
2021   315  6  388.0
2021   315  7  381.1
2021   315  8  374.9
2021   315  9  9999.0
2021   315  10  372.3
2021   315  11  376.6
2021   315  12  374.9
2021   315  13  380.7
2021   315  14  9999.0
2021   315  15  371.2
2021   315  16  357.4
2021   315  17  360.4
2021   315  18  363.9
2021   315  19  362.1
2021   315  20  9999.0
2021   315  21  9999.0
2021   315  22  9999.0
2021   315  23  397.2
2021   316  0  401.4
2021   316  1  391.6
2021   316  2  385.8
2021   316  3  393.7
2021   316  4  387.8
2021   316  5  388.8
2021   316  6  384.2
2021   316  7  393.0
2021   316  8  379.5
2021   316  9  377.8
2021   316  10  378.1
2021   316  11  370.9
2021   316  12  9999.0
2021   316  13  367.8
2021   316  14  365.7
2021   316  15  363.7
2021   316  16  358.7
2021   316  17  359.0
2021   316  18  355.8
2021   316  19  356.2
2021   316  20  357.5
2021   316  21  356.2
2021   316  22  352.5
2021   316  23  351.3
2021   317  0  347.1
2021   317  1  346.7
2021   317  2  348.7
2021   317  3  367.0
2021   317  4  369.5
2021   317  5  356.2
2021   317  6  347.9
2021   317  7  358.4
2021   317  8  354.7
2021   317  9  354.2
2021   317  10  352.5
2021   317  11  343.5
2021   317  12  339.1
2021   317  13  345.9
2021   317  14  353.7
2021   317  15  335.8
2021   317  16  349.6
2021   317  17  347.9
2021   317  18  349.2
2021   317  19  352.4
2021   317  20  345.1
2021   317  21  313.5
2021   317  22  313.8
2021   317  23  325.9
2021   318  0  337.0
2021   318  1  339.5
2021   318  2  329.1
2021   318  3  328.4
2021   318  4  327.9
2021   318  5  318.1
2021   318  6  309.0
2021   318  7  310.6
2021   318  8  308.7
2021   318  9  309.5
2021   318  10  312.1
2021   318  11  303.5
2021   318  12  9999.0
2021   318  13  311.5
2021   318  14  308.5
2021   318  15  305.1
2021   318  16  300.6
2021   318  17  296.1
2021   318  18  293.8
2021   318  19  293.0
2021   318  20  292.2
2021   318  21  292.1
2021   318  22  292.2
2021   318  23  293.8
2021   319  0  295.1
2021   319  1  302.9
2021   319  2  312.6
2021   319  3  312.2
2021   319  4  305.3
2021   319  5  307.0
2021   319  6  308.2
2021   319  7  315.1
2021   319  8  320.0
2021   319  9  322.4
2021   319  10  313.5
2021   319  11  314.7
2021   319  12  317.5
2021   319  13  326.4
2021   319  14  324.4
2021   319  15  349.3
2021   319  16  356.0
2021   319  17  372.9
2021   319  18  381.4
2021   319  19  390.8
2021   319  20  415.9
2021   319  21  401.1
2021   319  22  419.5
2021   319  23  500.8
2021   320  0  533.2
2021   320  1  587.6
2021   320  2  612.4
2021   320  3  608.8
2021   320  4  592.7
2021   320  5  604.0
2021   320  6  584.6
2021   320  7  587.6
2021   320  8  591.4
2021   320  9  579.4
2021   320  10  599.1
2021   320  11  610.8
2021   320  12  587.9
2021   320  13  587.2
2021   320  14  605.5
2021   320  15  614.0
2021   320  16  609.3
2021   320  17  615.9
2021   320  18  625.9
2021   320  19  639.9
2021   320  20  577.6
2021   320  21  662.4
2021   320  22  9999.0
2021   320  23  9999.0
2021   321  0  9999.0
2021   321  1  9999.0
2021   321  2  9999.0
2021   321  3  9999.0
2021   321  4  619.1
2021   321  5  610.3
2021   321  6  608.3
2021   321  7  610.5
2021   321  8  604.3
2021   321  9  627.3
2021   321  10  9999.0
2021   321  11  605.3
2021   321  12  610.8
2021   321  13  599.8
2021   321  14  9999.0
2021   321  15  9999.0
2021   321  16  9999.0
2021   321  17  9999.0
2021   321  18  9999.0
2021   321  19  9999.0
2021   321  20  9999.0
2021   321  21  9999.0
2021   321  22  9999.0
2021   321  23  9999.0
2021   322  0  9999.0
2021   322  1  9999.0
2021   322  2  9999.0
2021   322  3  9999.0
2021   322  4  9999.0
2021   322  5  9999.0
2021   322  6  9999.0
2021   322  7  9999.0
2021   322  8  9999.0
2021   322  9  9999.0
2021   322  10  9999.0
2021   322  11  9999.0
2021   322  12  9999.0
2021   322  13  9999.0
2021   322  14  9999.0
2021   322  15  9999.0
2021   322  16  9999.0
2021   322  17  9999.0
2021   322  18  9999.0
2021   322  19  9999.0
2021   322  20  9999.0
2021   322  21  9999.0
2021   322  22  9999.0
2021   322  23  9999.0
2021   323  0  9999.0
2021   323  1  9999.0
2021   323  2  9999.0
2021   323  3  9999.0
2021   323  4  9999.0
2021   323  5  9999.0
2021   323  6  9999.0
2021   323  7  9999.0
2021   323  8  9999.0
2021   323  9  9999.0
2021   323  10  9999.0
2021   323  11  9999.0
2021   323  12  9999.0
2021   323  13  9999.0
2021   323  14  9999.0
2021   323  15  9999.0
2021   323  16  9999.0
2021   323  17  9999.0
2021   323  18  9999.0
2021   323  19  9999.0
2021   323  20  9999.0
2021   323  21  9999.0
2021   323  22  9999.0
2021   323  23  9999.0
2021   324  0  9999.0
2021   324  1  9999.0
2021   324  2  9999.0
2021   324  3  9999.0
2021   324  4  9999.0
2021   324  5  9999.0
2021   324  6  9999.0
2021   324  7  9999.0
2021   324  8  9999.0
2021   324  9  9999.0
2021   324  10  9999.0
2021   324  11  9999.0
2021   324  12  9999.0
2021   324  13  9999.0
2021   324  14  9999.0
2021   324  15  9999.0
2021   324  16  9999.0
2021   324  17  9999.0
2021   324  18  9999.0
2021   324  19  9999.0
2021   324  20  9999.0
2021   324  21  9999.0
2021   324  22  9999.0
2021   324  23  9999.0
2021   325  0  9999.0
2021   325  1  9999.0
2021   325  2  9999.0
2021   325  3  9999.0
2021   325  4  9999.0
2021   325  5  9999.0
2021   325  6  9999.0
2021   325  7  9999.0
2021   325  8  9999.0
2021   325  9  9999.0
2021   325  10  9999.0
2021   325  11  9999.0
2021   325  12  9999.0
2021   325  13  9999.0
2021   325  14  9999.0
2021   325  15  9999.0
2021   325  16  9999.0
2021   325  17  9999.0
2021   325  18  9999.0
2021   325  19  9999.0
2021   325  20  9999.0
2021   325  21  9999.0
2021   325  22  9999.0
2021   325  23  9999.0
2021   326  0  9999.0
2021   326  1  9999.0
2021   326  2  9999.0
2021   326  3  9999.0
2021   326  4  9999.0
2021   326  5  9999.0
2021   326  6  9999.0
2021   326  7  9999.0
2021   326  8  9999.0
2021   326  9  9999.0
2021   326  10  9999.0
2021   326  11  9999.0
2021   326  12  9999.0
2021   326  13  9999.0
2021   326  14  9999.0
2021   326  15  9999.0
2021   326  16  9999.0
2021   326  17  9999.0
2021   326  18  9999.0
2021   326  19  9999.0
2021   326  20  9999.0
2021   326  21  9999.0
2021   326  22  9999.0
2021   326  23  9999.0
2021   327  0  9999.0
2021   327  1  9999.0
2021   327  2  9999.0
2021   327  3  9999.0
2021   327  4  9999.0
2021   327  5  9999.0
2021   327  6  9999.0
2021   327  7  9999.0
2021   327  8  9999.0
2021   327  9  9999.0
2021   327  10  9999.0
2021   327  11  9999.0
2021   327  12  9999.0
2021   327  13  9999.0
2021   327  14  9999.0
2021   327  15  9999.0
2021   327  16  9999.0
2021   327  17  9999.0
2021   327  18  9999.0
2021   327  19  9999.0
2021   327  20  9999.0
2021   327  21  9999.0
2021   327  22  9999.0
2021   327  23  9999.0
2021   328  0  9999.0
2021   328  1  9999.0
2021   328  2  9999.0
2021   328  3  9999.0
2021   328  4  9999.0
2021   328  5  9999.0
2021   328  6  9999.0
2021   328  7  9999.0
2021   328  8  9999.0
2021   328  9  9999.0
2021   328  10  9999.0
2021   328  11  9999.0
2021   328  12  9999.0
2021   328  13  9999.0
2021   328  14  9999.0
2021   328  15  9999.0
2021   328  16  9999.0
2021   328  17  9999.0
2021   328  18  9999.0
2021   328  19  9999.0
2021   328  20  9999.0
2021   328  21  9999.0
2021   328  22  9999.0
2021   328  23  9999.0
2021   329  0  9999.0
2021   329  1  9999.0
2021   329  2  9999.0
2021   329  3  9999.0
2021   329  4  9999.0
2021   329  5  9999.0
2021   329  6  9999.0
2021   329  7  9999.0
2021   329  8  9999.0
2021   329  9  9999.0
2021   329  10  9999.0
2021   329  11  9999.0
2021   329  12  9999.0
2021   329  13  9999.0
2021   329  14  9999.0
2021   329  15  9999.0
2021   329  16  9999.0
2021   329  17  9999.0
2021   329  18  9999.0
2021   329  19  9999.0
2021   329  20  9999.0
2021   329  21  9999.0
2021   329  22  9999.0
2021   329  23  9999.0
2021   330  0  9999.0
2021   330  1  9999.0
2021   330  2  9999.0
2021   330  3  9999.0
2021   330  4  9999.0
2021   330  5  9999.0
2021   330  6  9999.0
2021   330  7  9999.0
2021   330  8  9999.0
2021   330  9  9999.0
2021   330  10  9999.0
2021   330  11  9999.0
2021   330  12  9999.0
2021   330  13  9999.0
2021   330  14  9999.0
2021   330  15  9999.0
2021   330  16  9999.0
2021   330  17  9999.0
2021   330  18  9999.0
2021   330  19  9999.0
2021   330  20  9999.0
2021   330  21  9999.0
2021   330  22  9999.0
2021   330  23  9999.0
2021   331  0  9999.0
2021   331  1  9999.0
2021   331  2  9999.0
2021   331  3  9999.0
2021   331  4  9999.0
2021   331  5  9999.0
2021   331  6  9999.0
2021   331  7  9999.0
2021   331  8  9999.0
2021   331  9  9999.0
2021   331  10  9999.0
2021   331  11  9999.0
2021   331  12  9999.0
2021   331  13  9999.0
2021   331  14  9999.0
2021   331  15  9999.0
2021   331  16  9999.0
2021   331  17  9999.0
2021   331  18  9999.0
2021   331  19  9999.0
2021   331  20  9999.0
2021   331  21  9999.0
2021   331  22  9999.0
2021   331  23  9999.0
2021   332  0  9999.0
2021   332  1  9999.0
2021   332  2  9999.0
2021   332  3  9999.0
2021   332  4  9999.0
2021   332  5  9999.0
2021   332  6  9999.0
2021   332  7  9999.0
2021   332  8  9999.0
2021   332  9  9999.0
2021   332  10  9999.0
2021   332  11  9999.0
2021   332  12  9999.0
2021   332  13  9999.0
2021   332  14  9999.0
2021   332  15  9999.0
2021   332  16  9999.0
2021   332  17  9999.0
2021   332  18  9999.0
2021   332  19  9999.0
2021   332  20  9999.0
2021   332  21  9999.0
2021   332  22  9999.0
2021   332  23  9999.0
2021   333  0  9999.0
2021   333  1  9999.0
2021   333  2  9999.0
2021   333  3  9999.0
2021   333  4  9999.0
2021   333  5  9999.0
2021   333  6  9999.0
2021   333  7  9999.0
2021   333  8  9999.0
2021   333  9  9999.0
2021   333  10  9999.0
2021   333  11  9999.0
2021   333  12  9999.0
2021   333  13  9999.0
2021   333  14  9999.0
2021   333  15  9999.0
2021   333  16  9999.0
2021   333  17  9999.0
2021   333  18  9999.0
2021   333  19  9999.0
2021   333  20  9999.0
2021   333  21  9999.0
2021   333  22  9999.0
2021   333  23  9999.0
2021   334  0  9999.0
2021   334  1  9999.0
2021   334  2  9999.0
2021   334  3  9999.0
2021   334  4  9999.0
2021   334  5  9999.0
2021   334  6  9999.0
2021   334  7  9999.0
2021   334  8  9999.0
2021   334  9  9999.0
2021   334  10  9999.0
2021   334  11  9999.0
2021   334  12  9999.0
2021   334  13  9999.0
2021   334  14  9999.0
2021   334  15  9999.0
2021   334  16  9999.0
2021   334  17  9999.0
2021   334  18  9999.0
2021   334  19  9999.0
2021   334  20  9999.0
2021   334  21  9999.0
2021   334  22  9999.0
2021   334  23  9999.0
2021   335  0  9999.0
2021   335  1  9999.0
2021   335  2  9999.0
2021   335  3  9999.0
2021   335  4  9999.0
2021   335  5  9999.0
2021   335  6  9999.0
2021   335  7  9999.0
2021   335  8  9999.0
2021   335  9  9999.0
2021   335  10  9999.0
2021   335  11  9999.0
2021   335  12  9999.0
2021   335  13  9999.0
2021   335  14  9999.0
2021   335  15  9999.0
2021   335  16  9999.0
2021   335  17  9999.0
2021   335  18  9999.0
2021   335  19  9999.0
2021   335  20  9999.0
2021   335  21  9999.0
2021   335  22  9999.0
2021   335  23  9999.0
2021   336  0  9999.0
2021   336  1  9999.0
2021   336  2  9999.0
2021   336  3  9999.0
2021   336  4  9999.0
2021   336  5  9999.0
2021   336  6  9999.0
2021   336  7  9999.0
2021   336  8  9999.0
2021   336  9  9999.0
2021   336  10  9999.0
2021   336  11  9999.0
2021   336  12  9999.0
2021   336  13  9999.0
2021   336  14  9999.0
2021   336  15  9999.0
2021   336  16  9999.0
2021   336  17  9999.0
2021   336  18  9999.0
2021   336  19  9999.0
2021   336  20  9999.0
2021   336  21  9999.0
2021   336  22  9999.0
2021   336  23  9999.0
2021   337  0  9999.0
2021   337  1  9999.0
2021   337  2  9999.0
2021   337  3  9999.0
2021   337  4  9999.0
2021   337  5  9999.0
2021   337  6  9999.0
2021   337  7  9999.0
2021   337  8  9999.0
2021   337  9  9999.0
2021   337  10  9999.0
2021   337  11  9999.0
2021   337  12  9999.0
2021   337  13  9999.0
2021   337  14  9999.0
2021   337  15  9999.0
2021   337  16  9999.0
2021   337  17  9999.0
2021   337  18  9999.0
2021   337  19  9999.0
2021   337  20  9999.0
2021   337  21  9999.0
2021   337  22  9999.0
2021   337  23  9999.0
2021   338  0  9999.0
2021   338  1  9999.0
2021   338  2  9999.0
2021   338  3  9999.0
2021   338  4  9999.0
2021   338  5  9999.0
2021   338  6  9999.0
2021   338  7  9999.0
2021   338  8  9999.0
2021   338  9  9999.0
2021   338  10  9999.0
2021   338  11  9999.0
2021   338  12  9999.0
2021   338  13  9999.0
2021   338  14  9999.0
2021   338  15  9999.0
2021   338  16  9999.0
2021   338  17  9999.0
2021   338  18  9999.0
2021   338  19  9999.0
2021   338  20  9999.0
2021   338  21  9999.0
2021   338  22  9999.0
2021   338  23  9999.0
2021   339  0  9999.0
2021   339  1  9999.0
2021   339  2  9999.0
2021   339  3  9999.0
2021   339  4  9999.0
2021   339  5  9999.0
2021   339  6  9999.0
2021   339  7  9999.0
2021   339  8  9999.0
2021   339  9  9999.0
2021   339  10  9999.0
2021   339  11  9999.0
2021   339  12  9999.0
2021   339  13  9999.0
2021   339  14  9999.0
2021   339  15  9999.0
2021   339  16  9999.0
2021   339  17  9999.0
2021   339  18  9999.0
2021   339  19  9999.0
2021   339  20  9999.0
2021   339  21  9999.0
2021   339  22  9999.0
2021   339  23  9999.0
2021   340  0  9999.0
2021   340  1  9999.0
2021   340  2  9999.0
2021   340  3  9999.0
2021   340  4  9999.0
2021   340  5  9999.0
2021   340  6  9999.0
2021   340  7  9999.0
2021   340  8  9999.0
2021   340  9  9999.0
2021   340  10  9999.0
2021   340  11  9999.0
2021   340  12  9999.0
2021   340  13  9999.0
2021   340  14  9999.0
2021   340  15  9999.0
2021   340  16  9999.0
2021   340  17  9999.0
2021   340  18  9999.0
2021   340  19  9999.0
2021   340  20  9999.0
2021   340  21  9999.0
2021   340  22  9999.0
2021   340  23  9999.0
2021   341  0  9999.0
2021   341  1  9999.0
2021   341  2  9999.0
2021   341  3  9999.0
2021   341  4  9999.0
2021   341  5  9999.0
2021   341  6  9999.0
2021   341  7  9999.0
2021   341  8  9999.0
2021   341  9  9999.0
2021   341  10  9999.0
2021   341  11  9999.0
2021   341  12  9999.0
2021   341  13  9999.0
2021   341  14  9999.0
2021   341  15  9999.0
2021   341  16  9999.0
2021   341  17  9999.0
2021   341  18  9999.0
2021   341  19  9999.0
2021   341  20  9999.0
2021   341  21  9999.0
2021   341  22  9999.0
2021   341  23  9999.0
2021   342  0  9999.0
2021   342  1  9999.0
2021   342  2  9999.0
2021   342  3  9999.0
2021   342  4  9999.0
2021   342  5  9999.0
2021   342  6  9999.0
2021   342  7  9999.0
2021   342  8  9999.0
2021   342  9  9999.0
2021   342  10  9999.0
2021   342  11  9999.0
2021   342  12  9999.0
2021   342  13  9999.0
2021   342  14  9999.0
2021   342  15  9999.0
2021   342  16  9999.0
2021   342  17  9999.0
2021   342  18  9999.0
2021   342  19  9999.0
2021   342  20  9999.0
2021   342  21  9999.0
2021   342  22  9999.0
2021   342  23  9999.0
2021   343  0  9999.0
2021   343  1  9999.0
2021   343  2  9999.0
2021   343  3  9999.0
2021   343  4  9999.0
2021   343  5  9999.0
2021   343  6  9999.0
2021   343  7  9999.0
2021   343  8  9999.0
2021   343  9  9999.0
2021   343  10  9999.0
2021   343  11  9999.0
2021   343  12  9999.0
2021   343  13  9999.0
2021   343  14  9999.0
2021   343  15  9999.0
2021   343  16  9999.0
2021   343  17  9999.0
2021   343  18  9999.0
2021   343  19  9999.0
2021   343  20  9999.0
2021   343  21  9999.0
2021   343  22  9999.0
2021   343  23  9999.0
2021   344  0  9999.0
2021   344  1  9999.0
2021   344  2  9999.0
2021   344  3  9999.0
2021   344  4  9999.0
2021   344  5  9999.0
2021   344  6  9999.0
2021   344  7  9999.0
2021   344  8  9999.0
2021   344  9  9999.0
2021   344  10  9999.0
2021   344  11  9999.0
2021   344  12  9999.0
2021   344  13  9999.0
2021   344  14  9999.0
2021   344  15  9999.0
2021   344  16  9999.0
2021   344  17  9999.0
2021   344  18  9999.0
2021   344  19  9999.0
2021   344  20  9999.0
2021   344  21  9999.0
2021   344  22  9999.0
2021   344  23  9999.0
2021   345  0  9999.0
2021   345  1  9999.0
2021   345  2  9999.0
2021   345  3  9999.0
2021   345  4  9999.0
2021   345  5  9999.0
2021   345  6  9999.0
2021   345  7  9999.0
2021   345  8  9999.0
2021   345  9  9999.0
2021   345  10  9999.0
2021   345  11  9999.0
2021   345  12  9999.0
2021   345  13  9999.0
2021   345  14  9999.0
2021   345  15  9999.0
2021   345  16  9999.0
2021   345  17  9999.0
2021   345  18  9999.0
2021   345  19  9999.0
2021   345  20  9999.0
2021   345  21  9999.0
2021   345  22  9999.0
2021   345  23  9999.0
2021   346  0  9999.0
2021   346  1  9999.0
2021   346  2  9999.0
2021   346  3  9999.0
2021   346  4  9999.0
2021   346  5  9999.0
2021   346  6  9999.0
2021   346  7  9999.0
2021   346  8  9999.0
2021   346  9  9999.0
2021   346  10  9999.0
2021   346  11  9999.0
2021   346  12  9999.0
2021   346  13  9999.0
2021   346  14  9999.0
2021   346  15  9999.0
2021   346  16  9999.0
2021   346  17  9999.0
2021   346  18  9999.0
2021   346  19  9999.0
2021   346  20  9999.0
2021   346  21  9999.0
2021   346  22  9999.0
2021   346  23  9999.0
2021   347  0  9999.0
2021   347  1  9999.0
2021   347  2  9999.0
2021   347  3  9999.0
2021   347  4  9999.0
2021   347  5  9999.0
2021   347  6  9999.0
2021   347  7  9999.0
2021   347  8  9999.0
2021   347  9  9999.0
2021   347  10  9999.0
2021   347  11  9999.0
2021   347  12  9999.0
2021   347  13  9999.0
2021   347  14  9999.0
2021   347  15  9999.0
2021   347  16  9999.0
2021   347  17  9999.0
2021   347  18  9999.0
2021   347  19  9999.0
2021   347  20  9999.0
2021   347  21  9999.0
2021   347  22  9999.0
2021   347  23  9999.0
2021   348  0  9999.0
2021   348  1  9999.0
2021   348  2  9999.0
2021   348  3  9999.0
2021   348  4  9999.0
2021   348  5  9999.0
2021   348  6  9999.0
2021   348  7  9999.0
2021   348  8  9999.0
2021   348  9  9999.0
2021   348  10  9999.0
2021   348  11  9999.0
2021   348  12  9999.0
2021   348  13  9999.0
2021   348  14  9999.0
2021   348  15  9999.0
2021   348  16  9999.0
2021   348  17  9999.0
2021   348  18  9999.0
2021   348  19  9999.0
2021   348  20  9999.0
2021   348  21  9999.0
2021   348  22  9999.0
2021   348  23  9999.0
2021   349  0  9999.0
2021   349  1  9999.0
2021   349  2  9999.0
2021   349  3  9999.0
2021   349  4  9999.0
2021   349  5  9999.0
2021   349  6  9999.0
2021   349  7  9999.0
2021   349  8  9999.0
2021   349  9  9999.0
2021   349  10  9999.0
2021   349  11  9999.0
2021   349  12  9999.0
2021   349  13  9999.0
2021   349  14  9999.0
2021   349  15  9999.0
2021   349  16  9999.0
2021   349  17  9999.0
2021   349  18  9999.0
2021   349  19  9999.0
2021   349  20  9999.0
2021   349  21  9999.0
2021   349  22  9999.0
2021   349  23  9999.0
2021   350  0  9999.0
2021   350  1  9999.0
2021   350  2  9999.0
2021   350  3  9999.0
2021   350  4  9999.0
2021   350  5  9999.0
2021   350  6  9999.0
2021   350  7  9999.0
2021   350  8  9999.0
2021   350  9  9999.0
2021   350  10  9999.0
2021   350  11  9999.0
2021   350  12  9999.0
2021   350  13  9999.0
2021   350  14  9999.0
2021   350  15  9999.0
2021   350  16  9999.0
2021   350  17  9999.0
2021   350  18  9999.0
2021   350  19  9999.0
2021   350  20  9999.0
2021   350  21  9999.0
2021   350  22  9999.0
2021   350  23  9999.0
2021   351  0  9999.0
2021   351  1  9999.0
2021   351  2  9999.0
2021   351  3  9999.0
2021   351  4  9999.0
2021   351  5  9999.0
2021   351  6  9999.0
2021   351  7  9999.0
2021   351  8  9999.0
2021   351  9  9999.0
2021   351  10  9999.0
2021   351  11  9999.0
2021   351  12  9999.0
2021   351  13  9999.0
2021   351  14  9999.0
2021   351  15  9999.0
2021   351  16  9999.0
2021   351  17  9999.0
2021   351  18  9999.0
2021   351  19  9999.0
2021   351  20  9999.0
2021   351  21  9999.0
2021   351  22  9999.0
2021   351  23  9999.0
2021   352  0  9999.0
2021   352  1  9999.0
2021   352  2  9999.0
2021   352  3  9999.0
2021   352  4  9999.0
2021   352  5  9999.0
2021   352  6  9999.0
2021   352  7  9999.0
2021   352  8  9999.0
2021   352  9  9999.0
2021   352  10  9999.0
2021   352  11  9999.0
2021   352  12  9999.0
2021   352  13  9999.0
2021   352  14  9999.0
2021   352  15  9999.0
2021   352  16  9999.0
2021   352  17  9999.0
2021   352  18  9999.0
2021   352  19  9999.0
2021   352  20  9999.0
2021   352  21  9999.0
2021   352  22  9999.0
2021   352  23  9999.0
2021   353  0  9999.0
2021   353  1  9999.0
2021   353  2  9999.0
2021   353  3  9999.0
2021   353  4  9999.0
2021   353  5  9999.0
2021   353  6  9999.0
2021   353  7  9999.0
2021   353  8  9999.0
2021   353  9  9999.0
2021   353  10  9999.0
2021   353  11  9999.0
2021   353  12  9999.0
2021   353  13  9999.0
2021   353  14  9999.0
2021   353  15  9999.0
2021   353  16  9999.0
2021   353  17  9999.0
2021   353  18  9999.0
2021   353  19  9999.0
2021   353  20  9999.0
2021   353  21  9999.0
2021   353  22  9999.0
2021   353  23  9999.0
2021   354  0  9999.0
2021   354  1  9999.0
2021   354  2  9999.0
2021   354  3  9999.0
2021   354  4  9999.0
2021   354  5  9999.0
2021   354  6  9999.0
2021   354  7  9999.0
2021   354  8  9999.0
2021   354  9  9999.0
2021   354  10  9999.0
2021   354  11  9999.0
2021   354  12  9999.0
2021   354  13  9999.0
2021   354  14  9999.0
2021   354  15  9999.0
2021   354  16  9999.0
2021   354  17  9999.0
2021   354  18  9999.0
2021   354  19  9999.0
2021   354  20  9999.0
2021   354  21  9999.0
2021   354  22  9999.0
2021   354  23  9999.0
2021   355  0  9999.0
2021   355  1  9999.0
2021   355  2  9999.0
2021   355  3  9999.0
2021   355  4  9999.0
2021   355  5  9999.0
2021   355  6  9999.0
2021   355  7  9999.0
2021   355  8  9999.0
2021   355  9  9999.0
2021   355  10  9999.0
2021   355  11  9999.0
2021   355  12  9999.0
2021   355  13  9999.0
2021   355  14  9999.0
2021   355  15  9999.0
2021   355  16  9999.0
2021   355  17  9999.0
2021   355  18  9999.0
2021   355  19  9999.0
2021   355  20  9999.0
2021   355  21  9999.0
2021   355  22  9999.0
2021   355  23  9999.0
2021   356  0  9999.0
2021   356  1  9999.0
2021   356  2  9999.0
2021   356  3  9999.0
2021   356  4  9999.0
2021   356  5  9999.0
2021   356  6  9999.0
2021   356  7  9999.0
2021   356  8  9999.0
2021   356  9  9999.0
2021   356  10  9999.0
2021   356  11  9999.0
2021   356  12  9999.0
2021   356  13  9999.0
2021   356  14  9999.0
2021   356  15  9999.0
2021   356  16  9999.0
2021   356  17  9999.0
2021   356  18  9999.0
2021   356  19  9999.0
2021   356  20  9999.0
2021   356  21  9999.0
2021   356  22  9999.0
2021   356  23  9999.0
2021   357  0  9999.0
2021   357  1  9999.0
2021   357  2  9999.0
2021   357  3  9999.0
2021   357  4  9999.0
2021   357  5  9999.0
2021   357  6  9999.0
2021   357  7  9999.0
2021   357  8  9999.0
2021   357  9  9999.0
2021   357  10  9999.0
2021   357  11  9999.0
2021   357  12  9999.0
2021   357  13  9999.0
2021   357  14  9999.0
2021   357  15  9999.0
2021   357  16  9999.0
2021   357  17  9999.0
2021   357  18  9999.0
2021   357  19  9999.0
2021   357  20  9999.0
2021   357  21  9999.0
2021   357  22  9999.0
2021   357  23  9999.0
2021   358  0  9999.0
2021   358  1  9999.0
2021   358  2  9999.0
2021   358  3  9999.0
2021   358  4  9999.0
2021   358  5  9999.0
2021   358  6  9999.0
2021   358  7  9999.0
2021   358  8  9999.0
2021   358  9  9999.0
2021   358  10  9999.0
2021   358  11  9999.0
2021   358  12  9999.0
2021   358  13  9999.0
2021   358  14  9999.0
2021   358  15  9999.0
2021   358  16  9999.0
2021   358  17  9999.0
2021   358  18  9999.0
2021   358  19  9999.0
2021   358  20  9999.0
2021   358  21  9999.0
2021   358  22  9999.0
2021   358  23  9999.0
2021   359  0  9999.0
2021   359  1  9999.0
2021   359  2  9999.0
2021   359  3  9999.0
2021   359  4  9999.0
2021   359  5  9999.0
2021   359  6  9999.0
2021   359  7  9999.0
2021   359  8  9999.0
2021   359  9  9999.0
2021   359  10  9999.0
2021   359  11  9999.0
2021   359  12  9999.0
2021   359  13  9999.0
2021   359  14  9999.0
2021   359  15  9999.0
2021   359  16  9999.0
2021   359  17  9999.0
2021   359  18  9999.0
2021   359  19  9999.0
2021   359  20  9999.0
2021   359  21  9999.0
2021   359  22  9999.0
2021   359  23  9999.0
2021   360  0  9999.0
2021   360  1  9999.0
2021   360  2  9999.0
2021   360  3  9999.0
2021   360  4  9999.0
2021   360  5  9999.0
2021   360  6  9999.0
2021   360  7  9999.0
2021   360  8  9999.0
2021   360  9  9999.0
2021   360  10  9999.0
2021   360  11  9999.0
2021   360  12  9999.0
2021   360  13  9999.0
2021   360  14  9999.0
2021   360  15  9999.0
2021   360  16  9999.0
2021   360  17  9999.0
2021   360  18  9999.0
2021   360  19  9999.0
2021   360  20  9999.0
2021   360  21  9999.0
2021   360  22  9999.0
2021   360  23  9999.0
2021   361  0  9999.0
2021   361  1  9999.0
2021   361  2  9999.0
2021   361  3  9999.0
2021   361  4  9999.0
2021   361  5  9999.0
2021   361  6  9999.0
2021   361  7  9999.0
2021   361  8  9999.0
2021   361  9  9999.0
2021   361  10  9999.0
2021   361  11  9999.0
2021   361  12  9999.0
2021   361  13  9999.0
2021   361  14  9999.0
2021   361  15  9999.0
2021   361  16  9999.0
2021   361  17  9999.0
2021   361  18  9999.0
2021   361  19  9999.0
2021   361  20  9999.0
2021   361  21  9999.0
2021   361  22  9999.0
2021   361  23  9999.0
2021   362  0  9999.0
2021   362  1  9999.0
2021   362  2  9999.0
2021   362  3  9999.0
2021   362  4  9999.0
2021   362  5  9999.0
2021   362  6  9999.0
2021   362  7  9999.0
2021   362  8  9999.0
2021   362  9  9999.0
2021   362  10  9999.0
2021   362  11  9999.0
2021   362  12  9999.0
2021   362  13  9999.0
2021   362  14  9999.0
2021   362  15  9999.0
2021   362  16  9999.0
2021   362  17  9999.0
2021   362  18  9999.0
2021   362  19  9999.0
2021   362  20  9999.0
2021   362  21  9999.0
2021   362  22  9999.0
2021   362  23  9999.0
2021   363  0  9999.0
2021   363  1  9999.0
2021   363  2  9999.0
2021   363  3  9999.0
2021   363  4  9999.0
2021   363  5  9999.0
2021   363  6  9999.0
2021   363  7  9999.0
2021   363  8  9999.0
2021   363  9  9999.0
2021   363  10  9999.0
2021   363  11  9999.0
2021   363  12  9999.0
2021   363  13  9999.0
2021   363  14  9999.0
2021   363  15  9999.0
2021   363  16  9999.0
2021   363  17  9999.0
2021   363  18  9999.0
2021   363  19  9999.0
2021   363  20  9999.0
2021   363  21  9999.0
2021   363  22  9999.0
2021   363  23  9999.0
2021   364  0  9999.0
2021   364  1  9999.0
2021   364  2  9999.0
2021   364  3  9999.0
2021   364  4  9999.0
2021   364  5  9999.0
2021   364  6  9999.0
2021   364  7  9999.0
2021   364  8  9999.0
2021   364  9  9999.0
2021   364  10  9999.0
2021   364  11  9999.0
2021   364  12  9999.0
2021   364  13  9999.0
2021   364  14  9999.0
2021   364  15  9999.0
2021   364  16  9999.0
2021   364  17  9999.0
2021   364  18  9999.0
2021   364  19  9999.0
2021   364  20  9999.0
2021   364  21  9999.0
2021   364  22  9999.0
2021   364  23  9999.0
2021   365  0  9999.0
2021   365  1  9999.0
2021   365  2  9999.0
2021   365  3  9999.0
2021   365  4  9999.0
2021   365  5  9999.0
2021   365  6  9999.0
2021   365  7  9999.0
2021   365  8  9999.0
2021   365  9  9999.0
2021   365  10  9999.0
2021   365  11  9999.0
2021   365  12  9999.0
2021   365  13  9999.0
2021   365  14  9999.0
2021   365  15  9999.0
2021   365  16  9999.0
2021   365  17  9999.0
2021   365  18  9999.0
2021   365  19  9999.0
2021   365  20  9999.0
2021   365  21  9999.0
2021   365  22  9999.0
2021   365  23  9999.0
