2020  92  0  502.
2020  92  1  504.
2020  92  2  495.
2020  92  3  469.
2020  92  4  451.
2020  92  5  457.
2020  92  6  489.
2020  92  7  486.
2020  92  8  476.
2020  92  9  461.
2020  92 10  453.
2020  92 11  451.
2020  92 12  451.
2020  92 13  448.
2020  92 14  448.
2020  92 15  452.
2020  92 16  447.
2020  92 17  446.
2020  92 18  436.
2020  92 19  436.
2020  92 20  429.
2020  92 21  422.
2020  92 22  417.
2020  92 23  412.
2020  93  0  406.
2020  93  1  410.
2020  93  2  424.
2020  93  3  418.
2020  93  4  412.
2020  93  5  424.
2020  93  6  423.
2020  93  7  422.
2020  93  8  424.
2020  93  9  414.
2020  93 10  411.
2020  93 11  414.
2020  93 12  414.
2020  93 13  414.
2020  93 14  406.
2020  93 15  407.
2020  93 16  408.
2020  93 17  406.
2020  93 18  406.
2020  93 19  409.
2020  93 20  416.
2020  93 21  423.
2020  93 22  389.
2020  93 23  390.
2020  94  0  392.
2020  94  1  391.
2020  94  2  389.
2020  94  3  386.
2020  94  4  379.
2020  94  5  395.
2020  94  6  398.
2020  94  7  394.
2020  94  8  395.
2020  94  9  382.
2020  94 10  381.
2020  94 11  386.
2020  94 12  385.
2020  94 13  407.
2020  94 14  423.
2020  94 15  420.
2020  94 16  434.
2020  94 17  438.
2020  94 18  422.
2020  94 19  415.
2020  94 20  427.
2020  94 21  431.
2020  94 22  430.
2020  94 23  422.
2020  95  0  428.
2020  95  1  430.
2020  95  2  424.
2020  95  3  414.
2020  95  4  412.
2020  95  5  430.
2020  95  6  431.
2020  95  7  435.
2020  95  8  429.
2020  95  9  431.
2020  95 10  434.
2020  95 11  433.
2020  95 12  423.
2020  95 13  422.
2020  95 14  427.
2020  95 15  416.
2020  95 16  407.
2020  95 17  402.
2020  95 18  422.
2020  95 19  426.
2020  95 20  432.
2020  95 21  422.
2020  95 22  419.
2020  95 23  414.
2020  96  0  417.
2020  96  1  416.
2020  96  2  414.
2020  96  3  432.
2020  96  4  431.
2020  96  5  426.
2020  96  6  430.
2020  96  7  428.
2020  96  8  447.
2020  96  9  441.
2020  96 10  428.
2020  96 11  430.
2020  96 12  425.
2020  96 13  406.
2020  96 14  406.
2020  96 15  418.
2020  96 16  406.
2020  96 17  400.
2020  96 18  395.
2020  96 19  391.
2020  96 20  384.
2020  96 21  382.
2020  96 22  381.
2020  96 23  375.
2020  97  0  377.
2020  97  1  376.
2020  97  2  366.
2020  97  3  375.
2020  97  4  370.
2020  97  5  369.
2020  97  6  364.
2020  97  7  372.
2020  97  8  364.
2020  97  9  357.
2020  97 10  363.
2020  97 11  363.
2020  97 12  353.
2020  97 13  358.
2020  97 14  348.
2020  97 15  339.
2020  97 16  328.
2020  97 17  329.
2020  97 18  334.
2020  97 19  328.
2020  97 20  328.
2020  97 21  335.
2020  97 22  335.
2020  97 23  339.
2020  98  0  349.
2020  98  1  344.
2020  98  2  341.
2020  98  3  336.
2020  98  4  332.
2020  98  5  330.
2020  98  6  332.
2020  98  7  329.
2020  98  8  323.
2020  98  9  319.
2020  98 10  314.
2020  98 11  308.
2020  98 12  301.
2020  98 13  302.
2020  98 14  295.
2020  98 15  296.
2020  98 16  302.
2020  98 17  306.
2020  98 18  303.
2020  98 19  300.
2020  98 20  299.
2020  98 21  307.
2020  98 22  314.
2020  98 23  310.
2020  99  0  327.
2020  99  1  331.
2020  99  2  341.
2020  99  3  350.
2020  99  4  346.
2020  99  5  341.
2020  99  6  357.
2020  99  7  368.
2020  99  8  379.
2020  99  9  369.
2020  99 10  377.
2020  99 11  399.
2020  99 12  401.
2020  99 13  397.
2020  99 14  410.
2020  99 15  427.
2020  99 16  446.
2020  99 17  456.
2020  99 18  466.
2020  99 19  484.
2020  99 20  474.
2020  99 21  462.
2020  99 22  468.
2020  99 23  475.
2020 100  0  476.
2020 100  1  460.
2020 100  2  444.
2020 100  3  448.
2020 100  4  440.
2020 100  5  438.
2020 100  6  435.
2020 100  7  430.
2020 100  8  415.
2020 100  9  411.
2020 100 10  407.
2020 100 11  402.
2020 100 12  396.
2020 100 13  389.
2020 100 14  382.
2020 100 15  379.
2020 100 16  377.
2020 100 17  375.
2020 100 18  374.
2020 100 19  369.
2020 100 20  361.
2020 100 21  356.
2020 100 22  362.
2020 100 23  357.
2020 101  0  346.
2020 101  1  355.
2020 101  2  342.
2020 101  3  348.
2020 101  4  336.
2020 101  5  345.
2020 101  6  344.
2020 101  7  344.
2020 101  8  348.
2020 101  9  349.
2020 101 10  347.
2020 101 11  355.
2020 101 12  372.
2020 101 13  381.
2020 101 14  381.
2020 101 15  380.
2020 101 16  385.
2020 101 17  381.
2020 101 18  376.
2020 101 19  372.
2020 101 20  367.
2020 101 21  366.
2020 101 22  360.
2020 101 23  350.
2020 102  0  349.
2020 102  1  346.
2020 102  2  343.
2020 102  3  353.
2020 102  4  345.
2020 102  5  342.
2020 102  6  346.
2020 102  7  342.
2020 102  8  341.
2020 102  9  350.
2020 102 10  349.
2020 102 11  348.
2020 102 12  350.
2020 102 13  359.
2020 102 14  362.
2020 102 15  372.
2020 102 16  381.
2020 102 17  386.
2020 102 18  394.
2020 102 19  411.
2020 102 20  417.
2020 102 21  419.
2020 102 22  417.
2020 102 23  407.
2020 103  0  418.
2020 103  1  421.
2020 103  2  422.
2020 103  3  404.
2020 103  4  411.
2020 103  5  434.
2020 103  6  441.
2020 103  7  446.
2020 103  8  438.
2020 103  9  448.
2020 103 10  438.
2020 103 11  433.
2020 103 12  431.
2020 103 13  419.
2020 103 14  401.
2020 103 15  402.
2020 103 16  403.
2020 103 17  408.
2020 103 18  413.
2020 103 19  407.
2020 103 20  416.
2020 103 21  399.
2020 103 22  395.
2020 103 23  393.
2020 104  0  390.
2020 104  1  392.
2020 104  2  404.
2020 104  3  407.
2020 104  4  408.
2020 104  5  401.
2020 104  6  408.
2020 104  7  406.
2020 104  8  409.
2020 104  9  404.
2020 104 10  400.
2020 104 11  398.
2020 104 12  395.
2020 104 13  392.
2020 104 14  387.
2020 104 15  377.
2020 104 16  367.
2020 104 17  365.
2020 104 18  363.
2020 104 19  366.
2020 104 20  362.
2020 104 21  359.
2020 104 22  374.
2020 104 23  379.
2020 105  0  373.
2020 105  1  371.
2020 105  2  394.
2020 105  3  394.
2020 105  4  410.
2020 105  5  416.
2020 105  6  417.
2020 105  7  395.
2020 105  8  395.
2020 105  9  404.
2020 105 10  408.
2020 105 11  398.
2020 105 12  396.
2020 105 13  394.
2020 105 14  394.
2020 105 15  395.
2020 105 16  390.
2020 105 17  386.
2020 105 18  386.
2020 105 19  385.
2020 105 20  390.
2020 105 21  397.
2020 105 22  410.
2020 105 23  404.
2020 106  0  414.
2020 106  1  409.
2020 106  2  414.
2020 106  3  432.
2020 106  4  431.
2020 106  5  427.
2020 106  6  410.
2020 106  7  399.
2020 106  8  402.
2020 106  9  413.
2020 106 10  416.
2020 106 11  417.
2020 106 12  405.
2020 106 13  406.
2020 106 14  411.
2020 106 15  411.
2020 106 16  405.
2020 106 17  394.
2020 106 18  400.
2020 106 19  404.
2020 106 20  408.
2020 106 21  413.
2020 106 22  408.
2020 106 23  413.
2020 107  0  415.
2020 107  1  414.
2020 107  2  411.
2020 107  3  409.
2020 107  4  404.
2020 107  5  410.
2020 107  6  394.
2020 107  7  394.
2020 107  8  378.
2020 107  9  376.
2020 107 10  371.
2020 107 11  372.
2020 107 12  358.
2020 107 13  355.
2020 107 14  356.
2020 107 15  345.
2020 107 16  343.
2020 107 17  344.
2020 107 18  346.
2020 107 19  348.
2020 107 20  344.
2020 107 21  344.
2020 107 22  330.
2020 107 23  330.
2020 108  0  324.
2020 108  1  306.
2020 108  2  302.
2020 108  3  304.
2020 108  4  304.
2020 108  5  301.
2020 108  6  307.
2020 108  7  309.
2020 108  8  317.
2020 108  9  329.
2020 108 10  325.
2020 108 11  317.
2020 108 12  313.
2020 108 13  319.
2020 108 14  303.
2020 108 15  295.
2020 108 16  297.
2020 108 17  306.
2020 108 18  291.
2020 108 19  313.
2020 108 20  329.
2020 108 21  327.
2020 108 22  332.
2020 108 23  330.
2020 109  0  327.
2020 109  1  328.
2020 109  2  334.
2020 109  3  326.
2020 109  4  320.
2020 109  5  316.
2020 109  6  313.
2020 109  7  313.
2020 109  8  320.
2020 109  9  317.
2020 109 10  321.
2020 109 11  320.
2020 109 12  320.
2020 109 13  322.
2020 109 14  328.
2020 109 15  329.
2020 109 16  327.
2020 109 17  327.
2020 109 18  327.
2020 109 19  326.
2020 109 20  324.
2020 109 21  324.
2020 109 22  323.
2020 109 23  319.
2020 110  0  316.
2020 110  1  319.
2020 110  2  317.
2020 110  3  318.
2020 110  4  319.
2020 110  5  319.
2020 110  6  318.
2020 110  7  321.
2020 110  8  315.
2020 110  9  311.
2020 110 10  313.
2020 110 11  319.
2020 110 12  319.
2020 110 13  317.
2020 110 14  324.
2020 110 15  322.
2020 110 16  316.
2020 110 17  312.
2020 110 18  307.
2020 110 19  301.
2020 110 20  301.
2020 110 21  301.
2020 110 22  299.
2020 110 23  295.
2020 111  0  294.
2020 111  1  291.
2020 111  2  308.
2020 111  3  343.
2020 111  4  346.
2020 111  5  349.
2020 111  6  352.
2020 111  7  360.
2020 111  8  371.
2020 111  9  367.
2020 111 10  361.
2020 111 11  361.
2020 111 12  365.
2020 111 13  367.
2020 111 14  359.
2020 111 15  352.
2020 111 16  351.
2020 111 17  346.
2020 111 18  342.
2020 111 19  340.
2020 111 20  336.
2020 111 21  333.
2020 111 22  332.
2020 111 23  331.
2020 112  0  329.
2020 112  1  331.
2020 112  2  331.
2020 112  3  341.
2020 112  4  341.
2020 112  5  343.
2020 112  6  342.
2020 112  7  349.
2020 112  8  351.
2020 112  9  349.
2020 112 10  343.
2020 112 11  344.
2020 112 12  344.
2020 112 13  381.
2020 112 14  402.
2020 112 15  402.
2020 112 16  389.
2020 112 17  370.
2020 112 18  392.
2020 112 19  394.
2020 112 20  403.
2020 112 21  446.
2020 112 22  460.
2020 112 23  450.
2020 113  0  460.
2020 113  1  463.
2020 113  2  490.
2020 113  3  475.
2020 113  4  447.
2020 113  5  445.
2020 113  6  446.
2020 113  7  446.
2020 113  8  458.
2020 113  9  457.
2020 113 10  452.
2020 113 11  446.
2020 113 12  444.
2020 113 13  455.
2020 113 14  448.
2020 113 15  455.
2020 113 16  450.
2020 113 17  442.
2020 113 18  434.
2020 113 19  431.
2020 113 20  425.
2020 113 21  416.
2020 113 22  412.
2020 113 23  419.
2020 114  0  408.
2020 114  1  401.
2020 114  2  410.
2020 114  3  426.
2020 114  4  418.
2020 114  5  426.
2020 114  6  428.
2020 114  7  417.
2020 114  8  410.
2020 114  9  399.
2020 114 10  395.
2020 114 11  405.
2020 114 12  401.
2020 114 13  401.
2020 114 14  402.
2020 114 15  397.
2020 114 16  396.
2020 114 17  394.
2020 114 18  387.
2020 114 19  383.
2020 114 20  378.
2020 114 21  376.
2020 114 22  382.
2020 114 23  367.
2020 115  0  381.
2020 115  1  379.
2020 115  2  391.
2020 115  3  389.
2020 115  4  376.
2020 115  5  365.
2020 115  6  362.
2020 115  7  362.
2020 115  8  367.
2020 115  9  377.
2020 115 10  378.
2020 115 11  368.
2020 115 12  368.
2020 115 13  371.
2020 115 14  369.
2020 115 15  374.
2020 115 16  387.
2020 115 17  398.
2020 115 18  392.
2020 115 19  381.
2020 115 20  381.
2020 115 21  394.
2020 115 22  387.
2020 115 23  394.
2020 116  0  388.
2020 116  1  396.
2020 116  2  394.
2020 116  3  406.
2020 116  4  401.
2020 116  5  412.
2020 116  6  418.
2020 116  7  418.
2020 116  8  419.
2020 116  9  425.
2020 116 10  415.
2020 116 11  415.
2020 116 12  417.
2020 116 13  410.
2020 116 14  414.
2020 116 15  410.
2020 116 16  396.
2020 116 17  390.
2020 116 18  383.
2020 116 19  385.
2020 116 20  386.
2020 116 21  385.
2020 116 22  380.
2020 116 23  374.
2020 117  0  376.
2020 117  1  387.
2020 117  2  386.
2020 117  3  383.
2020 117  4  374.
2020 117  5  371.
2020 117  6  381.
2020 117  7  379.
2020 117  8  382.
2020 117  9  389.
2020 117 10  389.
2020 117 11  395.
2020 117 12  391.
2020 117 13  388.
2020 117 14  404.
2020 117 15  402.
2020 117 16  406.
2020 117 17  403.
2020 117 18  404.
2020 117 19  408.
2020 117 20  413.
2020 117 21  409.
2020 117 22  406.
2020 117 23  411.
2020 118  0  413.
2020 118  1  424.
2020 118  2  425.
2020 118  3  419.
2020 118  4  398.
2020 118  5  384.
2020 118  6  383.
2020 118  7  371.
2020 118  8  381.
2020 118  9  380.
2020 118 10  389.
2020 118 11  398.
2020 118 12  405.
2020 118 13  402.
2020 118 14  409.
2020 118 15  417.
2020 118 16  417.
2020 118 17  426.
2020 118 18  427.
2020 118 19  429.
2020 118 20  411.
2020 118 21  404.
2020 118 22  393.
2020 118 23  393.
2020 119  0  406.
2020 119  1  405.
2020 119  2  400.
2020 119  3  398.
2020 119  4  392.
2020 119  5  385.
2020 119  6  384.
2020 119  7  394.
2020 119  8  391.
2020 119  9  390.
2020 119 10  379.
2020 119 11  389.
2020 119 12  415.
2020 119 13  409.
2020 119 14  417.
2020 119 15  406.
2020 119 16  409.
2020 119 17  408.
2020 119 18  408.
2020 119 19  390.
2020 119 20  386.
2020 119 21  380.
2020 119 22  373.
2020 119 23  382.
2020 120  0  375.
2020 120  1  371.
2020 120  2  366.
2020 120  3  359.
2020 120  4  359.
2020 120  5  356.
2020 120  6  354.
2020 120  7  347.
2020 120  8  347.
2020 120  9  347.
2020 120 10  346.
2020 120 11  345.
2020 120 12  348.
2020 120 13  357.
2020 120 14  358.
2020 120 15  360.
2020 120 16 9999.
2020 120 17  348.
2020 120 18  344.
2020 120 19  336.
2020 120 20  331.
2020 120 21  329.
2020 120 22  323.
2020 120 23  319.
2020 121  0  316.
2020 121  1  314.
2020 121  2  305.
2020 121  3  298.
2020 121  4  298.
2020 121  5  298.
2020 121  6  298.
2020 121  7  295.
2020 121  8  288.
2020 121  9  286.
2020 121 10  285.
2020 121 11  280.
2020 121 12  278.
2020 121 13  279.
2020 121 14  281.
2020 121 15  290.
2020 121 16  290.
2020 121 17  290.
2020 121 18  289.
2020 121 19  283.
2020 121 20  276.
2020 121 21  275.
2020 121 22  276.
2020 121 23  275.
2020 122  0  286.
2020 122  1  292.
2020 122  2  294.
2020 122  3  294.
2020 122  4  301.
2020 122  5  317.
2020 122  6  317.
2020 122  7  313.
2020 122  8  303.
2020 122  9  296.
2020 122 10  307.
2020 122 11  309.
2020 122 12  312.
2020 122 13  312.
2020 122 14  308.
2020 122 15  305.
2020 122 16  299.
2020 122 17  294.
2020 122 18  290.
2020 122 19  291.
2020 122 20  289.
2020 122 21  299.
2020 122 22  305.
2020 122 23  326.
2020 123  0  314.
2020 123  1  318.
2020 123  2  324.
2020 123  3  329.
2020 123  4  332.
2020 123  5  332.
2020 123  6  328.
2020 123  7  318.
2020 123  8  320.
2020 123  9  335.
2020 123 10  332.
2020 123 11  323.
2020 123 12  319.
2020 123 13  318.
2020 123 14  317.
2020 123 15  316.
2020 123 16  325.
2020 123 17  320.
2020 123 18  332.
2020 123 19  340.
2020 123 20  323.
2020 123 21  325.
2020 123 22  328.
2020 123 23  332.
2020 124  0  332.
2020 124  1  335.
2020 124  2  331.
2020 124  3  328.
2020 124  4  327.
2020 124  5  323.
2020 124  6  323.
2020 124  7  320.
2020 124  8  320.
2020 124  9  316.
2020 124 10  316.
2020 124 11  311.
2020 124 12  297.
2020 124 13  284.
2020 124 14  290.
2020 124 15  292.
2020 124 16  295.
2020 124 17  291.
2020 124 18  297.
2020 124 19  304.
2020 124 20  317.
2020 124 21  313.
2020 124 22  312.
2020 124 23  315.
2020 125  0  308.
2020 125  1  307.
2020 125  2  313.
2020 125  3  313.
2020 125  4  301.
2020 125  5  315.
2020 125  6  322.
2020 125  7  324.
2020 125  8  326.
2020 125  9  328.
2020 125 10  330.
2020 125 11  325.
2020 125 12  334.
2020 125 13  329.
2020 125 14  320.
2020 125 15  322.
2020 125 16  319.
2020 125 17  318.
2020 125 18  322.
2020 125 19  322.
2020 125 20  333.
2020 125 21  324.
2020 125 22  329.
2020 125 23  334.
2020 126  0  335.
2020 126  1  327.
2020 126  2  329.
2020 126  3  327.
2020 126  4  315.
2020 126  5  311.
2020 126  6  312.
2020 126  7  310.
2020 126  8  304.
2020 126  9  300.
2020 126 10  303.
2020 126 11  303.
2020 126 12  303.
2020 126 13  304.
2020 126 14  318.
2020 126 15  316.
2020 126 16  328.
2020 126 17  329.
2020 126 18  332.
2020 126 19  332.
2020 126 20  332.
2020 126 21  320.
2020 126 22  325.
2020 126 23  326.
2020 127  0  329.
2020 127  1  318.
2020 127  2  334.
2020 127  3  330.
2020 127  4  314.
2020 127  5  302.
2020 127  6  302.
2020 127  7  294.
2020 127  8  293.
2020 127  9  294.
2020 127 10  314.
2020 127 11  327.
2020 127 12  325.
2020 127 13  323.
2020 127 14  318.
2020 127 15  321.
2020 127 16  312.
2020 127 17  309.
2020 127 18  307.
2020 127 19  303.
2020 127 20  297.
2020 127 21  297.
2020 127 22  298.
2020 127 23  296.
2020 128  0  295.
2020 128  1  299.
2020 128  2  306.
2020 128  3  308.
2020 128  4  308.
2020 128  5  315.
2020 128  6  318.
2020 128  7  311.
2020 128  8  320.
2020 128  9  319.
2020 128 10  323.
2020 128 11  321.
2020 128 12  328.
2020 128 13  337.
2020 128 14  337.
2020 128 15  336.
2020 128 16  337.
2020 128 17  333.
2020 128 18  332.
2020 128 19  330.
2020 128 20  329.
2020 128 21  328.
2020 128 22  328.
2020 128 23  324.
2020 129  0  324.
2020 129  1  332.
2020 129  2  334.
2020 129  3  331.
2020 129  4  335.
2020 129  5  335.
2020 129  6  332.
2020 129  7  332.
2020 129  8  335.
2020 129  9  344.
2020 129 10  347.
2020 129 11  342.
2020 129 12  344.
2020 129 13  344.
2020 129 14  337.
2020 129 15  333.
2020 129 16  325.
2020 129 17  326.
2020 129 18  328.
2020 129 19  329.
2020 129 20  327.
2020 129 21  333.
2020 129 22  337.
2020 129 23  336.
2020 130  0  329.
2020 130  1  327.
2020 130  2  325.
2020 130  3  325.
2020 130  4  319.
2020 130  5  318.
2020 130  6  316.
2020 130  7  313.
2020 130  8  312.
2020 130  9  314.
2020 130 10  318.
2020 130 11  319.
2020 130 12  318.
2020 130 13  320.
2020 130 14  319.
2020 130 15  312.
2020 130 16  310.
2020 130 17  314.
2020 130 18  306.
2020 130 19  305.
2020 130 20  297.
2020 130 21  307.
2020 130 22  312.
2020 130 23  309.
2020 131  0  312.
2020 131  1  310.
2020 131  2  307.
2020 131  3  306.
2020 131  4  304.
2020 131  5  308.
2020 131  6  303.
2020 131  7  301.
2020 131  8  298.
2020 131  9  296.
2020 131 10  294.
2020 131 11  295.
2020 131 12  299.
2020 131 13  291.
2020 131 14  298.
2020 131 15  314.
2020 131 16  323.
2020 131 17  322.
2020 131 18  323.
2020 131 19  326.
2020 131 20  323.
2020 131 21  321.
2020 131 22  312.
2020 131 23  313.
2020 132  0  325.
2020 132  1  322.
2020 132  2  327.
2020 132  3  334.
2020 132  4  324.
2020 132  5  335.
2020 132  6  348.
2020 132  7  347.
2020 132  8  343.
2020 132  9  342.
2020 132 10  339.
2020 132 11  336.
2020 132 12  336.
2020 132 13  326.
2020 132 14  327.
2020 132 15  326.
2020 132 16  327.
2020 132 17  329.
2020 132 18  327.
2020 132 19  322.
2020 132 20  320.
2020 132 21  320.
2020 132 22  320.
2020 132 23  321.
2020 133  0  322.
2020 133  1  323.
2020 133  2  323.
2020 133  3  319.
2020 133  4  318.
2020 133  5  313.
2020 133  6  311.
2020 133  7  308.
2020 133  8  310.
2020 133  9  314.
2020 133 10  311.
2020 133 11  305.
2020 133 12  303.
2020 133 13  299.
2020 133 14  303.
2020 133 15  302.
2020 133 16  305.
2020 133 17  307.
2020 133 18  308.
2020 133 19  311.
2020 133 20  308.
2020 133 21  314.
2020 133 22  314.
2020 133 23  314.
2020 134  0  315.
2020 134  1  316.
2020 134  2  315.
2020 134  3  315.
2020 134  4  314.
2020 134  5  309.
2020 134  6  311.
2020 134  7  316.
2020 134  8  323.
2020 134  9  315.
2020 134 10  312.
2020 134 11  314.
2020 134 12  310.
2020 134 13  307.
2020 134 14  305.
2020 134 15  304.
2020 134 16  303.
2020 134 17  299.
2020 134 18  301.
2020 134 19  299.
2020 134 20  294.
2020 134 21  290.
2020 134 22  289.
2020 134 23  293.
2020 135  0  300.
2020 135  1  306.
2020 135  2  304.
2020 135  3  300.
2020 135  4  300.
2020 135  5  299.
2020 135  6  299.
2020 135  7  298.
2020 135  8  302.
2020 135  9  303.
2020 135 10  299.
2020 135 11  297.
2020 135 12  297.
2020 135 13  295.
2020 135 14  292.
2020 135 15  289.
2020 135 16  290.
2020 135 17  290.
2020 135 18  283.
2020 135 19  284.
2020 135 20  289.
2020 135 21  294.
2020 135 22  294.
2020 135 23  295.
2020 136  0  299.
2020 136  1  303.
2020 136  2  303.
2020 136  3  303.
2020 136  4  302.
2020 136  5  299.
2020 136  6  298.
2020 136  7  295.
2020 136  8  290.
2020 136  9  306.
2020 136 10  304.
2020 136 11  308.
2020 136 12  307.
2020 136 13  304.
2020 136 14  304.
2020 136 15  317.
2020 136 16  310.
2020 136 17  306.
2020 136 18  307.
2020 136 19  306.
2020 136 20  303.
2020 136 21  316.
2020 136 22  310.
2020 136 23  312.
2020 137  0  317.
2020 137  1  307.
2020 137  2  303.
2020 137  3  304.
2020 137  4  308.
2020 137  5  303.
2020 137  6  306.
2020 137  7  310.
2020 137  8  312.
2020 137  9  303.
2020 137 10  307.
2020 137 11  321.
2020 137 12  319.
2020 137 13  314.
2020 137 14  300.
2020 137 15  295.
2020 137 16  303.
2020 137 17  314.
2020 137 18  314.
2020 137 19  314.
2020 137 20  316.
2020 137 21  305.
2020 137 22  306.
2020 137 23  307.
2020 138  0  315.
2020 138  1  312.
2020 138  2  304.
2020 138  3  300.
2020 138  4  305.
2020 138  5  304.
2020 138  6  305.
2020 138  7  306.
2020 138  8  304.
2020 138  9  303.
2020 138 10  304.
2020 138 11  302.
2020 138 12  299.
2020 138 13  296.
2020 138 14  292.
2020 138 15  294.
2020 138 16  299.
2020 138 17  302.
2020 138 18  307.
2020 138 19  307.
2020 138 20  306.
2020 138 21  311.
2020 138 22  310.
2020 138 23  308.
2020 139  0  304.
2020 139  1  301.
2020 139  2  299.
2020 139  3  297.
2020 139  4  294.
2020 139  5  293.
2020 139  6  293.
2020 139  7  296.
2020 139  8  294.
2020 139  9  300.
2020 139 10  299.
2020 139 11  306.
2020 139 12  311.
2020 139 13  315.
2020 139 14  311.
2020 139 15  309.
2020 139 16  316.
2020 139 17  327.
2020 139 18  335.
2020 139 19  336.
2020 139 20  335.
2020 139 21  335.
2020 139 22  338.
2020 139 23  340.
2020 140  0  349.
2020 140  1  349.
2020 140  2  349.
2020 140  3  351.
2020 140  4  351.
2020 140  5  359.
2020 140  6  356.
2020 140  7  354.
2020 140  8  357.
2020 140  9  356.
2020 140 10  360.
2020 140 11  369.
2020 140 12  373.
2020 140 13  372.
2020 140 14  381.
2020 140 15  384.
2020 140 16  380.
2020 140 17  385.
2020 140 18  379.
2020 140 19  384.
2020 140 20  380.
2020 140 21  383.
2020 140 22  382.
2020 140 23  374.
2020 141  0  377.
2020 141  1  372.
2020 141  2  375.
2020 141  3  368.
2020 141  4  368.
2020 141  5  380.
2020 141  6  389.
2020 141  7  398.
2020 141  8  396.
2020 141  9  384.
2020 141 10  382.
2020 141 11  378.
2020 141 12  377.
2020 141 13  375.
2020 141 14  371.
2020 141 15  370.
2020 141 16  365.
2020 141 17  358.
2020 141 18  361.
2020 141 19  358.
2020 141 20  359.
2020 141 21  351.
2020 141 22  353.
2020 141 23  350.
2020 142  0  346.
2020 142  1  347.
2020 142  2  352.
2020 142  3  353.
2020 142  4  353.
2020 142  5  354.
2020 142  6  355.
2020 142  7  351.
2020 142  8  347.
2020 142  9  345.
2020 142 10  341.
2020 142 11  342.
2020 142 12  347.
2020 142 13  339.
2020 142 14  336.
2020 142 15  339.
2020 142 16  335.
2020 142 17  329.
2020 142 18  321.
2020 142 19  324.
2020 142 20  322.
2020 142 21  323.
2020 142 22  326.
2020 142 23  326.
2020 143  0  329.
2020 143  1  325.
2020 143  2  334.
2020 143  3  336.
2020 143  4  335.
2020 143  5  331.
2020 143  6  328.
2020 143  7  335.
2020 143  8  338.
2020 143  9  338.
2020 143 10  323.
2020 143 11  318.
2020 143 12  320.
2020 143 13  328.
2020 143 14  329.
2020 143 15  330.
2020 143 16  324.
2020 143 17  324.
2020 143 18  331.
2020 143 19  335.
2020 143 20  342.
2020 143 21  356.
2020 143 22  353.
2020 143 23  355.
2020 144  0  349.
2020 144  1  345.
2020 144  2  354.
2020 144  3  358.
2020 144  4  361.
2020 144  5  358.
2020 144  6  354.
2020 144  7  358.
2020 144  8  353.
2020 144  9  350.
2020 144 10  345.
2020 144 11  351.
2020 144 12  353.
2020 144 13  356.
2020 144 14  357.
2020 144 15  352.
2020 144 16  348.
2020 144 17  345.
2020 144 18  342.
2020 144 19  341.
2020 144 20  338.
2020 144 21  335.
2020 144 22  332.
2020 144 23  333.
2020 145  0  333.
2020 145  1  333.
2020 145  2  334.
2020 145  3  328.
2020 145  4  332.
2020 145  5  330.
2020 145  6  325.
2020 145  7  324.
2020 145  8  326.
2020 145  9  332.
2020 145 10  334.
2020 145 11  335.
2020 145 12  337.
2020 145 13  334.
2020 145 14  336.
2020 145 15  341.
2020 145 16  344.
2020 145 17  342.
2020 145 18  340.
2020 145 19  333.
2020 145 20  331.
2020 145 21  330.
2020 145 22  332.
2020 145 23  338.
2020 146  0  340.
2020 146  1  337.
2020 146  2  327.
2020 146  3  329.
2020 146  4  332.
2020 146  5  328.
2020 146  6  337.
2020 146  7  338.
2020 146  8  331.
2020 146  9  319.
2020 146 10  316.
2020 146 11  310.
2020 146 12  319.
2020 146 13  319.
2020 146 14  313.
2020 146 15  313.
2020 146 16  313.
2020 146 17  312.
2020 146 18  314.
2020 146 19  313.
2020 146 20  310.
2020 146 21  309.
2020 146 22  322.
2020 146 23  320.
2020 147  0  321.
2020 147  1  321.
2020 147  2  321.
2020 147  3  319.
2020 147  4  315.
2020 147  5  317.
2020 147  6  318.
2020 147  7  327.
2020 147  8  326.
2020 147  9  316.
2020 147 10  310.
2020 147 11  311.
2020 147 12  311.
2020 147 13  310.
2020 147 14  308.
2020 147 15  310.
2020 147 16  308.
2020 147 17  304.
2020 147 18  308.
2020 147 19  315.
2020 147 20  310.
2020 147 21  307.
2020 147 22  305.
2020 147 23  306.
2020 148  0  306.
2020 148  1  306.
2020 148  2  307.
2020 148  3  309.
2020 148  4  305.
2020 148  5  304.
2020 148  6  318.
2020 148  7  329.
2020 148  8  334.
2020 148  9  331.
2020 148 10  324.
2020 148 11  320.
2020 148 12  319.
2020 148 13  313.
2020 148 14  310.
2020 148 15  306.
2020 148 16  305.
2020 148 17  314.
2020 148 18  313.
2020 148 19  310.
2020 148 20  309.
2020 148 21  305.
2020 148 22  298.
2020 148 23  297.
2020 149  0  295.
2020 149  1  293.
2020 149  2  294.
2020 149  3  290.
2020 149  4  298.
2020 149  5  301.
2020 149  6  290.
2020 149  7  297.
2020 149  8  296.
2020 149  9  301.
2020 149 10  297.
2020 149 11  299.
2020 149 12  306.
2020 149 13  300.
2020 149 14  299.
2020 149 15  299.
2020 149 16  299.
2020 149 17  296.
2020 149 18  297.
2020 149 19  291.
2020 149 20  296.
2020 149 21  292.
2020 149 22  292.
2020 149 23  288.
2020 150  0  294.
2020 150  1  301.
2020 150  2  302.
2020 150  3  300.
2020 150  4  300.
2020 150  5  297.
2020 150  6  290.
2020 150  7  286.
2020 150  8  278.
2020 150  9  287.
2020 150 10  288.
2020 150 11  286.
2020 150 12  288.
2020 150 13  289.
2020 150 14  292.
2020 150 15  293.
2020 150 16  292.
2020 150 17  292.
2020 150 18  293.
2020 150 19  295.
2020 150 20  299.
2020 150 21  308.
2020 150 22  315.
2020 150 23  315.
2020 151  0  311.
2020 151  1  322.
2020 151  2  332.
2020 151  3  332.
2020 151  4  336.
2020 151  5  348.
2020 151  6  365.
2020 151  7  360.
2020 151  8  347.
2020 151  9  348.
2020 151 10  366.
2020 151 11  369.
2020 151 12  367.
2020 151 13  366.
2020 151 14  359.
2020 151 15  366.
2020 151 16  402.
2020 151 17  410.
2020 151 18  402.
2020 151 19  398.
2020 151 20  407.
2020 151 21  397.
2020 151 22  387.
2020 151 23  371.
2020 152  0  378.
2020 152  1  393.
2020 152  2  380.
2020 152  3  387.
2020 152  4  391.
2020 152  5  380.
2020 152  6  377.
2020 152  7  385.
2020 152  8  385.
2020 152  9  384.
2020 152 10  392.
2020 152 11  391.
2020 152 12  392.
2020 152 13  384.
2020 152 14  382.
2020 152 15  378.
2020 152 16  385.
2020 152 17  380.
2020 152 18  372.
2020 152 19  377.
2020 152 20  388.
2020 152 21  396.
2020 152 22  400.
2020 152 23  398.
2020 153  0  395.
2020 153  1  392.
2020 153  2  386.
2020 153  3  386.
2020 153  4  390.
2020 153  5  385.
2020 153  6  384.
2020 153  7  389.
2020 153  8  379.
2020 153  9  374.
2020 153 10  385.
2020 153 11  384.
2020 153 12  380.
2020 153 13  378.
2020 153 14  375.
2020 153 15  369.
2020 153 16  364.
2020 153 17  365.
2020 153 18  366.
2020 153 19  367.
2020 153 20  368.
2020 153 21  372.
2020 153 22  370.
2020 153 23  365.
2020 154  0  362.
2020 154  1  360.
2020 154  2  349.
2020 154  3  323.
2020 154  4  342.
2020 154  5  334.
2020 154  6  333.
2020 154  7  329.
2020 154  8  331.
2020 154  9  334.
2020 154 10  340.
2020 154 11  339.
2020 154 12  339.
2020 154 13  341.
2020 154 14  346.
2020 154 15  346.
2020 154 16  347.
2020 154 17  352.
2020 154 18  351.
2020 154 19  349.
2020 154 20  348.
2020 154 21  347.
2020 154 22  342.
2020 154 23  341.
2020 155  0  345.
2020 155  1  344.
2020 155  2  336.
2020 155  3  338.
2020 155  4  337.
2020 155  5  336.
2020 155  6  332.
2020 155  7  329.
2020 155  8  330.
2020 155  9  330.
2020 155 10  334.
2020 155 11  336.
2020 155 12  330.
2020 155 13  335.
2020 155 14  334.
2020 155 15  331.
2020 155 16  319.
2020 155 17  316.
2020 155 18  317.
2020 155 19  312.
2020 155 20  297.
2020 155 21  299.
2020 155 22  302.
2020 155 23  301.
2020 156  0  302.
2020 156  1  300.
2020 156  2  305.
2020 156  3  305.
2020 156  4  319.
2020 156  5  309.
2020 156  6  307.
2020 156  7  309.
2020 156  8  315.
2020 156  9  311.
2020 156 10  311.
2020 156 11  313.
2020 156 12  314.
2020 156 13  318.
2020 156 14  316.
2020 156 15  315.
2020 156 16  324.
2020 156 17  319.
2020 156 18  331.
2020 156 19  338.
2020 156 20  348.
2020 156 21  347.
2020 156 22  344.
2020 156 23  340.
2020 157  0  337.
2020 157  1  335.
2020 157  2  337.
2020 157  3  322.
2020 157  4  323.
2020 157  5  334.
2020 157  6  329.
2020 157  7  311.
2020 157  8  327.
2020 157  9  334.
2020 157 10  320.
2020 157 11  323.
2020 157 12  324.
2020 157 13  338.
2020 157 14  332.
2020 157 15  321.
2020 157 16  321.
2020 157 17  320.
2020 157 18  322.
2020 157 19  330.
2020 157 20  327.
2020 157 21  321.
2020 157 22  320.
2020 157 23  319.
2020 158  0  317.
2020 158  1  316.
2020 158  2  317.
2020 158  3  315.
2020 158  4  317.
2020 158  5  317.
2020 158  6  318.
2020 158  7  319.
2020 158  8  323.
2020 158  9  321.
2020 158 10  322.
2020 158 11  323.
2020 158 12  320.
2020 158 13  320.
2020 158 14  319.
2020 158 15  315.
2020 158 16  314.
2020 158 17  314.
2020 158 18  312.
2020 158 19  313.
2020 158 20  310.
2020 158 21  307.
2020 158 22  305.
2020 158 23  306.
2020 159  0  307.
2020 159  1  309.
2020 159  2  308.
2020 159  3  310.
2020 159  4  307.
2020 159  5  304.
2020 159  6  302.
2020 159  7  297.
2020 159  8  306.
2020 159  9  317.
2020 159 10  330.
2020 159 11  329.
2020 159 12  337.
2020 159 13  344.
2020 159 14  337.
2020 159 15  348.
2020 159 16  356.
2020 159 17  362.
2020 159 18  372.
2020 159 19  378.
2020 159 20  381.
2020 159 21  403.
2020 159 22  416.
2020 159 23  460.
2020 160  0  461.
2020 160  1  461.
2020 160  2  459.
2020 160  3  462.
2020 160  4  476.
2020 160  5  460.
2020 160  6  468.
2020 160  7  469.
2020 160  8  475.
2020 160  9  477.
2020 160 10  470.
2020 160 11  468.
2020 160 12  463.
2020 160 13  461.
2020 160 14  452.
2020 160 15  445.
2020 160 16  448.
2020 160 17  451.
2020 160 18  440.
2020 160 19  421.
2020 160 20  418.
2020 160 21  423.
2020 160 22  435.
2020 160 23  413.
2020 161  0  405.
2020 161  1  407.
2020 161  2  418.
2020 161  3  435.
2020 161  4  418.
2020 161  5  409.
2020 161  6  402.
2020 161  7  398.
2020 161  8  395.
2020 161  9  388.
2020 161 10  393.
2020 161 11  390.
2020 161 12  391.
2020 161 13  383.
2020 161 14  374.
2020 161 15  366.
2020 161 16  372.
2020 161 17  377.
2020 161 18  387.
2020 161 19  413.
2020 161 20  445.
2020 161 21  464.
2020 161 22  458.
2020 161 23  443.
2020 162  0  433.
2020 162  1  449.
2020 162  2  433.
2020 162  3  450.
2020 162  4  457.
2020 162  5  457.
2020 162  6  443.
2020 162  7  459.
2020 162  8  460.
2020 162  9  458.
2020 162 10  464.
2020 162 11  467.
2020 162 12  470.
2020 162 13  476.
2020 162 14  482.
2020 162 15  468.
2020 162 16  460.
2020 162 17  459.
2020 162 18  447.
2020 162 19  452.
2020 162 20  450.
2020 162 21  437.
2020 162 22  447.
2020 162 23  428.
2020 163  0  457.
2020 163  1  440.
2020 163  2  427.
2020 163  3  421.
2020 163  4  417.
2020 163  5  429.
2020 163  6  426.
2020 163  7  414.
2020 163  8  416.
2020 163  9  410.
2020 163 10  422.
2020 163 11  417.
2020 163 12  429.
2020 163 13  419.
2020 163 14  401.
2020 163 15  401.
2020 163 16  397.
2020 163 17  391.
2020 163 18  399.
2020 163 19  387.
2020 163 20  395.
2020 163 21  392.
2020 163 22  386.
2020 163 23  381.
2020 164  0  378.
2020 164  1  383.
2020 164  2  380.
2020 164  3  382.
2020 164  4  370.
2020 164  5  367.
2020 164  6  366.
2020 164  7  388.
2020 164  8  374.
2020 164  9  342.
2020 164 10  333.
2020 164 11  336.
2020 164 12  333.
2020 164 13  346.
2020 164 14  335.
2020 164 15  336.
2020 164 16  343.
2020 164 17  350.
2020 164 18  339.
2020 164 19  349.
2020 164 20  345.
2020 164 21  335.
2020 164 22  325.
2020 164 23  328.
2020 165  0  329.
2020 165  1  327.
2020 165  2  327.
2020 165  3  329.
2020 165  4  327.
2020 165  5  328.
2020 165  6  329.
2020 165  7  332.
2020 165  8  330.
2020 165  9  333.
2020 165 10  328.
2020 165 11  338.
2020 165 12  331.
2020 165 13  324.
2020 165 14  334.
2020 165 15  338.
2020 165 16  327.
2020 165 17  319.
2020 165 18  316.
2020 165 19  312.
2020 165 20  312.
2020 165 21  317.
2020 165 22  309.
2020 165 23  311.
2020 166  0  315.
2020 166  1  310.
2020 166  2  311.
2020 166  3  310.
2020 166  4  310.
2020 166  5  308.
2020 166  6  306.
2020 166  7  300.
2020 166  8  297.
2020 166  9  296.
2020 166 10  293.
2020 166 11  293.
2020 166 12  295.
2020 166 13  296.
2020 166 14  297.
2020 166 15  297.
2020 166 16  298.
2020 166 17  300.
2020 166 18  306.
2020 166 19  310.
2020 166 20  309.
2020 166 21  310.
2020 166 22  310.
2020 166 23  306.
2020 167  0  306.
2020 167  1  304.
2020 167  2  307.
2020 167  3  300.
2020 167  4  302.
2020 167  5  303.
2020 167  6  309.
2020 167  7  316.
2020 167  8  314.
2020 167  9  318.
2020 167 10  312.
2020 167 11  318.
2020 167 12  317.
2020 167 13  330.
2020 167 14  329.
2020 167 15  329.
2020 167 16  331.
2020 167 17  328.
2020 167 18  328.
2020 167 19  325.
2020 167 20  325.
2020 167 21  326.
2020 167 22  328.
2020 167 23  328.
2020 168  0  323.
2020 168  1  322.
2020 168  2  325.
2020 168  3  325.
2020 168  4  324.
2020 168  5  320.
2020 168  6  326.
2020 168  7  325.
2020 168  8  324.
2020 168  9  308.
2020 168 10  293.
2020 168 11  295.
2020 168 12  277.
2020 168 13  290.
2020 168 14  290.
2020 168 15  302.
2020 168 16  302.
2020 168 17  297.
2020 168 18  300.
2020 168 19  313.
2020 168 20  329.
2020 168 21  324.
2020 168 22  320.
2020 168 23  295.
2020 169  0  293.
2020 169  1  306.
2020 169  2  327.
2020 169  3  326.
2020 169  4  321.
2020 169  5  321.
2020 169  6  322.
2020 169  7  321.
2020 169  8  323.
2020 169  9  324.
2020 169 10  310.
2020 169 11  302.
2020 169 12  299.
2020 169 13  298.
2020 169 14  298.
2020 169 15  295.
2020 169 16  290.
2020 169 17  285.
2020 169 18  282.
2020 169 19  282.
2020 169 20  285.
2020 169 21  284.
2020 169 22  281.
2020 169 23  280.
2020 170  0  282.
2020 170  1  284.
2020 170  2  289.
2020 170  3  290.
2020 170  4  294.
2020 170  5  297.
2020 170  6  300.
2020 170  7  304.
2020 170  8  302.
2020 170  9  298.
2020 170 10  312.
2020 170 11  310.
2020 170 12  302.
2020 170 13  296.
2020 170 14  293.
2020 170 15  294.
2020 170 16  294.
2020 170 17  294.
2020 170 18  295.
2020 170 19  303.
2020 170 20  299.
2020 170 21  299.
2020 170 22  302.
2020 170 23  310.
2020 171  0  305.
2020 171  1  311.
2020 171  2  317.
2020 171  3  320.
2020 171  4  313.
2020 171  5  311.
2020 171  6  307.
2020 171  7  306.
2020 171  8  306.
2020 171  9  317.
2020 171 10  318.
2020 171 11  316.
2020 171 12  317.
2020 171 13  308.
2020 171 14  311.
2020 171 15  306.
2020 171 16  322.
2020 171 17  327.
2020 171 18  326.
2020 171 19  324.
2020 171 20  321.
2020 171 21  320.
2020 171 22  319.
2020 171 23  315.
2020 172  0  319.
2020 172  1  329.
2020 172  2  348.
2020 172  3  348.
2020 172  4  355.
2020 172  5  352.
2020 172  6  342.
2020 172  7  339.
2020 172  8  337.
2020 172  9  333.
2020 172 10  334.
2020 172 11  329.
2020 172 12  330.
2020 172 13  328.
2020 172 14  327.
2020 172 15  323.
2020 172 16  325.
2020 172 17  316.
2020 172 18  312.
2020 172 19  312.
2020 172 20  314.
2020 172 21  310.
2020 172 22  315.
2020 172 23  314.
2020 173  0  313.
2020 173  1  330.
2020 173  2  315.
2020 173  3  325.
2020 173  4  319.
2020 173  5  307.
2020 173  6  313.
2020 173  7  309.
2020 173  8  314.
2020 173  9  312.
2020 173 10  309.
2020 173 11  311.
2020 173 12  313.
2020 173 13  311.
2020 173 14  316.
2020 173 15  317.
2020 173 16  320.
2020 173 17  322.
2020 173 18  316.
2020 173 19  313.
2020 173 20  312.
2020 173 21  304.
2020 173 22  306.
2020 173 23  315.
2020 174  0  311.
2020 174  1  307.
2020 174  2  303.
2020 174  3  301.
2020 174  4  297.
2020 174  5  303.
2020 174  6  302.
2020 174  7  305.
2020 174  8  302.
2020 174  9  300.
2020 174 10  295.
2020 174 11  296.
2020 174 12  295.
2020 174 13  297.
2020 174 14  293.
2020 174 15  294.
2020 174 16  297.
2020 174 17  296.
2020 174 18  291.
2020 174 19  286.
2020 174 20  288.
2020 174 21  285.
2020 174 22  290.
2020 174 23  290.
2020 175  0  288.
2020 175  1  283.
2020 175  2  290.
2020 175  3  290.
2020 175  4  290.
2020 175  5  295.
2020 175  6  297.
2020 175  7  297.
2020 175  8  298.
2020 175  9  298.
2020 175 10  298.
2020 175 11  298.
2020 175 12  297.
2020 175 13  295.
2020 175 14  299.
2020 175 15  299.
2020 175 16  290.
2020 175 17  286.
2020 175 18  289.
2020 175 19  296.
2020 175 20  295.
2020 175 21  293.
2020 175 22  296.
2020 175 23  298.
2020 176  0  300.
2020 176  1  311.
2020 176  2  309.
2020 176  3  307.
2020 176  4  305.
2020 176  5  298.
2020 176  6  299.
2020 176  7  296.
2020 176  8  311.
2020 176  9  324.
2020 176 10  321.
2020 176 11  324.
2020 176 12  329.
2020 176 13  335.
2020 176 14  333.
2020 176 15  334.
2020 176 16  330.
2020 176 17  328.
2020 176 18  331.
2020 176 19  327.
2020 176 20  323.
2020 176 21  332.
2020 176 22  337.
2020 176 23  340.
2020 177  0  339.
2020 177  1  334.
2020 177  2  336.
2020 177  3  337.
2020 177  4  337.
2020 177  5  339.
2020 177  6  345.
2020 177  7  339.
2020 177  8  346.
2020 177  9  356.
2020 177 10  352.
2020 177 11  347.
2020 177 12  348.
2020 177 13  347.
2020 177 14  348.
2020 177 15  349.
2020 177 16  347.
2020 177 17 9999.
2020 177 18  338.
2020 177 19  341.
2020 177 20  345.
2020 177 21  342.
2020 177 22  338.
2020 177 23  340.
2020 178  0  344.
2020 178  1  340.
2020 178  2  339.
2020 178  3  341.
2020 178  4  338.
2020 178  5  347.
2020 178  6  346.
2020 178  7  339.
2020 178  8  339.
2020 178  9  335.
2020 178 10  329.
2020 178 11  325.
2020 178 12  321.
2020 178 13  318.
2020 178 14  317.
2020 178 15  317.
2020 178 16  314.
2020 178 17  319.
2020 178 18  320.
2020 178 19  333.
2020 178 20  335.
2020 178 21 9999.
2020 178 22  338.
2020 178 23  336.
2020 179  0  337.
2020 179  1  335.
2020 179  2  331.
2020 179  3  331.
2020 179  4  333.
2020 179  5  324.
2020 179  6  325.
2020 179  7  324.
2020 179  8  322.
2020 179  9  321.
2020 179 10  320.
2020 179 11  337.
2020 179 12  355.
2020 179 13  363.
2020 179 14  383.
2020 179 15  400.
2020 179 16  398.
2020 179 17  400.
2020 179 18  404.
2020 179 19  422.
2020 179 20  412.
2020 179 21  406.
2020 179 22  404.
2020 179 23  392.
2020 180  0  381.
2020 180  1  378.
2020 180  2  363.
2020 180  3  368.
2020 180  4  365.
2020 180  5  371.
2020 180  6  352.
2020 180  7  350.
2020 180  8  348.
2020 180  9  347.
2020 180 10  346.
2020 180 11  350.
2020 180 12  337.
2020 180 13  340.
2020 180 14  337.
2020 180 15  337.
2020 180 16  336.
2020 180 17  337.
2020 180 18  330.
2020 180 19  330.
2020 180 20  329.
2020 180 21  333.
2020 180 22  326.
2020 180 23  343.
2020 181  0  338.
2020 181  1  354.
2020 181  2  346.
2020 181  3  332.
2020 181  4  337.
2020 181  5  333.
2020 181  6  339.
2020 181  7  341.
2020 181  8  340.
2020 181  9  331.
2020 181 10  330.
2020 181 11  331.
2020 181 12  329.
2020 181 13  324.
2020 181 14  320.
2020 181 15  316.
2020 181 16  319.
2020 181 17  321.
2020 181 18  321.
2020 181 19  318.
2020 181 20  316.
2020 181 21  318.
2020 181 22  321.
2020 181 23  316.
2020 182  0  330.
2020 182  1  329.
2020 182  2  350.
2020 182  3  371.
2020 182  4  373.
2020 182  5  359.
2020 182  6  356.
2020 182  7  354.
2020 182  8  354.
2020 182  9  350.
2020 182 10  335.
2020 182 11  335.
2020 182 12  337.
2020 182 13  331.
2020 182 14  327.
2020 182 15  325.
2020 182 16  323.
2020 182 17  321.
2020 182 18  320.
2020 182 19  315.
2020 182 20  315.
2020 182 21  312.
2020 182 22  317.
2020 182 23  335.
