2021   121  22  289.653488372093
2021   121  23  285.78881278538813
2021   122  0  281.0744466800805
2021   122  1  280.10388127853884
2021   122  2  279.3013698630137
2021   122  3  280.5924657534247
2021   122  4  276.42009132420094
2021   122  5  272.3902743142145
2021   122  6  271.5513698630137
2021   122  7  272.9737442922374
2021   122  8  275.1769406392694
2021   122  9  271.91438356164383
2021   122  10  271.7762557077626
2021   122  11  272.3093607305936
2021   122  12  272.7737321196359
2021   122  13  271.8093607305936
2021   122  14  270.6575
2021   122  15  270.0593607305936
2021   122  16  269.6598173515982
2021   122  17  268.4497716894977
2021   122  18  268.57762557077626
2021   122  19  269.81849315068496
2021   122  20  271.80479452054794
2021   122  21  274.50230414746545
2021   124  22  339.1976878612717
2021   124  23  347.82876712328766
2021   125  0  394.810502283105
2021   125  1  392.74657534246575
2021   125  2  394.2808219178082
2021   125  3  408.50342465753425
2021   125  4  400.54106280193236
2021   125  5  396.69125
2021   125  6  447.162100456621
2021   125  7  458.63924794359576
2021   125  8  447.78881278538813
2021   125  9  444.03995433789953
2021   125  10  436.89383561643837
2021   125  11  421.9075342465753
2021   125  12  423.6553966189857
2021   125  13  421.5445205479452
2021   125  14  422.56857855361596
2021   125  15  416.51255707762556
2021   125  16  419.87100456621005
2021   125  17  418.05479452054794
2021   125  18  417.14497716894977
2021   125  19  412.9052511415525
2021   125  20  407.2009132420091
2021   125  21  412.38812785388126
2021   125  22  419.5
2021   127  22  366.1385681293303
2021   127  23  364.39269406392697
2021   128  0  362.51027397260276
2021   128  1  362.3002283105023
2021   128  2  365.13698630136986
2021   128  3  366.04052443384984
2021   128  4  366.7216248506571
2021   128  5  365.3995433789954
2021   128  6  355.7922374429224
2021   128  7  359.7237442922374
2021   128  8  363.513698630137
2021   128  9  365.1849315068493
2021   128  10  372.2814814814815
2021   129  22  473.6014234875445
2021   129  23  442.7974193548387
2021   130  4  503.8109243697479
2021   130  5  501.19125
2021   130  6  543.6255707762557
2021   130  7  581.4600456621005
2021   130  8  580.7385844748859
2021   130  9  576.4942922374429
2021   130  10  578.2956621004566
2021   130  11  577.662100456621
2021   130  12  575.1547464239271
2021   130  13  573.785536159601
2021   130  14  573.3401826484019
2021   130  15  580.5239726027397
2021   130  16  566.3253424657535
2021   130  17  557.5947488584475
2021   130  18  556.6689497716895
2021   130  19  563.5125570776256
2021   130  20  544.3892617449665
2021   132  22  499.94803695150114
2021   132  23  487.810502283105
2021   133  0  480.365296803653
2021   133  1  492.39497716894977
2021   133  2  474.36986301369865
2021   133  3  482.8915525114155
2021   133  4  485.958904109589
2021   133  5  492.35125
2021   133  6  506.38698630136986
2021   133  7  510.31849315068496
2021   133  8  520.716894977169
2021   133  9  539.6735159817351
2021   133  10  561.9600456621005
2021   133  11  573.2328767123288
2021   133  12  571.9297789336802
2021   133  13  566.8428927680798
2021   133  14  577.8698630136986
2021   133  15  580.2420091324201
2021   133  16  579.5764840182649
2021   133  17  585.5536529680365
2021   133  18  582.2842465753424
2021   133  19  587.0102739726027
2021   133  20  599.236301369863
2021   133  21  595.533105022831
2021   133  22  597.7777777777778
2021   133  22  587.9157043879908
2021   133  23  588.1563926940639
2021   134  0  590.9874429223744
2021   134  1  581.3333333333334
2021   134  2  577.4965753424658
2021   134  3  587.2819634703196
2021   134  4  584.4817351598174
2021   134  5  579.48375
2021   134  6  577.1061643835617
2021   134  7  572.5296803652968
2021   134  8  565.62100456621
2021   134  9  553.3824200913242
2021   134  10  538.1575342465753
2021   134  11  511.33675799086757
2021   134  12  503.2808842652796
2021   134  13  512.7394014962593
2021   134  14  495.00456621004565
2021   134  15  502.18721461187215
2021   134  16  492.98858447488584
2021   134  17  492.08447488584477
2021   134  18  478.0981735159817
2021   134  19  467.61986301369865
2021   134  20  466.34893617021277
2021   136  22  352.3995381062356
2021   136  23  354.0064599483204
2021   137  4  333.0882352941176
2021   137  5  331.7225
2021   137  6  331.8927680798005
2021   137  7  333.498753117207
2021   137  8  339.5635910224439
2021   137  9  339.03366583541145
2021   137  10  331.5525114155251
2021   137  11  320.44520547945206
2021   137  12  316.863309352518
2021   137  13  316.63591022443893
2021   137  14  316.75436408977555
2021   137  15  311.77556109725685
2021   137  16  308.29675810473816
2021   137  17  302.0374064837905
2021   137  18  298.09725685785537
2021   137  19  303.0810473815461
2021   137  20  309.97506234413964
2021   137  21  297.8665835411471
2021   143  22  313.7565714285714
2021   143  23  317.8488372093023
2021   144  4  277.65473684210525
2021   144  5  283.0775
2021   144  6  288.4680365296804
2021   144  7  289.7054794520548
2021   144  8  267.71305418719214
2021   144  9  259.65296803652967
2021   144  10  277.64383561643837
2021   144  11  279.1004566210046
2021   144  12  272.2080624187256
2021   144  13  271.82875
2021   144  14  282.087899543379
2021   144  15  278.7180365296804
2021   144  16  271.74657534246575
2021   144  17  253.32
2021   144  18  294.71232876712327
2021   144  19  293.98173515981733
2021   144  20  295.78767123287673
2021   144  21  295.28653624856156
2021   145  22  276.01040462427744
2021   145  23  281.2842465753425
2021   146  0  284.6666666666667
2021   146  1  287.1974885844749
2021   146  2  287.09589041095893
2021   146  3  297.95319634703196
2021   146  4  298.31963470319636
2021   146  5  303.1725
2021   146  6  302.60730593607303
2021   146  7  294.94634703196346
2021   146  8  291.783105022831
2021   146  9  287.41324200913243
2021   146  10  287.87785388127855
2021   146  11  288.99543378995435
2021   146  12  288.82834850455134
2021   146  13  294.11986301369865
2021   146  14  300.8291770573566
2021   146  15  293.63698630136986
2021   146  16  293.92922374429224
2021   146  17  298.7191780821918
2021   146  18  305.033105022831
2021   146  19  307.13698630136986
2021   146  20  300.0502283105023
2021   146  21  305.8173515981735
2021   146  22  304.0
2021   146  22  305.3132947976879
2021   146  23  304.70433789954336
2021   147  0  311.216894977169
2021   147  1  313.1609589041096
2021   147  2  309.2865296803653
2021   147  3  308.5913242009132
2021   147  4  315.41324200913243
2021   147  5  311.6571072319202
2021   147  6  308.15410958904107
2021   147  7  311.6929223744292
2021   147  8  311.3664383561644
2021   147  9  313.6563926940639
2021   147  10  310.8025114155251
2021   147  11  312.46118721461187
2021   147  12  320.9895968790637
2021   147  13  328.5913242009132
2021   147  14  335.3216957605985
2021   147  15  320.1084474885845
2021   147  16  318.1974885844749
2021   147  17  317.75
2021   147  18  320.5502283105023
2021   147  19  321.03767123287673
2021   147  20  326.55479452054794
2021   147  21  321.0068493150685
2021   147  22  326.4
2021   147  22  319.1942196531792
2021   147  23  324.39383561643837
2021   148  0  322.6586757990868
2021   148  1  319.38698630136986
2021   148  2  319.24657534246575
2021   148  3  316.2922374429224
2021   148  4  315.9474885844749
2021   148  5  314.05361596009976
2021   148  6  323.32648401826486
2021   148  7  315.93835616438355
2021   148  8  311.45205479452056
2021   148  9  314.25456621004565
2021   148  10  334.23972602739724
2021   148  11  339.4840182648402
2021   148  12  337.36020806241874
2021   148  13  348.74563591022445
2021   148  14  350.6552511415525
2021   148  15  351.9840182648402
2021   148  16  349.8253424657534
2021   148  17  348.24657534246575
2021   148  18  347.71232876712327
2021   148  19  349.41438356164383
2021   148  20  353.7579908675799
2021   148  21  350.7728310502283
2021   148  22  347.53846153846155
2021   148  22  364.0034802784223
2021   148  23  379.43036529680364
2021   149  0  357.2796803652968
2021   149  1  347.23173515981733
2021   149  2  353.46232876712327
2021   149  3  347.0365296803653
2021   149  4  354.060502283105
2021   149  5  354.68204488778053
2021   149  6  350.32876712328766
2021   149  7  353.4189497716895
2021   149  8  349.54794520547944
2021   149  9  358.513698630137
2021   149  10  376.32191780821915
2021   149  11  381.95433789954336
2021   149  12  386.149544863459
2021   149  13  389.8824200913242
2021   149  14  387.1907730673317
2021   149  15  398.05479452054794
2021   149  16  395.8413242009132
2021   149  17  393.68721461187215
2021   149  18  392.9052511415525
2021   149  19  398.1027397260274
2021   149  20  410.69634703196346
2021   149  21  404.66552511415523
2021   149  22  401.2
2021   149  22  400.171098265896
2021   149  23  392.22146118721463
2021   150  0  380.48173515981733
2021   150  1  372.7146118721461
2021   150  2  374.365296803653
2021   150  3  367.8025114155251
2021   150  4  362.05365296803654
2021   150  5  353.3778054862843
2021   150  6  358.3732876712329
2021   150  7  358.58447488584477
2021   150  8  350.87785388127855
2021   150  9  350.6689497716895
2021   150  10  347.8595890410959
2021   150  11  344.02054794520546
2021   150  12  345.33550065019506
2021   150  13  345.4246575342466
2021   150  14  343.77556109725685
2021   150  15  343.54680365296804
2021   150  16  343.29680365296804
2021   150  17  343.54566210045664
2021   150  18  344.17237442922374
2021   150  19  336.6312785388128
2021   150  20  330.8664383561644
2021   150  21  330.458904109589
2021   150  22  330.9
2021   150  22  334.7537572254335
2021   150  23  339.3811369509044
2021   151  4  320.112462006079
2021   151  5  318.2033639143731
2021   151  6  315.3189655172414
2021   151  7  317.3344827586207
2021   151  8  324.79655172413794
2021   151  9  321.45344827586206
2021   151  10  319.19565217391306
2021   151  11  316.23815461346635
2021   151  12  315.528233151184
2021   151  13  336.17241379310343
2021   151  14  333.13965517241377
2021   151  15  323.1655172413793
2021   151  16  323.2051724137931
2021   151  17  325.49827586206897
2021   151  18  332.56206896551726
2021   151  19  333.0
2021   151  22  332.12145748987854
2021   152  16  403.4624145785877
2021   152  17  412.9471766848816
2021   152  18  417.8586206896552
2021   161  22  473.2788339670469
2021   161  23  467.17123287671234
2021   162  0  450.291095890411
2021   162  1  451.79794520547944
2021   162  2  450.74543378995435
2021   162  3  434.9783105022831
2021   162  4  440.3767123287671
2021   162  5  425.9931506849315
2021   162  6  423.5650684931507
2021   162  7  427.73744292237444
2021   162  8  429.42123287671234
2021   162  9  425.49429223744295
2021   162  10  443.89611872146116
2021   162  11  446.43721461187215
2021   162  12  439.9983948635634
2021   162  13  426.4760273972603
2021   162  14  427.8004987531172
2021   162  15  422.80593607305934
2021   162  16  419.722602739726
2021   162  17  415.6187214611872
2021   162  18  410.3384253819036
2021   162  19  412.486301369863
2021   162  20  421.1006289308176
2021   162  22  399.7084917617237
2021   162  23  405.82191780821915
2021   163  0  376.6404109589041
2021   163  1  376.4063926940639
2021   163  2  363.3493150684931
2021   163  3  357.98972602739724
2021   163  4  355.8584474885845
2021   163  5  358.82077625570776
2021   163  6  370.17009132420094
2021   163  7  374.10388127853884
2021   163  8  366.72146118721463
2021   163  9  366.8447488584475
2021   163  10  365.1392694063927
2021   163  11  367.8675799086758
2021   163  12  371.0858257477243
2021   163  13  368.37899543378995
2021   163  14  361.6172069825436
2021   163  15  350.1678082191781
2021   163  16  345.13013698630135
2021   163  17  342.9018264840183
2021   163  18  337.1027397260274
2021   163  19  333.8664383561644
2021   163  20  335.9566210045662
2021   163  21  346.01141552511416
2021   163  22  349.3076923076923
2021   163  22  357.297845373891
2021   163  23  357.5582191780822
2021   164  0  344.7945205479452
2021   164  1  344.958904109589
2021   164  2  353.2739726027397
2021   164  3  347.6267123287671
2021   164  4  354.25570776255705
2021   164  5  353.6187214611872
2021   164  6  359.222602739726
2021   164  7  360.16552511415523
2021   164  8  366.2579908675799
2021   164  9  383.5262557077626
2021   164  10  431.2328767123288
2021   164  11  455.4109589041096
2021   164  12  484.8634590377113
2021   164  13  471.4166666666667
2021   164  14  477.19451371571074
2021   164  15  454.4326484018265
2021   164  16  434.6518264840183
2021   164  17  434.3675799086758
2021   164  18  420.26027397260276
2021   164  19  404.00228310502285
2021   164  20  399.52054794520546
2021   164  21  397.31281407035175
2021   164  22  387.23522458628844
2021   165  3  437.04583333333335
2021   165  4  441.24651162790695
2021   172  22  300.2557251908397
2021   172  23  296.5821917808219
2021   173  0  298.42123287671234
2021   173  1  298.97146118721463
2021   173  2  295.24543378995435
2021   173  3  293.49429223744295
2021   173  4  292.277397260274
2021   173  5  293.1267123287671
2021   173  6  295.29680365296804
2021   173  7  294.5308219178082
2021   173  8  296.88584474885846
2021   173  9  295.615296803653
2021   173  10  290.9474885844749
2021   173  11  293.7922374429224
2021   173  12  295.00520156046815
2021   173  13  296.76027397260276
2021   173  14  298.07605985037407
2021   173  15  294.32876712328766
2021   173  16  298.07648401826486
2021   173  17  304.7054794520548
2021   173  18  310.0068493150685
2021   173  19  313.9566210045662
2021   173  20  313.398401826484
2021   173  21  317.1746575342466
2021   173  22  315.2857142857143
2021   173  22  323.6472081218274
2021   173  23  327.6495433789954
2021   174  0  335.8436073059361
2021   174  1  333.3093607305936
2021   174  2  331.85388127853884
2021   174  3  329.5228310502283
2021   174  4  324.1418685121107
2021   246  22  343.44656917885266
2021   246  23  339.6188888888889
2021   247  0  341.1911111111111
2021   247  1  337.94444444444446
2021   247  2  331.7655555555556
2021   247  3  331.82666666666665
2021   247  4  326.8511111111111
2021   247  5  320.45
2021   247  6  326.41
2021   247  7  322.3388888888889
2021   247  8  318.3777777777778
2021   247  9  316.32
2021   247  10  309.14444444444445
2021   247  11  303.4222222222222
2021   247  12  313.4828462515883
2021   247  13  315.52222222222224
2021   247  14  323.1144444444444
2021   247  15  327.0777777777778
2021   247  16  329.2733333333333
2021   247  17  326.73555555555555
2021   247  18  320.49
2021   247  19  318.29555555555555
2021   247  20  313.71666666666664
2021   247  21  318.7
2021   247  22  322.0
2021   247  22  323.0146231721035
2021   247  23  317.8522222222222
2021   248  0  319.75555555555553
2021   248  1  319.27222222222224
2021   248  2  319.1022222222222
2021   248  3  316.7388888888889
2021   248  4  311.52555555555557
2021   248  5  298.41
2021   248  6  301.3644444444444
2021   248  7  305.5711111111111
2021   248  8  300.16
2021   248  9  304.02444444444444
2021   248  10  319.51666666666665
2021   248  11  315.1377777777778
2021   248  12  321.5730622617535
2021   248  13  322.90555555555557
2021   248  14  321.56444444444446
2021   248  15  336.5488888888889
2021   248  16  348.5511111111111
2021   248  17  361.8855555555556
2021   248  18  378.65777777777777
2021   248  19  398.39444444444445
2021   248  20  403.29
2021   248  21  406.2266666666667
2021   248  22  402.5
2021   248  22  403.6884139482565
2021   248  23  413.49748743718595
2021   249  10  452.31531531531533
2021   249  11  472.78
2021   249  12  455.6035578144854
2021   249  13  447.8305084745763
2021   250  22  427.5590551181102
2021   250  23  439.63666666666666
2021   251  0  453.05555555555554
2021   251  1  451.8466666666667
2021   251  2  470.6333333333333
2021   251  3  460.52555555555557
2021   251  4  443.93555555555554
2021   251  5  446.3822222222222
2021   251  6  472.87111111111113
2021   251  7  479.2288888888889
2021   251  8  468.49333333333334
2021   251  9  465.88
2021   251  10  459.0833333333333
2021   251  11  457.7733333333333
2021   251  12  473.99872935196953
2021   251  13  481.68
2021   251  14  479.66333333333336
2021   251  15  475.87888888888887
2021   251  16  493.45
2021   251  17  499.7322222222222
2021   251  18  484.8277777777778
2021   251  19  471.26
2021   251  20  470.4411111111111
2021   251  21  468.97444444444443
2021   251  22  471.4
2021   251  22  475.73115860517436
2021   251  23  485.07444444444445
2021   252  0  464.90777777777777
2021   252  1  431.0522222222222
2021   252  2  426.45222222222225
2021   252  3  406.22555555555556
2021   252  4  386.77
2021   252  5  372.12111111111113
2021   252  6  376.5855555555556
2021   252  7  374.8122222222222
2021   252  8  372.1011111111111
2021   252  9  377.7366666666667
2021   252  10  378.7088888888889
2021   252  11  371.25
2021   252  12  366.9415501905972
2021   252  13  364.4266666666667
2021   252  14  359.81333333333333
2021   252  15  369.82
2021   252  16  358.88666666666666
2021   252  17  353.52
2021   252  18  353.6044444444444
2021   252  19  363.38444444444445
2021   252  20  361.9639389736477
2021   253  22  359.5405405405405
2021   253  23  356.1411111111111
2021   254  0  351.9922222222222
2021   254  1  355.8722222222222
2021   254  2  349.47444444444443
2021   254  3  360.06555555555553
2021   254  4  360.71666666666664
2021   254  5  367.27
2021   254  6  349.0488888888889
2021   254  7  337.6177777777778
2021   254  8  336.43666666666667
2021   254  9  335.2866666666667
2021   254  10  330.6933333333333
2021   254  11  327.24666666666667
2021   254  12  331.6704834605598
2021   254  13  326.5311111111111
2021   254  14  328.7988888888889
2021   254  15  329.2
2021   254  16  328.1766666666667
2021   254  17  327.68555555555554
2021   254  18  329.07666666666665
2021   254  19  322.0466666666667
2021   254  20  316.5755555555556
2021   254  21  316.16555555555556
2021   254  22  313.09090909090907
2021   254  22  309.56081081081084
2021   254  23  305.89
2021   255  0  304.1666666666667
2021   255  1  302.7655555555556
2021   255  2  300.74333333333334
2021   255  3  303.86333333333334
2021   255  4  315.3644444444444
2021   255  5  323.1822222222222
2021   255  6  324.23555555555555
2021   255  7  318.3977777777778
2021   255  8  307.81666666666666
2021   255  9  302.2033333333333
2021   255  10  316.0188888888889
2021   255  11  328.6066666666667
2021   255  12  322.410941475827
2021   255  13  314.83
2021   255  14  313.87333333333333
2021   255  15  343.62555555555554
2021   255  16  345.78777777777776
2021   255  17  335.29
2021   255  18  332.31444444444446
2021   255  19  335.46222222222224
2021   255  20  329.15555555555557
2021   255  21  321.9111111111111
2021   255  22  325.0
2021   255  22  327.7635135135135
2021   255  23  332.5466666666667
2021   256  0  333.93333333333334
2021   256  1  321.8988888888889
2021   256  2  316.43666666666667
2021   256  3  316.8522222222222
2021   256  4  312.68666666666667
2021   256  5  315.24
2021   256  6  317.15444444444444
2021   256  7  322.8411111111111
2021   256  8  319.55
2021   256  9  324.53777777777776
2021   256  10  329.1311111111111
2021   256  11  347.55
2021   256  12  366.77989821882954
2021   256  13  361.77444444444444
2021   256  14  366.4533333333333
2021   256  15  373.1222222222222
2021   256  16  386.89
2021   256  17  364.49555555555554
2021   256  18  340.2577777777778
2021   256  19  344.4011111111111
2021   256  20  343.1911111111111
2021   256  21  360.5311111111111
2021   256  22  353.90909090909093
2021   256  22  343.7432432432432
2021   256  23  329.61
2021   257  0  322.97
2021   257  1  316.22777777777776
2021   257  2  306.2266666666667
2021   257  3  303.8822222222222
2021   257  4  292.09222222222223
2021   257  5  292.72555555555556
2021   257  6  295.18333333333334
2021   257  7  297.4866666666667
2021   257  8  287.9211111111111
2021   257  9  283.78555555555556
2021   257  10  281.27555555555557
2021   257  11  279.8122222222222
2021   257  12  288.7420584498094
2021   257  13  284.4611111111111
2021   257  14  282.6977777777778
2021   257  15  288.81444444444446
2021   257  16  290.75555555555553
2021   257  17  289.4033333333333
2021   257  18  297.5
2021   257  19  301.1011111111111
2021   257  20  299.1766666666667
2021   257  21  306.4588888888889
2021   257  22  312.0
2021   257  22  312.6756756756757
2021   257  23  319.41582914572865
2021   258  4  327.64522821576764
2021   258  5  336.5466666666667
2021   258  6  331.95
2021   258  7  331.2577777777778
2021   258  8  330.99888888888887
2021   258  9  338.52444444444444
2021   258  10  337.3192868719611
2021   258  22  325.865990990991
2021   258  23  335.16409266409266
2021   265  22  340.91770011273957
2021   265  23  337.27555555555557
2021   266  0  336.07444444444445
2021   266  1  334.3411111111111
2021   266  2  339.2988888888889
2021   266  3  331.4011111111111
2021   266  4  327.24444444444447
2021   266  5  328.5077777777778
2021   266  6  322.20666666666665
2021   266  7  319.7988888888889
2021   266  8  319.12
2021   266  9  319.0233333333333
2021   266  10  320.6588888888889
2021   266  11  324.64444444444445
2021   266  12  328.24365482233503
2021   266  13  326.53333333333336
2021   266  14  323.3544444444444
2021   266  15  326.75111111111113
2021   266  16  327.68333333333334
2021   266  17  328.50666666666666
2021   266  18  316.93555555555554
2021   266  19  305.24666666666667
2021   266  20  298.4555555555556
2021   266  21  297.80555555555554
2021   266  22  297.9
2021   266  22  297.7604049493813
2021   266  23  291.03555555555556
2021   267  0  291.7344444444444
2021   267  1  288.4122222222222
2021   267  2  287.81111111111113
2021   267  3  286.34
2021   267  4  285.9188888888889
2021   267  5  286.73333333333335
2021   267  6  283.22222222222223
2021   267  7  278.85333333333335
2021   267  8  279.9033333333333
2021   267  9  278.34555555555556
2021   267  10  272.65
2021   267  11  270.50888888888886
2021   267  12  266.6370558375635
2021   267  13  268.6744444444444
2021   267  14  266.5811111111111
2021   267  15  252.51888888888888
2021   267  16  251.05444444444444
2021   267  17  261.90222222222224
2021   267  18  267.18333333333334
2021   267  19  265.8566666666667
2021   267  20  261.02555555555557
2021   267  21  267.2788888888889
2021   267  22  276.5
2021   267  22  282.63892013498315
2021   267  23  280.7944444444444
2021   268  0  285.9222222222222
2021   268  1  281.47222222222223
2021   268  2  274.95444444444445
2021   268  3  274.7633333333333
2021   268  4  275.72444444444443
2021   268  5  270.9822222222222
2021   268  6  276.99111111111114
2021   268  7  283.1744444444444
2021   268  8  273.47555555555556
2021   268  9  286.37666666666667
2021   268  10  290.0177777777778
2021   268  11  287.12111111111113
2021   268  12  287.6493011435832
2021   268  13  282.53
2021   268  14  279.43444444444447
2021   268  15  286.27555555555557
2021   268  16  282.32444444444445
2021   268  17  275.2611111111111
2021   268  18  287.35
2021   268  19  306.6566666666667
2021   268  20  321.0288888888889
2021   268  21  337.23777777777775
2021   268  22  333.8
2021   268  22  361.1528662420382
2021   269  3  388.2977412731006
2021   269  4  386.5111111111111
2021   269  5  393.8333333333333
2021   269  6  416.25111111111113
2021   269  7  403.28777777777776
2021   269  8  382.6022222222222
2021   269  9  353.35
2021   269  10  354.9588888888889
2021   269  11  368.88444444444445
2021   269  12  369.2681067344346
2021   269  13  368.23
2021   269  14  355.3777777777778
2021   269  15  355.28777777777776
2021   269  16  352.98777777777775
2021   269  17  347.99
2021   269  18  345.98333333333335
2021   269  19  340.9688888888889
2021   269  20  333.2088888888889
2021   269  21  334.1222222222222
2021   269  22  330.5
2021   269  22  329.73228346456693
2021   269  23  323.0577889447236
2021   270  4  324.1697722567288
2021   270  5  313.11
2021   270  6  314.81333333333333
2021   270  7  310.7911111111111
2021   270  8  309.75
2021   270  9  310.98
2021   270  10  313.9015256588072
2021   270  11  326.3137724550898
2021   270  12  315.95552731893264
2021   270  13  314.36555555555555
2021   270  14  307.23777777777775
2021   270  15  318.9822222222222
2021   270  16  314.9322222222222
2021   270  17  319.8522222222222
2021   270  18  330.9
2021   270  19  321.0366666666667
2021   270  20  314.4788888888889
2021   270  21  312.1388888888889
2021   270  22  321.4
2021   270  22  306.8402699662542
2021   270  23  305.14222222222224
2021   271  0  305.14222222222224
2021   271  1  304.12888888888887
2021   271  2  294.38666666666666
2021   271  3  302.5288888888889
2021   271  4  315.0711111111111
2021   271  5  314.9688888888889
2021   271  6  313.90777777777777
2021   271  7  320.27222222222224
2021   271  8  315.77777777777777
2021   271  9  313.72333333333336
2021   271  10  310.12333333333333
2021   271  11  315.1144444444444
2021   271  12  308.8221092757306
2021   271  13  298.56444444444446
2021   271  14  295.59777777777776
2021   271  15  296.6511111111111
2021   271  16  297.8777777777778
2021   271  17  306.8333333333333
2021   271  18  303.04555555555555
2021   271  19  304.4711111111111
2021   271  20  297.94
2021   271  21  292.1277777777778
2021   271  22  301.3
2021   272  22  329.72665916760405
2021   272  23  329.71777777777777
2021   273  0  329.1044444444444
2021   273  1  336.3855555555556
2021   273  2  335.2188888888889
2021   273  3  333.4611111111111
2021   273  4  331.7966666666667
2021   273  5  330.22777777777776
2021   273  6  325.3877777777778
2021   273  7  324.1777777777778
2021   273  8  315.40777777777777
2021   273  9  310.33
2021   273  10  302.6166666666667
2021   273  11  299.94
2021   273  12  301.67598475222366
2021   273  13  307.26444444444445
2021   273  14  307.8877777777778
2021   273  15  306.72333333333336
2021   273  16  305.50666666666666
2021   273  17  304.24888888888887
2021   273  18  302.95
2021   273  19  298.1388888888889
2021   273  20  290.87333333333333
2021   273  21  288.96666666666664
2021   273  22  290.3
2021   273  22  289.67041619797527
2021   273  23  283.8066666666667
2021   274  0  282.88
2021   274  1  294.1788888888889
2021   274  2  286.8977777777778
2021   274  3  272.8177777777778
2021   274  4  275.36555555555555
2021   274  5  274.17333333333335
2021   274  6  281.22777777777776
2021   274  7  282.50555555555553
2021   274  8  283.1822222222222
2021   274  9  283.29777777777775
2021   274  10  284.10555555555555
2021   274  11  284.1977777777778
2021   274  12  286.10165184243965
2021   274  13  282.7
2021   274  14  281.3122222222222
2021   274  15  277.20666666666665
2021   274  16  276.62111111111113
2021   274  17  276.1588888888889
2021   274  18  279.95666666666665
2021   274  19  278.20666666666665
2021   274  20  278.94666666666666
2021   274  21  280.24555555555554
2021   274  22  282.5
2021   274  22  283.07424071991
2021   274  23  281.39444444444445
2021   275  0  287.2988888888889
2021   275  1  281.27
2021   275  2  279.8488888888889
2021   275  3  274.84
2021   275  4  270.6777777777778
2021   275  5  271.19444444444446
2021   275  6  270.98555555555555
2021   275  7  271.09444444444443
2021   275  8  274.2477777777778
2021   275  9  275.4822222222222
2021   275  10  275.8988888888889
2021   275  11  276.67333333333335
2021   275  12  276.856416772554
2021   275  13  275.7211111111111
2021   275  14  268.83666666666664
2021   275  15  265.4766666666667
2021   275  16  269.74666666666667
2021   275  17  273.3666666666667
2021   275  18  274.5733333333333
2021   275  19  277.1533333333333
2021   275  20  278.0966666666667
2021   275  21  276.06666666666666
2021   275  22  275.7
2021   275  22  275.5275590551181
2021   275  23  278.0566666666667
2021   276  0  276.06333333333333
2021   276  1  274.8722222222222
2021   276  2  274.91
2021   276  3  279.1166666666667
2021   276  4  275.54
2021   276  5  280.9222222222222
2021   276  6  284.32
2021   276  7  281.93
2021   276  8  286.6988888888889
2021   276  9  292.73555555555555
2021   276  10  299.43555555555554
2021   276  11  291.5233333333333
2021   276  12  293.2566709021601
2021   276  13  294.8466666666667
2021   276  14  299.97777777777776
2021   276  15  305.75111111111113
2021   276  16  306.47333333333336
2021   276  17  306.01222222222225
2021   276  18  303.8466666666667
2021   276  19  301.0077777777778
2021   276  20  297.1911111111111
2021   276  21  291.89222222222224
2021   276  22  289.0
2021   276  22  286.4251968503937
2021   276  23  275.4145728643216
2021   277  10  269.0450450450451
2021   277  11  265.2033333333333
2021   277  12  260.002541296061
2021   277  13  260.09444444444443
2021   277  14  259.60333333333335
2021   277  15  260.1922222222222
2021   277  16  259.2866666666667
2021   277  17  267.3077777777778
2021   277  18  269.5188888888889
2021   277  19  269.5933333333333
2021   277  20  270.2111111111111
2021   277  21  266.9222222222222
2021   277  22  265.1
2021   277  22  266.43055555555554
2021   277  23  271.34
2021   278  0  267.58
2021   278  1  271.0888888888889
2021   278  2  292.90555555555557
2021   278  3  311.28222222222223
2021   278  4  313.2388888888889
2021   278  5  320.82
2021   278  6  310.89666666666665
2021   278  7  302.6622222222222
2021   278  8  293.9611111111111
2021   278  9  288.6166666666667
2021   278  10  294.09222222222223
2021   278  11  275.4922222222222
2021   278  12  266.14866581956795
2021   278  13  268.1411111111111
2021   278  14  268.50344827586207
2021   279  22  269.74915635545557
2021   279  23  264.6311111111111
2021   280  0  264.94
2021   280  1  263.3622222222222
2021   280  2  263.08666666666664
2021   280  3  270.8066666666667
2021   280  4  272.0177777777778
2021   280  5  273.14444444444445
2021   280  6  273.00111111111113
2021   280  7  274.1333333333333
2021   280  8  277.24888888888887
2021   280  9  272.9788888888889
2021   280  10  275.02222222222224
2021   280  11  270.88666666666666
2021   280  12  274.5425667090216
2021   280  13  277.31111111111113
2021   280  14  271.0366666666667
2021   280  15  289.2633333333333
2021   280  16  291.59777777777776
2021   280  17  291.67555555555555
2021   280  18  295.15555555555557
2021   280  19  297.02777777777777
2021   280  20  302.49555555555554
2021   280  21  318.0422222222222
2021   280  22  327.0
2021   280  22  327.384701912261
2021   280  23  350.50111111111113
2021   281  0  351.87444444444446
2021   281  1  348.9577777777778
2021   281  2  348.09899888765295
2021   281  3  350.7888888888889
2021   281  4  357.5466666666667
2021   281  5  354.46222222222224
2021   281  6  370.9511111111111
2021   281  7  390.27444444444444
2021   281  8  390.8666666666667
2021   281  9  383.78444444444443
2021   281  10  382.22444444444443
2021   281  11  386.37111111111113
2021   281  12  387.3880407124682
2021   281  13  395.93888888888887
2021   281  14  389.86555555555555
2021   281  15  390.53333333333336
2021   281  16  389.14
2021   281  17  392.44555555555553
2021   281  18  381.2888888888889
2021   281  19  371.96666666666664
2021   281  20  354.47444444444443
2021   281  21  352.25666666666666
2021   281  22  354.27272727272725
2021   281  22  351.7567567567568
2021   281  23  348.6744444444444
2021   282  0  352.6777777777778
2021   282  1  350.5111111111111
2021   282  2  352.1622222222222
2021   282  3  355.04
2021   282  4  361.3722222222222
2021   282  5  357.29555555555555
2021   282  6  361.44
2021   282  7  366.76222222222225
2021   282  8  368.17333333333335
2021   282  9  398.71222222222224
2021   282  10  400.27444444444444
2021   282  11  388.96666666666664
2021   282  12  416.15521628498726
2021   282  13  450.32
2021   282  14  453.1611111111111
2021   282  15  446.8611111111111
2021   282  16  454.52777777777777
2021   282  17  459.36555555555555
2021   282  18  461.95
2021   282  19  446.34222222222223
2021   282  20  444.99555555555554
2021   282  21  439.48333333333335
2021   282  22  435.8181818181818
2021   282  22  425.0867117117117
2021   282  23  424.64444444444445
2021   283  0  426.05333333333334
2021   283  1  424.22444444444443
2021   283  2  421.2088888888889
2021   283  3  418.2611111111111
2021   283  4  412.50444444444446
2021   283  5  405.3988888888889
2021   283  6  399.84
2021   283  7  393.7311111111111
2021   283  8  386.6188888888889
2021   283  9  387.31111111111113
2021   283  10  390.27555555555557
2021   283  11  384.4511111111111
2021   283  12  382.8994910941476
2021   283  13  388.9688888888889
2021   283  14  389.1911111111111
2021   283  15  385.6566666666667
2021   283  16  372.82444444444445
2021   283  17  378.50888888888886
2021   283  18  385.35777777777776
2021   283  19  389.4766666666667
2021   283  20  388.37666666666667
2021   283  21  390.7633333333333
2021   283  22  390.8181818181818
2021   284  22  359.9065315315315
2021   284  23  352.4633333333333
2021   285  0  354.8377777777778
2021   285  1  354.1933333333333
2021   285  2  356.1711111111111
2021   285  3  363.7388888888889
2021   285  4  353.65444444444444
2021   285  5  357.97777777777776
2021   285  6  360.89444444444445
2021   285  7  361.7888888888889
2021   285  8  370.93888888888887
2021   285  9  370.78777777777776
2021   285  10  366.71777777777777
2021   285  11  365.25555555555553
2021   285  12  366.34942820838626
2021   285  13  363.8233333333333
2021   285  14  362.15
2021   285  15  353.36
2021   285  16  366.76444444444445
2021   285  17  362.46222222222224
2021   285  18  363.2911111111111
2021   285  19  367.7017892644135
2021   285  20  355.49333333333334
2021   285  21  357.1566666666667
2021   285  22  361.05263157894734
2021   285  22  351.23636363636365
2021   285  23  364.1511111111111
2021   286  0  370.09431345353676
2021   286  5  353.6167557932264
2021   286  6  350.4011111111111
2021   286  7  344.1666666666667
2021   286  8  346.8933333333333
2021   286  9  350.8522222222222
2021   286  10  348.0511111111111
2021   286  11  345.72
2021   286  12  345.1722222222222
2021   286  13  344.9122222222222
2021   286  14  356.75111111111113
2021   286  15  363.06444444444446
2021   286  16  334.47444444444443
2021   286  17  326.2611111111111
2021   286  18  327.2676056338028
2021   286  22  332.1774193548387
2021   286  23  335.1977777777778
2021   287  0  336.96666666666664
2021   287  1  333.81333333333333
2021   287  2  338.05555555555554
2021   287  3  337.8677777777778
2021   287  4  341.1766666666667
2021   287  5  334.7133333333333
2021   287  6  329.52
2021   287  7  325.56666666666666
2021   287  8  324.41
2021   287  9  322.0877777777778
2021   287  10  319.20222222222225
2021   287  11  316.8411111111111
2021   287  12  314.135959339263
2021   287  13  310.72
2021   287  14  303.81555555555553
2021   287  15  311.73
2021   287  16  307.91555555555556
2021   287  17  306.51
2021   287  18  305.49111111111114
2021   287  19  306.53
2021   287  20  312.3077777777778
2021   287  21  304.67555555555555
2021   287  22  304.3636363636364
2021   287  22  291.2939189189189
2021   287  23  303.81333333333333
2021   288  0  303.0111111111111
2021   288  1  311.66555555555556
2021   288  2  306.78222222222223
2021   288  3  297.73555555555555
2021   288  4  295.1933333333333
2021   288  5  296.4288888888889
2021   288  6  291.7655555555556
2021   288  7  295.41
2021   288  8  302.26
2021   288  9  305.7422222222222
2021   288  10  311.4511111111111
2021   288  11  325.00333333333333
2021   288  12  330.1778907242694
2021   288  13  344.45666666666665
2021   288  14  341.09777777777776
2021   288  15  340.39
2021   288  16  323.03444444444443
2021   288  17  314.28333333333336
2021   288  18  324.87333333333333
2021   288  19  331.0077777777778
2021   288  20  320.48777777777775
2021   288  21  311.8622222222222
2021   288  22  313.90909090909093
2021   288  22  328.4155405405405
2021   288  23  344.4266666666667
2021   289  0  333.68444444444447
2021   289  1  327.8433333333333
2021   289  2  337.5311111111111
2021   289  3  329.19
2021   289  4  327.90444444444444
2021   289  5  321.6122222222222
2021   289  6  330.6988888888889
2021   289  7  329.2944444444444
2021   289  8  325.7633333333333
2021   289  9  324.96666666666664
2021   289  10  321.9188888888889
2021   289  11  318.0411111111111
2021   289  12  320.7916137229987
2021   289  13  324.8411111111111
2021   289  14  321.4788888888889
2021   289  15  323.56888888888886
2021   289  16  332.4122222222222
2021   289  17  329.71222222222224
2021   289  18  329.0577777777778
2021   289  19  330.73555555555555
2021   289  20  333.44444444444446
2021   289  21  322.3511111111111
2021   289  22  322.09090909090907
2021   289  22  324.0934684684685
2021   289  23  320.64444444444445
2021   290  0  322.1877777777778
2021   290  1  320.68666666666667
2021   290  2  327.6177777777778
2021   290  3  336.56666666666666
2021   290  4  351.0711111111111
2021   290  5  347.68
2021   290  6  351.22333333333336
2021   290  7  346.68444444444447
2021   290  8  346.23333333333335
2021   290  9  338.3011111111111
2021   290  10  337.16777777777776
2021   290  11  338.01
2021   290  12  348.06607369758575
2021   290  13  349.74555555555554
2021   290  14  341.1822222222222
2021   290  15  340.82444444444445
2021   290  16  345.59
2021   290  17  334.19
2021   290  18  341.9222222222222
2021   290  19  328.9766666666667
2021   290  20  348.1122222222222
2021   290  21  359.9111111111111
2021   290  22  378.09090909090907
2021   291  22  380.661036036036
2021   291  23  395.2922222222222
2021   292  0  409.2733333333333
2021   292  1  407.92333333333335
2021   292  2  422.4588888888889
2021   292  3  469.99666666666667
2021   292  4  479.1877777777778
2021   292  5  468.4222222222222
2021   292  6  477.54777777777775
2021   292  7  482.6533333333333
2021   292  8  485.94666666666666
2021   292  9  506.52666666666664
2021   292  10  519.9881780250348
2021   292  11  519.3100252737995
2021   292  12  539.6213468869123
2021   292  13  578.1911111111111
2021   292  14  604.2833333333333
2021   292  15  616.5444685466377
2021   292  22  596.2173423423424
2021   292  23  589.53
2021   293  0  571.2677777777777
2021   293  1  573.3055555555555
2021   293  2  584.6522222222222
2021   293  3  561.1544444444445
2021   293  4  551.0277777777778
2021   293  5  543.6022222222222
2021   293  6  559.0422222222222
2021   293  7  547.0066666666667
2021   293  8  548.6466666666666
2021   293  9  547.4277777777778
2021   293  10  540.8444444444444
2021   293  11  543.5081967213115
2021   293  22  564.7086167800453
2021   293  23  577.0311111111112
2021   294  0  571.4311111111111
2021   294  1  562.0422222222222
2021   294  2  557.24
2021   294  3  565.6633333333333
2021   294  4  559.8255555555555
2021   294  5  554.5788888888889
2021   294  6  539.8066666666666
2021   294  7  530.2133333333334
2021   294  8  517.2256097560976
2021   294  22  455.18110236220474
2021   294  23  458.5811111111111
2021   295  0  462.7911111111111
2021   295  1  459.0466666666667
2021   295  2  449.74333333333334
2021   295  3  444.56
2021   295  4  447.0155555555556
2021   295  5  441.2633333333333
2021   295  6  425.22777777777776
2021   295  7  415.44666666666666
2021   295  8  414.0444444444444
2021   295  9  418.68333333333334
2021   295  10  424.5677777777778
2021   295  11  427.2688888888889
2021   295  12  430.81575603557815
2021   295  13  427.9166666666667
2021   295  14  424.1222222222222
2021   295  15  419.98333333333335
2021   295  16  386.1588888888889
2021   295  17  370.0177777777778
2021   295  18  376.8333333333333
2021   295  19  366.61555555555555
2021   295  20  366.94
2021   295  21  383.7688888888889
2021   295  22  380.4
2021   295  22  393.9673790776153
2021   295  23  405.99
2021   296  0  410.6222222222222
2021   296  1  430.7033333333333
2021   296  2  426.19555555555553
2021   296  3  416.25
2021   296  4  423.7211111111111
2021   296  5  425.47
2021   296  6  429.23555555555555
2021   296  7  437.2988888888889
2021   296  8  415.57444444444445
2021   296  9  401.5566666666667
2021   296  10  396.43111111111114
2021   296  11  388.4422222222222
2021   296  12  404.00127064803047
2021   296  13  412.81555555555553
2021   296  14  395.8988888888889
2021   296  15  411.8066666666667
2021   296  16  407.43666666666667
2021   296  17  404.8411111111111
2021   296  18  393.6166666666667
2021   296  19  395.1188888888889
2021   296  20  386.48333333333335
2021   296  21  375.8211111111111
2021   296  22  372.9
2021   296  22  370.10011248593923
2021   296  23  369.5366666666667
2021   297  0  369.15
2021   297  1  367.62333333333333
2021   297  2  352.6166666666667
2021   297  3  347.8544444444444
2021   297  4  350.70444444444445
2021   297  5  352.85333333333335
2021   297  6  354.03555555555556
2021   297  7  343.95666666666665
2021   297  8  341.81888888888886
2021   297  9  337.93888888888887
2021   297  10  339.32
2021   297  11  339.1922222222222
2021   297  12  346.2960609911055
2021   297  13  342.8277777777778
2021   297  14  334.91777777777776
2021   297  15  366.65777777777777
2021   297  16  372.35333333333335
2021   297  17  373.99333333333334
2021   297  18  370.50666666666666
2021   297  19  355.1488888888889
2021   297  20  398.01444444444445
2021   297  21  423.3722222222222
2021   297  22  434.2
2021   297  22  425.8548931383577
2021   297  23  435.63442211055275
2021   298  4  468.87784679089026
2021   298  5  492.8877777777778
2021   298  6  480.64222222222224
2021   298  7  474.79
2021   298  8  468.48333333333335
2021   298  9  454.55
2021   298  10  458.5422222222222
2021   298  11  453.6622222222222
2021   298  12  437.95679796696317
2021   298  13  436.0466666666667
2021   298  14  452.27777777777777
2021   298  15  465.62111111111113
2021   298  16  464.01222222222225
2021   298  17  440.6644444444444
2021   298  18  429.64
2021   298  19  424.56666666666666
2021   298  20  419.23777777777775
2021   298  21  420.8022222222222
2021   298  22  414.6
2021   298  22  412.9201349831271
2021   298  23  410.28777777777776
2021   299  0  394.1822222222222
2021   299  1  390.24333333333334
2021   299  2  385.6433333333333
2021   299  3  378.22777777777776
2021   299  4  376.6611111111111
2021   299  5  371.90777777777777
2021   299  6  370.96777777777777
2021   299  7  369.2088888888889
2021   299  8  364.15444444444444
2021   299  9  360.6644444444444
2021   299  10  355.83666666666664
2021   299  11  353.6222222222222
2021   299  12  351.83608640406607
2021   299  13  358.1044444444444
2021   299  14  367.3677777777778
2021   299  15  353.77222222222224
2021   299  16  348.9161290322581
