2021   1  0  447.0
2021   1  1  465.0
2021   1  2  473.0
2021   1  3  472.0
2021   1  4  481.0
2021   1  5  501.0
2021   1  6  497.0
2021   1  7  493.0
2021   1  8  490.0
2021   1  9  498.0
2021   1  10  491.0
2021   1  11  498.0
2021   1  12  493.0
2021   1  13  500.0
2021   1  14  499.0
2021   1  15  516.0
2021   1  16  517.0
2021   1  17  512.0
2021   1  18  506.0
2021   1  19  521.0
2021   1  20  486.0
2021   1  21  490.0
2021   1  22  480.0
2021   1  23  469.0
2021   2  0  468.0
2021   2  1  466.0
2021   2  2  470.0
2021   2  3  464.0
2021   2  4  456.0
2021   2  5  458.0
2021   2  6  458.0
2021   2  7  452.0
2021   2  8  451.0
2021   2  9  448.0
2021   2  10  444.0
2021   2  11  441.0
2021   2  12  442.0
2021   2  13  438.0
2021   2  14  435.0
2021   2  15  433.0
2021   2  16  432.0
2021   2  17  442.0
2021   2  18  437.0
2021   2  19  435.0
2021   2  20  423.0
2021   2  21  432.0
2021   2  22  423.0
2021   2  23  436.0
2021   3  0  423.0
2021   3  1  425.0
2021   3  2  418.0
2021   3  3  419.0
2021   3  4  399.0
2021   3  5  400.0
2021   3  6  404.0
2021   3  7  405.0
2021   3  8  400.0
2021   3  9  404.0
2021   3  10  398.0
2021   3  11  398.0
2021   3  12  397.0
2021   3  13  395.0
2021   3  14  385.0
2021   3  15  379.0
2021   3  16  386.0
2021   3  17  385.0
2021   3  18  388.0
2021   3  19  396.0
2021   3  20  382.0
2021   3  21  378.0
2021   3  22  379.0
2021   3  23  376.0
2021   4  0  378.0
2021   4  1  373.0
2021   4  2  354.0
2021   4  3  375.0
2021   4  4  375.0
2021   4  5  368.0
2021   4  6  360.0
2021   4  7  394.0
2021   4  8  370.0
2021   4  9  369.0
2021   4  10  375.0
2021   4  11  359.0
2021   4  12  352.0
2021   4  13  365.0
2021   4  14  339.0
2021   4  15  330.0
2021   4  16  330.0
2021   4  17  327.0
2021   4  18  326.0
2021   4  19  325.0
2021   4  20  321.0
2021   4  21  326.0
2021   4  22  324.0
2021   4  23  332.0
2021   5  0  325.0
2021   5  1  325.0
2021   5  2  329.0
2021   5  3  340.0
2021   5  4  339.0
2021   5  5  338.0
2021   5  6  341.0
2021   5  7  338.0
2021   5  8  355.0
2021   5  9  353.0
2021   5  10  354.0
2021   5  11  356.0
2021   5  12  356.0
2021   5  13  360.0
2021   5  14  366.0
2021   5  15  362.0
2021   5  16  358.0
2021   5  17  359.0
2021   5  18  360.0
2021   5  19  371.0
2021   5  20  368.0
2021   5  21  369.0
2021   5  22  367.0
2021   5  23  367.0
2021   6  0  365.0
2021   6  1  359.0
2021   6  2  355.0
2021   6  3  353.0
2021   6  4  353.0
2021   6  5  359.0
2021   6  6  357.0
2021   6  7  348.0
2021   6  8  347.0
2021   6  9  351.0
2021   6  10  346.0
2021   6  11  341.0
2021   6  12  336.0
2021   6  13  334.0
2021   6  14  329.0
2021   6  15  331.0
2021   6  16  329.0
2021   6  17  324.0
2021   6  18  324.0
2021   6  19  318.0
2021   6  20  318.0
2021   6  21  325.0
2021   6  22  327.0
2021   6  23  327.0
2021   7  0  327.0
2021   7  1  329.0
2021   7  2  331.0
2021   7  3  334.0
2021   7  4  337.0
2021   7  5  340.0
2021   7  6  339.0
2021   7  7  336.0
2021   7  8  333.0
2021   7  9  332.0
2021   7  10  325.0
2021   7  11  330.0
2021   7  12  326.0
2021   7  13  321.0
2021   7  14  320.0
2021   7  15  322.0
2021   7  16  331.0
2021   7  17  329.0
2021   7  18  326.0
2021   7  19  324.0
2021   7  20  337.0
2021   7  21  350.0
2021   7  22  357.0
2021   7  23  357.0
2021   8  0  343.0
2021   8  1  341.0
2021   8  2  335.0
2021   8  3  346.0
2021   8  4  347.0
2021   8  5  356.0
2021   8  6  375.0
2021   8  7  381.0
2021   8  8  387.0
2021   8  9  377.0
2021   9  2  374.0
2021   9  3  376.0
2021   9  4  360.0
2021   9  17  331.0
2021   9  18  322.0
2021   9  19  317.0
2021   9  20  307.0
2021   10  14  318.0
2021   10  15  315.0
2021   10  16  312.0
2021   11  20  290.0
2021   11  21  289.0
2021   11  22  288.0
2021   11  23  287.0
2021   12  0  283.0
2021   12  1  284.0
2021   12  2  282.0
2021   12  3  284.0
2021   12  4  283.0
2021   12  5  289.0
2021   12  6  290.0
2021   12  7  291.0
2021   12  8  296.0
2021   12  9  304.0
2021   12  10  319.0
2021   12  11  311.0
2021   12  12  319.0
2021   12  13  333.0
2021   12  14  333.0
2021   12  15  322.0
2021   12  16  321.0
2021   12  17  316.0
2021   12  18  316.0
2021   12  19  326.0
2021   12  20  341.0
2021   12  21  338.0
2021   12  22  331.0
2021   12  23  351.0
2021   13  0  343.0
2021   13  1  342.0
2021   13  2  347.0
2021   13  3  354.0
2021   13  4  363.0
2021   13  5  392.0
2021   13  6  400.0
2021   13  7  407.0
2021   13  8  408.0
2021   13  9  419.0
2021   13  10  414.0
2021   13  11  412.0
2021   13  12  417.0
2021   13  13  422.0
2021   13  14  417.0
2021   13  15  401.0
2021   13  16  396.0
2021   13  17  385.0
2021   13  18  400.0
2021   13  19  396.0
2021   13  20  390.0
2021   13  21  394.0
2021   13  22  402.0
2021   13  23  396.0
2021   14  0  389.0
2021   14  1  392.0
2021   14  2  393.0
2021   14  3  379.0
2021   14  4  388.0
2021   14  5  390.0
2021   14  6  373.0
2021   14  7  387.0
2021   14  8  384.0
2021   14  9  380.0
2021   14  10  385.0
2021   14  11  383.0
2021   14  12  384.0
2021   14  13  391.0
2021   14  14  397.0
2021   14  15  407.0
2021   14  16  399.0
2021   14  17  391.0
2021   14  18  399.0
2021   14  19  407.0
2021   14  20  399.0
2021   14  21  387.0
2021   14  22  396.0
2021   14  23  385.0
2021   15  0  384.0
2021   15  1  382.0
2021   15  2  376.0
2021   15  3  359.0
2021   15  4  367.0
2021   15  5  388.0
2021   15  6  391.0
2021   15  7  398.0
2021   15  8  392.0
2021   15  9  393.0
2021   15  10  393.0
2021   15  11  375.0
2021   15  12  393.0
2021   15  13  386.0
2021   15  14  384.0
2021   15  15  394.0
2021   15  16  394.0
2021   15  17  384.0
2021   15  18  374.0
2021   15  19  374.0
2021   15  20  367.0
2021   15  21  380.0
2021   15  22  383.0
2021   15  23  386.0
2021   16  0  401.0
2021   16  1  404.0
2021   16  2  402.0
2021   16  3  394.0
2021   16  4  376.0
2021   16  5  365.0
2021   16  6  375.0
2021   16  7  393.0
2021   16  8  395.0
2021   16  9  387.0
2021   16  10  381.0
2021   16  11  397.0
2021   16  12  414.0
2021   16  13  412.0
2021   16  14  397.0
2021   16  15  403.0
2021   16  16  402.0
2021   16  17  407.0
2021   16  18  398.0
2021   16  19  390.0
2021   16  20  383.0
2021   16  21  383.0
2021   16  22  382.0
2021   16  23  360.0
2021   17  0  367.0
2021   17  1  365.0
2021   17  2  367.0
2021   17  3  368.0
2021   17  4  371.0
2021   17  5  370.0
2021   17  6  372.0
2021   17  7  367.0
2021   17  8  349.0
2021   17  9  350.0
2021   17  10  362.0
2021   17  11  347.0
2021   17  12  355.0
2021   17  13  355.0
2021   17  14  354.0
2021   17  15  352.0
2021   17  16  347.0
2021   17  17  345.0
2021   17  18  367.0
2021   17  19  381.0
2021   17  20  368.0
2021   17  21  360.0
2021   17  22  375.0
2021   17  23  383.0
2021   18  0  372.0
2021   18  1  383.0
2021   18  2  385.0
2021   18  3  379.0
2021   18  4  378.0
2021   18  5  377.0
2021   18  6  371.0
2021   18  7  350.0
2021   18  8  355.0
2021   18  9  353.0
2021   18  10  347.0
2021   18  11  346.0
2021   18  12  346.0
2021   18  13  343.0
2021   18  14  340.0
2021   18  15  347.0
2021   18  16  373.0
2021   18  17  363.0
2021   18  18  361.0
2021   18  19  358.0
2021   18  20  355.0
2021   18  21  364.0
2021   18  22  357.0
2021   18  23  357.0
2021   19  0  343.0
2021   19  1  337.0
2021   19  2  346.0
2021   19  3  346.0
2021   19  4  345.0
2021   19  5  346.0
2021   19  6  346.0
2021   19  7  350.0
2021   19  8  341.0
2021   19  9  346.0
2021   19  10  356.0
2021   19  11  352.0
2021   19  12  352.0
2021   19  13  352.0
2021   19  14  355.0
2021   19  15  348.0
2021   19  16  343.0
2021   19  17  331.0
2021   19  18  333.0
2021   19  19  348.0
2021   19  20  360.0
2021   19  21  356.0
2021   19  22  347.0
2021   19  23  351.0
2021   20  0  355.0
2021   20  1  364.0
2021   20  2  361.0
2021   20  3  368.0
2021   20  4  390.0
2021   20  5  427.0
2021   20  6  449.0
2021   20  7  443.0
2021   20  8  456.0
2021   20  9  484.0
2021   20  10  490.0
2021   20  11  515.0
2021   20  12  526.0
2021   20  13  530.0
2021   20  14  545.0
2021   20  15  539.0
2021   20  16  541.0
2021   20  17  546.0
2021   20  18  540.0
2021   20  19  575.0
2021   20  20  564.0
2021   20  21  566.0
2021   20  22  569.0
2021   20  23  562.0
2021   21  0  570.0
2021   21  1  586.0
2021   21  2  567.0
2021   21  3  559.0
2021   21  4  552.0
2021   21  5  551.0
2021   21  6  551.0
2021   21  7  548.0
2021   21  8  537.0
2021   21  9  540.0
2021   21  10  537.0
2021   21  11  540.0
2021   21  12  528.0
2021   21  13  536.0
2021   21  14  530.0
2021   21  15  532.0
2021   21  16  517.0
2021   21  17  513.0
2021   21  18  523.0
2021   21  19  539.0
2021   21  20  525.0
2021   21  21  514.0
2021   21  22  511.0
2021   21  23  520.0
2021   22  0  521.0
2021   22  1  485.0
2021   22  2  498.0
2021   22  3  467.0
2021   22  4  501.0
2021   22  5  520.0
2021   22  6  499.0
2021   22  7  480.0
2021   22  8  462.0
2021   22  9  479.0
2021   22  10  459.0
2021   22  11  442.0
2021   22  12  446.0
2021   22  13  463.0
2021   22  14  453.0
2021   22  15  445.0
2021   22  16  448.0
2021   22  17  445.0
2021   22  18  438.0
2021   22  19  445.0
2021   22  20  426.0
2021   22  21  433.0
2021   22  22  432.0
2021   22  23  441.0
2021   23  0  441.0
2021   23  1  436.0
2021   23  2  432.0
2021   23  3  434.0
2021   23  4  430.0
2021   23  5  438.0
2021   23  6  423.0
2021   23  7  420.0
2021   23  8  410.0
2021   23  9  410.0
2021   23  10  397.0
2021   23  11  403.0
2021   23  12  405.0
2021   23  13  397.0
2021   23  14  397.0
2021   23  15  412.0
2021   23  16  409.0
2021   23  17  401.0
2021   23  18  396.0
2021   23  19  389.0
2021   23  20  382.0
2021   23  21  380.0
2021   23  22  381.0
2021   23  23  386.0
2021   24  0  380.0
2021   24  1  373.0
2021   24  2  371.0
2021   24  3  369.0
2021   24  4  364.0
2021   24  5  363.0
2021   24  6  363.0
2021   24  7  359.0
2021   24  8  356.0
2021   24  9  352.0
2021   24  10  345.0
2021   24  11  338.0
2021   24  12  350.0
2021   24  13  361.0
2021   24  14  354.0
2021   24  15  352.0
2021   24  16  356.0
2021   24  17  354.0
2021   24  18  362.0
2021   24  19  367.0
2021   24  20  348.0
2021   24  21  347.0
2021   24  22  344.0
2021   24  23  340.0
2021   25  0  357.0
2021   25  1  358.0
2021   25  2  357.0
2021   25  3  342.0
2021   25  4  338.0
2021   25  5  347.0
2021   25  6  338.0
2021   25  7  327.0
2021   25  8  328.0
2021   25  9  330.0
2021   25  10  329.0
2021   25  11  327.0
2021   25  12  320.0
2021   25  13  320.0
2021   25  14  318.0
2021   25  15  308.0
2021   25  16  309.0
2021   25  17  315.0
2021   25  18  327.0
2021   25  19  326.0
2021   25  20  322.0
2021   25  21  321.0
2021   25  22  323.0
2021   25  23  322.0
2021   26  0  319.0
2021   26  1  313.0
2021   26  2  310.0
2021   26  3  297.0
2021   26  4  296.0
2021   26  5  317.0
2021   26  6  341.0
2021   26  7  338.0
2021   26  8  334.0
2021   26  9  353.0
2021   26  10  339.0
2021   26  11  347.0
2021   26  12  338.0
2021   26  13  335.0
2021   26  14  328.0
2021   26  15  321.0
2021   26  16  312.0
2021   26  17  316.0
2021   26  18  321.0
2021   26  19  307.0
2021   26  20  305.0
2021   26  21  295.0
2021   26  22  297.0
2021   26  23  297.0
2021   27  0  302.0
2021   27  1  300.0
2021   27  2  301.0
2021   27  3  321.0
2021   27  4  310.0
2021   27  5  312.0
2021   27  6  309.0
2021   27  7  310.0
2021   27  8  315.0
2021   27  9  320.0
2021   27  10  320.0
2021   27  11  320.0
2021   27  12  318.0
2021   27  13  313.0
2021   27  14  317.0
2021   27  15  313.0
2021   27  16  315.0
2021   27  17  322.0
2021   27  18  316.0
2021   27  19  312.0
2021   27  20  311.0
2021   27  21  315.0
2021   27  22  316.0
2021   27  23  313.0
2021   28  0  308.0
2021   28  1  304.0
2021   28  2  304.0
2021   28  3  301.0
2021   28  4  304.0
2021   28  5  303.0
2021   28  6  295.0
2021   28  7  300.0
2021   28  8  293.0
2021   28  9  294.0
2021   28  10  297.0
2021   28  11  293.0
2021   28  12  296.0
2021   28  13  297.0
2021   28  14  304.0
2021   28  15  310.0
2021   28  16  306.0
2021   28  17  302.0
2021   28  18  299.0
2021   28  19  297.0
2021   28  20  303.0
2021   28  21  305.0
2021   28  22  306.0
2021   28  23  300.0
2021   29  0  306.0
2021   29  1  310.0
2021   29  2  304.0
2021   29  3  316.0
2021   29  4  321.0
2021   29  5  321.0
2021   29  6  316.0
2021   29  7  311.0
2021   29  8  313.0
2021   29  9  307.0
2021   29  10  310.0
2021   29  11  322.0
2021   29  12  313.0
2021   29  13  310.0
2021   29  14  314.0
2021   29  15  330.0
2021   29  16  340.0
2021   29  17  350.0
2021   29  18  368.0
2021   29  19  371.0
2021   29  20  385.0
2021   29  21  385.0
2021   29  22  396.0
2021   29  23  390.0
2021   30  0  377.0
2021   30  1  376.0
2021   30  2  384.0
2021   30  3  392.0
2021   30  4  398.0
2021   30  5  396.0
2021   30  6  407.0
2021   30  7  421.0
2021   30  8  443.0
2021   30  9  461.0
2021   30  10  460.0
2021   30  11  455.0
2021   30  12  480.0
2021   30  13  464.0
2021   30  14  460.0
2021   30  15  445.0
2021   30  16  438.0
2021   30  17  436.0
2021   30  18  447.0
2021   30  19  459.0
2021   30  20  482.0
2021   30  21  481.0
2021   30  22  467.0
2021   30  23  471.0
2021   31  0  469.0
2021   31  1  454.0
2021   31  2  448.0
2021   31  3  449.0
2021   31  4  454.0
2021   31  5  459.0
2021   31  6  452.0
2021   31  7  451.0
2021   31  8  438.0
2021   31  9  439.0
2021   31  10  451.0
2021   31  11  428.0
2021   31  12  417.0
2021   31  13  420.0
2021   31  14  420.0
2021   31  15  423.0
2021   31  16  428.0
2021   31  17  410.0
2021   31  18  420.0
2021   31  19  403.0
2021   31  20  395.0
2021   31  21  392.0
2021   31  22  402.0
2021   31  23  407.0
2021   32  0  400.0
2021   32  1  417.0
2021   32  2  420.0
2021   32  3  438.0
2021   32  4  433.0
2021   32  5  429.0
2021   32  6  417.0
2021   32  7  406.0
2021   32  8  422.0
2021   32  9  433.0
2021   32  10  433.0
2021   32  11  424.0
2021   32  12  417.0
2021   32  13  404.0
2021   32  14  405.0
2021   32  15  402.0
2021   32  16  400.0
2021   32  17  413.0
2021   32  18  402.0
2021   32  19  378.0
2021   32  20  368.0
2021   32  21  364.0
2021   32  22  353.0
2021   32  23  352.0
2021   33  0  347.0
2021   33  1  345.0
2021   33  2  344.0
2021   33  3  345.0
2021   33  4  352.0
2021   33  5  357.0
2021   33  6  349.0
2021   33  7  343.0
2021   33  8  337.0
2021   33  9  341.0
2021   33  10  344.0
2021   33  11  355.0
2021   33  12  360.0
2021   33  13  349.0
2021   33  14  346.0
2021   33  15  354.0
2021   33  16  365.0
2021   33  17  377.0
2021   33  18  389.0
2021   33  19  419.0
2021   33  20  453.0
2021   33  21  486.0
2021   33  22  506.0
2021   33  23  521.0
2021   34  0  508.0
2021   34  1  528.0
2021   34  2  514.0
2021   34  3  513.0
2021   34  4  502.0
2021   34  5  489.0
2021   34  6  536.0
2021   34  7  555.0
2021   34  8  558.0
2021   34  9  571.0
2021   34  10  548.0
2021   34  11  541.0
2021   34  12  553.0
2021   34  13  544.0
2021   34  14  516.0
2021   34  15  513.0
2021   34  16  525.0
2021   34  17  522.0
2021   34  18  521.0
2021   34  19  516.0
2021   34  20  526.0
2021   34  21  510.0
2021   34  22  507.0
2021   34  23  497.0
2021   35  0  490.0
2021   35  1  490.0
2021   35  2  504.0
2021   35  3  490.0
2021   35  4  475.0
2021   35  5  470.0
2021   35  6  461.0
2021   35  7  460.0
2021   35  8  448.0
2021   35  9  466.0
2021   35  10  495.0
2021   35  11  463.0
2021   35  12  446.0
2021   35  13  435.0
2021   35  14  431.0
2021   35  15  426.0
2021   35  16  422.0
2021   35  17  416.0
2021   35  18  416.0
2021   35  19  419.0
2021   35  20  418.0
2021   35  21  413.0
2021   35  22  429.0
2021   35  23  417.0
2021   36  0  397.0
2021   36  1  397.0
2021   36  2  395.0
2021   36  3  381.0
2021   36  4  382.0
2021   36  5  399.0
2021   36  6  374.0
2021   36  7  396.0
2021   36  8  400.0
2021   36  9  402.0
2021   36  10  397.0
2021   36  11  389.0
2021   36  12  378.0
2021   36  13  384.0
2021   36  14  399.0
2021   36  15  390.0
2021   36  16  390.0
2021   36  17  379.0
2021   36  18  375.0
2021   36  19  373.0
2021   36  20  370.0
2021   36  21  377.0
2021   36  22  390.0
2021   36  23  389.0
2021   37  0  388.0
2021   37  1  384.0
2021   37  2  381.0
2021   37  3  374.0
2021   37  4  383.0
2021   37  5  373.0
2021   37  6  361.0
2021   37  7  370.0
2021   37  8  363.0
2021   37  9  359.0
2021   37  10  357.0
2021   37  11  352.0
2021   37  12  350.0
2021   37  13  351.0
2021   37  14  345.0
2021   37  15  339.0
2021   37  16  336.0
2021   37  17  337.0
2021   37  18  337.0
2021   37  19  333.0
2021   37  20  332.0
2021   37  21  329.0
2021   37  22  327.0
2021   37  23  324.0
2021   38  0  321.0
2021   38  1  323.0
2021   38  2  319.0
2021   38  3  320.0
2021   38  4  317.0
2021   38  5  315.0
2021   38  6  319.0
2021   38  7  307.0
2021   38  8  303.0
2021   38  9  310.0
2021   38  10  317.0
2021   38  11  321.0
2021   38  12  323.0
2021   38  13  321.0
2021   38  14  318.0
2021   38  15  323.0
2021   38  16  321.0
2021   38  17  324.0
2021   38  18  322.0
2021   38  19  323.0
2021   38  20  317.0
2021   38  21  318.0
2021   38  22  315.0
2021   38  23  314.0
2021   39  0  313.0
2021   39  1  307.0
2021   39  2  312.0
2021   39  3  310.0
2021   39  4  308.0
2021   39  5  309.0
2021   39  6  309.0
2021   39  7  310.0
2021   39  8  311.0
2021   39  9  313.0
2021   39  10  309.0
2021   39  11  312.0
2021   39  12  312.0
2021   39  13  312.0
2021   39  14  309.0
2021   39  15  313.0
2021   39  16  311.0
2021   39  17  309.0
2021   39  18  309.0
2021   39  19  303.0
2021   39  20  300.0
2021   39  21  307.0
2021   39  22  309.0
2021   39  23  306.0
2021   40  0  315.0
2021   40  1  314.0
2021   40  2  314.0
2021   40  3  320.0
2021   40  4  324.0
2021   40  5  321.0
2021   40  6  314.0
2021   40  7  319.0
2021   40  8  325.0
2021   40  9  330.0
2021   40  10  331.0
2021   40  11  347.0
2021   40  12  353.0
2021   40  13  350.0
2021   40  14  352.0
2021   40  15  345.0
2021   40  16  344.0
2021   40  17  346.0
2021   40  18  347.0
2021   40  19  348.0
2021   40  20  351.0
2021   40  21  351.0
2021   40  22  357.0
2021   40  23  355.0
2021   41  0  361.0
2021   41  1  360.0
2021   41  2  368.0
2021   41  3  376.0
2021   41  4  384.0
2021   41  5  392.0
2021   41  6  398.0
2021   41  7  389.0
2021   41  8  383.0
2021   41  9  378.0
2021   41  10  366.0
2021   41  11  369.0
2021   41  12  375.0
2021   41  13  371.0
2021   41  14  353.0
2021   41  15  343.0
2021   41  16  337.0
2021   41  17  338.0
2021   41  18  340.0
2021   41  19  334.0
2021   41  20  333.0
2021   41  21  338.0
2021   41  22  341.0
2021   41  23  339.0
2021   42  0  341.0
2021   42  1  334.0
2021   42  2  335.0
2021   42  3  330.0
2021   42  4  329.0
2021   42  5  328.0
2021   42  6  327.0
2021   42  7  326.0
2021   42  8  325.0
2021   42  9  322.0
2021   42  10  315.0
2021   42  11  312.0
2021   42  12  311.0
2021   42  13  323.0
2021   42  14  337.0
2021   42  15  339.0
2021   42  16  332.0
2021   42  17  338.0
2021   42  18  334.0
2021   42  19  334.0
2021   42  20  332.0
2021   42  21  332.0
2021   42  22  337.0
2021   42  23  333.0
2021   43  0  329.0
2021   43  1  328.0
2021   43  2  327.0
2021   43  3  324.0
2021   43  4  321.0
2021   43  5  316.0
2021   43  6  310.0
2021   43  7  308.0
2021   43  8  306.0
2021   43  9  305.0
2021   43  10  315.0
2021   43  11  313.0
2021   43  12  315.0
2021   43  13  317.0
2021   43  14  323.0
2021   43  15  318.0
2021   43  16  318.0
2021   43  17  324.0
2021   43  18  319.0
2021   43  19  318.0
2021   43  20  324.0
2021   43  21  319.0
2021   43  22  310.0
2021   43  23  311.0
2021   44  0  313.0
2021   44  1  322.0
2021   44  2  323.0
2021   44  3  317.0
2021   44  4  316.0
2021   44  5  329.0
2021   44  6  336.0
2021   44  7  335.0
2021   44  8  334.0
2021   44  9  329.0
2021   44  10  325.0
2021   44  11  321.0
2021   44  12  320.0
2021   44  13  318.0
2021   44  14  321.0
2021   44  15  317.0
2021   44  16  319.0
2021   44  17  324.0
2021   44  18  326.0
2021   44  19  318.0
2021   44  20  310.0
2021   44  21  306.0
2021   44  22  302.0
2021   44  23  314.0
2021   45  0  318.0
2021   45  1  324.0
2021   45  2  324.0
2021   45  3  323.0
2021   45  4  318.0
2021   45  5  313.0
2021   45  6  306.0
2021   45  7  311.0
2021   45  8  313.0
2021   45  9  314.0
2021   45  10  317.0
2021   45  11  312.0
2021   45  12  313.0
2021   45  13  313.0
2021   45  14  314.0
2021   45  15  317.0
2021   45  16  322.0
2021   45  17  322.0
2021   45  18  312.0
2021   45  19  314.0
2021   45  20  309.0
2021   45  21  305.0
2021   45  22  316.0
2021   45  23  324.0
2021   46  0  330.0
2021   46  1  336.0
2021   46  2  339.0
2021   46  3  340.0
2021   46  4  349.0
2021   46  5  346.0
2021   46  6  345.0
2021   46  7  354.0
2021   46  8  353.0
2021   46  9  349.0
2021   46  10  355.0
2021   46  11  363.0
2021   46  12  367.0
2021   46  13  369.0
2021   46  14  367.0
2021   46  15  363.0
2021   46  16  359.0
2021   46  17  346.0
2021   46  18  339.0
2021   46  19  337.0
2021   46  20  340.0
2021   46  21  347.0
2021   46  22  337.0
2021   46  23  330.0
2021   47  0  334.0
2021   47  1  339.0
2021   47  2  341.0
2021   47  3  347.0
2021   47  4  343.0
2021   47  5  344.0
2021   47  6  354.0
2021   47  7  352.0
2021   47  8  360.0
2021   47  9  369.0
2021   47  10  395.0
2021   47  11  412.0
2021   47  12  429.0
2021   47  13  447.0
2021   47  14  451.0
2021   47  15  459.0
2021   47  16  458.0
2021   47  17  452.0
2021   47  18  445.0
2021   47  19  453.0
2021   47  20  480.0
2021   47  21  530.0
2021   47  22  535.0
2021   47  23  566.0
2021   48  0  568.0
2021   48  1  555.0
2021   48  2  567.0
2021   48  3  564.0
2021   48  4  570.0
2021   48  5  557.0
2021   48  6  557.0
2021   48  7  556.0
2021   48  8  569.0
2021   48  9  560.0
2021   48  10  582.0
2021   48  11  568.0
2021   48  12  594.0
2021   48  13  602.0
2021   48  14  590.0
2021   48  15  591.0
2021   48  16  583.0
2021   48  17  564.0
2021   48  18  603.0
2021   48  19  596.0
2021   48  20  597.0
2021   48  21  584.0
2021   48  22  563.0
2021   48  23  560.0
2021   49  0  566.0
2021   49  1  575.0
2021   49  2  554.0
2021   49  3  574.0
2021   49  4  576.0
2021   49  5  560.0
2021   49  6  564.0
2021   49  7  564.0
2021   49  8  565.0
2021   49  9  555.0
2021   49  10  576.0
2021   49  11  571.0
2021   49  12  565.0
2021   49  13  547.0
2021   49  14  543.0
2021   49  15  539.0
2021   49  16  535.0
2021   49  17  531.0
2021   49  18  547.0
2021   49  19  519.0
2021   49  20  515.0
2021   49  21  521.0
2021   49  22  532.0
2021   49  23  498.0
2021   50  0  498.0
2021   50  1  499.0
2021   50  2  514.0
2021   50  3  520.0
2021   50  4  516.0
2021   50  5  519.0
2021   50  6  507.0
2021   50  7  500.0
2021   50  8  487.0
2021   50  9  486.0
2021   50  10  471.0
2021   50  11  469.0
2021   50  12  467.0
2021   50  13  477.0
2021   50  14  475.0
2021   50  15  483.0
2021   50  16  479.0
2021   50  17  489.0
2021   50  18  476.0
2021   50  19  482.0
2021   50  20  470.0
2021   50  21  456.0
2021   50  22  450.0
2021   50  23  454.0
2021   51  0  467.0
2021   51  1  458.0
2021   51  2  459.0
2021   51  3  443.0
2021   51  4  442.0
2021   51  5  437.0
2021   51  6  432.0
2021   51  7  430.0
2021   51  8  425.0
2021   51  9  417.0
2021   51  10  420.0
2021   51  11  427.0
2021   51  12  423.0
2021   51  13  421.0
2021   51  14  417.0
2021   51  15  419.0
2021   51  16  414.0
2021   51  17  415.0
2021   51  18  405.0
2021   51  19  400.0
2021   51  20  400.0
2021   51  21  396.0
2021   51  22  392.0
2021   51  23  388.0
2021   52  0  387.0
2021   52  1  388.0
2021   52  2  387.0
2021   52  3  386.0
2021   52  4  382.0
2021   52  5  376.0
2021   52  6  376.0
2021   52  7  376.0
2021   52  8  377.0
2021   52  9  376.0
2021   52  10  375.0
2021   52  11  369.0
2021   52  12  367.0
2021   52  13  359.0
2021   52  14  351.0
2021   52  15  346.0
2021   52  16  343.0
2021   52  17  353.0
2021   52  18  360.0
2021   52  19  359.0
2021   52  20  360.0
2021   52  21  358.0
2021   52  22  347.0
2021   52  23  337.0
2021   53  0  333.0
2021   53  1  336.0
2021   53  2  332.0
2021   53  3  326.0
2021   53  4  332.0
2021   53  5  332.0
2021   53  6  331.0
2021   53  7  330.0
2021   53  8  330.0
2021   53  9  331.0
2021   53  10  334.0
2021   53  11  328.0
2021   53  12  333.0
2021   53  13  332.0
2021   53  14  324.0
2021   53  15  323.0
2021   53  16  319.0
2021   53  17  312.0
2021   53  18  314.0
2021   53  19  310.0
2021   53  20  308.0
2021   53  21  307.0
2021   53  22  305.0
2021   53  23  302.0
2021   54  0  298.0
2021   54  1  294.0
2021   54  2  293.0
2021   54  3  300.0
2021   54  4  305.0
2021   54  5  308.0
2021   54  6  311.0
2021   54  7  328.0
2021   54  8  335.0
2021   54  9  339.0
2021   54  10  363.0
2021   54  11  411.0
2021   54  12  419.0
2021   54  13  434.0
2021   54  14  447.0
2021   54  15  448.0
2021   54  16  455.0
2021   54  17  452.0
2021   54  18  446.0
2021   54  19  432.0
2021   54  20  426.0
2021   54  21  427.0
2021   54  22  420.0
2021   54  23  422.0
2021   55  0  424.0
2021   55  1  423.0
2021   55  2  428.0
2021   55  3  447.0
2021   55  4  446.0
2021   55  5  445.0
2021   55  6  453.0
2021   55  7  449.0
2021   55  8  443.0
2021   55  9  439.0
2021   55  10  433.0
2021   55  11  429.0
2021   55  12  427.0
2021   55  13  426.0
2021   55  14  431.0
2021   55  15  423.0
2021   55  16  420.0
2021   55  17  414.0
2021   55  18  404.0
2021   55  19  402.0
2021   55  20  398.0
2021   55  21  394.0
2021   55  22  392.0
2021   55  23  406.0
2021   56  0  392.0
2021   56  1  384.0
2021   56  2  381.0
2021   56  3  380.0
2021   56  4  379.0
2021   56  5  377.0
2021   56  6  394.0
2021   56  7  387.0
2021   56  8  384.0
2021   56  9  378.0
2021   56  10  371.0
2021   56  11  375.0
2021   56  12  389.0
2021   56  13  384.0
2021   56  14  388.0
2021   56  15  379.0
2021   56  16  383.0
2021   56  17  395.0
2021   56  18  396.0
2021   56  19  406.0
2021   56  20  423.0
2021   56  21  414.0
2021   56  22  436.0
2021   56  23  454.0
2021   57  0  478.0
2021   57  1  471.0
2021   57  2  478.0
2021   57  3  476.0
2021   57  4  451.0
2021   57  5  476.0
2021   57  6  515.0
2021   57  7  524.0
2021   57  8  499.0
2021   57  9  478.0
2021   57  10  471.0
2021   57  11  473.0
2021   57  12  492.0
2021   57  13  487.0
2021   57  14  485.0
2021   57  15  461.0
2021   57  16  456.0
2021   57  17  463.0
2021   57  18  449.0
2021   57  19  448.0
2021   57  20  443.0
2021   57  21  458.0
2021   57  22  453.0
2021   57  23  455.0
2021   58  0  456.0
2021   58  1  445.0
2021   58  2  441.0
2021   58  3  453.0
2021   58  4  453.0
2021   58  5  441.0
2021   58  6  435.0
2021   58  7  424.0
2021   58  8  419.0
2021   58  9  411.0
2021   58  10  399.0
2021   58  11  398.0
2021   58  12  399.0
2021   58  13  401.0
2021   58  14  409.0
2021   58  15  405.0
2021   58  16  408.0
2021   58  17  398.0
2021   58  18  398.0
2021   58  19  397.0
2021   58  20  396.0
2021   58  21  400.0
2021   58  22  394.0
2021   58  23  389.0
2021   59  0  383.0
2021   59  1  378.0
2021   59  2  372.0
2021   59  3  371.0
2021   59  4  367.0
2021   59  5  367.0
2021   59  6  387.0
2021   59  7  396.0
2021   59  8  407.0
2021   59  9  406.0
2021   59  10  403.0
2021   59  11  401.0
2021   59  12  401.0
2021   59  13  401.0
2021   59  14  417.0
2021   59  15  437.0
2021   59  16  444.0
2021   59  17  431.0
2021   59  18  427.0
2021   59  19  422.0
2021   59  20  430.0
2021   59  21  435.0
2021   59  22  437.0
2021   59  23  424.0
